{"C:\\UserFiles\\Projects\\Js\\EventRequest\\test.js":{"path":"C:\\UserFiles\\Projects\\Js\\EventRequest\\test.js","s":{"1":1,"2":1,"3":1,"4":1,"5":1,"6":1,"7":1,"8":1,"9":1,"10":1,"11":1,"12":1,"13":1,"14":1,"15":1,"16":1,"17":1,"18":1,"19":1},"b":{},"f":{},"fnMap":{},"statementMap":{"1":{"start":{"line":3,"column":0},"end":{"line":3,"column":57}},"2":{"start":{"line":4,"column":0},"end":{"line":4,"column":53}},"3":{"start":{"line":5,"column":0},"end":{"line":5,"column":36}},"4":{"start":{"line":7,"column":0},"end":{"line":23,"column":2}},"5":{"start":{"line":8,"column":1},"end":{"line":8,"column":25}},"6":{"start":{"line":9,"column":1},"end":{"line":9,"column":28}},"7":{"start":{"line":10,"column":1},"end":{"line":10,"column":31}},"8":{"start":{"line":11,"column":1},"end":{"line":11,"column":27}},"9":{"start":{"line":12,"column":1},"end":{"line":12,"column":25}},"10":{"start":{"line":13,"column":1},"end":{"line":13,"column":27}},"11":{"start":{"line":14,"column":1},"end":{"line":14,"column":27}},"12":{"start":{"line":15,"column":1},"end":{"line":15,"column":30}},"13":{"start":{"line":16,"column":1},"end":{"line":16,"column":27}},"14":{"start":{"line":17,"column":1},"end":{"line":17,"column":26}},"15":{"start":{"line":18,"column":1},"end":{"line":18,"column":27}},"16":{"start":{"line":19,"column":1},"end":{"line":19,"column":31}},"17":{"start":{"line":20,"column":1},"end":{"line":20,"column":30}},"18":{"start":{"line":22,"column":1},"end":{"line":22,"column":15}},"19":{"start":{"line":25,"column":0},"end":{"line":25,"column":13}}},"branchMap":{}},"C:\\UserFiles\\Projects\\Js\\EventRequest\\server\\tester\\tester.js":{"path":"C:\\UserFiles\\Projects\\Js\\EventRequest\\server\\tester\\tester.js","s":{"1":1,"2":1,"3":1,"4":1,"5":1,"6":1,"7":1,"8":2,"9":1,"10":1,"11":1,"12":1,"13":1,"14":1,"15":1,"16":1,"17":1,"18":1,"19":1,"20":1,"21":1,"22":1,"23":1,"24":1,"25":1,"26":1,"27":0,"28":0,"29":0,"30":0,"31":0,"32":0,"33":0,"34":0,"35":0,"36":0,"37":1,"38":0,"39":549,"40":0,"41":549,"42":549,"43":0,"44":549,"45":0,"46":549,"47":549,"48":72,"49":72,"50":1238,"51":1238,"52":1238,"53":1238,"54":1238,"55":1238,"56":1238,"57":20,"58":0,"59":0,"60":1238,"61":1238,"62":477,"63":549,"64":549,"65":1715,"66":1715,"67":1715,"68":0,"69":0,"70":0,"71":0,"72":0,"73":0,"74":0,"75":0,"76":0,"77":0,"78":0,"79":0,"80":0,"81":1,"82":1,"83":1,"84":1,"85":1,"86":1,"87":1,"88":1,"89":1,"90":1715,"91":0,"92":1715,"93":0,"94":1715,"95":1715,"96":1715,"97":0,"98":0,"99":0,"100":0,"101":0,"102":0,"103":1715,"104":1716,"105":1716,"106":1,"107":1,"108":1715,"109":0,"110":0,"111":1715,"112":1715,"113":1715,"114":0,"115":0,"116":1715,"117":1715,"118":1715,"119":1715,"120":1715,"121":1715,"122":3,"123":0,"124":0,"125":0,"126":0,"127":0,"128":1,"129":1,"130":1,"131":0,"132":1,"133":1,"134":1},"b":{"1":[0,1],"2":[0,1],"3":[0,1],"4":[0,1],"5":[0,1],"6":[0,1],"7":[0,0,0,0,0],"8":[0,1],"9":[0,549],"10":[549,549,549],"11":[0,549],"12":[0,549],"13":[72,477],"14":[20,1218],"15":[0,0],"16":[0,0],"17":[0,0],"18":[0,1],"19":[0,1715],"20":[1715,1715],"21":[0,1715],"22":[0,0,1715],"23":[1,1715],"24":[1716,1716],"25":[0,1715],"26":[1715,0],"27":[0,1715],"28":[3,1712],"29":[0,0],"30":[0,0],"31":[0,1]},"f":{"1":2,"2":1,"3":549,"4":549,"5":1715,"6":0,"7":1,"8":1715,"9":1715,"10":1716,"11":1},"fnMap":{"1":{"name":"(anonymous_1)","line":34,"loc":{"start":{"line":34,"column":12},"end":{"line":35,"column":1}}},"2":{"name":"(anonymous_2)","line":48,"loc":{"start":{"line":48,"column":11},"end":{"line":49,"column":1}}},"3":{"name":"(anonymous_3)","line":126,"loc":{"start":{"line":126,"column":11},"end":{"line":127,"column":1}}},"4":{"name":"(anonymous_4)","line":187,"loc":{"start":{"line":187,"column":8},"end":{"line":188,"column":1}}},"5":{"name":"(anonymous_5)","line":199,"loc":{"start":{"line":199,"column":16},"end":{"line":200,"column":1}}},"6":{"name":"(anonymous_6)","line":212,"loc":{"start":{"line":212,"column":14},"end":{"line":213,"column":1}}},"7":{"name":"(anonymous_7)","line":241,"loc":{"start":{"line":241,"column":9},"end":{"line":242,"column":1}}},"8":{"name":"(anonymous_8)","line":267,"loc":{"start":{"line":267,"column":13},"end":{"line":268,"column":1}}},"9":{"name":"(anonymous_9)","line":288,"loc":{"start":{"line":288,"column":16},"end":{"line":289,"column":1}}},"10":{"name":"(anonymous_10)","line":312,"loc":{"start":{"line":312,"column":5},"end":{"line":313,"column":1}}},"11":{"name":"(anonymous_11)","line":377,"loc":{"start":{"line":377,"column":12},"end":{"line":378,"column":1}}}},"statementMap":{"1":{"start":{"line":4,"column":0},"end":{"line":4,"column":38}},"2":{"start":{"line":5,"column":0},"end":{"line":5,"column":69}},"3":{"start":{"line":6,"column":0},"end":{"line":6,"column":37}},"4":{"start":{"line":7,"column":0},"end":{"line":7,"column":40}},"5":{"start":{"line":12,"column":0},"end":{"line":18,"column":2}},"6":{"start":{"line":20,"column":0},"end":{"line":25,"column":2}},"7":{"start":{"line":27,"column":0},"end":{"line":27,"column":45}},"8":{"start":{"line":36,"column":2},"end":{"line":36,"column":18}},"9":{"start":{"line":50,"column":2},"end":{"line":50,"column":21}},"10":{"start":{"line":51,"column":2},"end":{"line":51,"column":23}},"11":{"start":{"line":52,"column":2},"end":{"line":52,"column":21}},"12":{"start":{"line":53,"column":2},"end":{"line":53,"column":24}},"13":{"start":{"line":54,"column":2},"end":{"line":54,"column":26}},"14":{"start":{"line":55,"column":2},"end":{"line":72,"column":5}},"15":{"start":{"line":73,"column":2},"end":{"line":73,"column":29}},"16":{"start":{"line":74,"column":2},"end":{"line":74,"column":103}},"17":{"start":{"line":75,"column":2},"end":{"line":75,"column":77}},"18":{"start":{"line":76,"column":2},"end":{"line":76,"column":80}},"19":{"start":{"line":77,"column":2},"end":{"line":77,"column":79}},"20":{"start":{"line":78,"column":2},"end":{"line":80,"column":4}},"21":{"start":{"line":79,"column":3},"end":{"line":79,"column":31}},"22":{"start":{"line":81,"column":2},"end":{"line":81,"column":22}},"23":{"start":{"line":82,"column":2},"end":{"line":82,"column":19}},"24":{"start":{"line":83,"column":2},"end":{"line":83,"column":27}},"25":{"start":{"line":85,"column":2},"end":{"line":85,"column":39}},"26":{"start":{"line":87,"column":2},"end":{"line":110,"column":3}},"27":{"start":{"line":89,"column":3},"end":{"line":109,"column":4}},"28":{"start":{"line":92,"column":5},"end":{"line":92,"column":42}},"29":{"start":{"line":93,"column":5},"end":{"line":93,"column":11}},"30":{"start":{"line":96,"column":5},"end":{"line":96,"column":24}},"31":{"start":{"line":97,"column":5},"end":{"line":97,"column":11}},"32":{"start":{"line":100,"column":5},"end":{"line":100,"column":23}},"33":{"start":{"line":101,"column":5},"end":{"line":101,"column":11}},"34":{"start":{"line":104,"column":5},"end":{"line":104,"column":57}},"35":{"start":{"line":105,"column":5},"end":{"line":105,"column":11}},"36":{"start":{"line":108,"column":5},"end":{"line":108,"column":11}},"37":{"start":{"line":112,"column":2},"end":{"line":116,"column":3}},"38":{"start":{"line":115,"column":3},"end":{"line":115,"column":50}},"39":{"start":{"line":128,"column":2},"end":{"line":129,"column":46}},"40":{"start":{"line":129,"column":3},"end":{"line":129,"column":46}},"41":{"start":{"line":131,"column":2},"end":{"line":131,"column":17}},"42":{"start":{"line":133,"column":2},"end":{"line":140,"column":39}},"43":{"start":{"line":134,"column":3},"end":{"line":134,"column":39}},"44":{"start":{"line":136,"column":7},"end":{"line":140,"column":39}},"45":{"start":{"line":137,"column":3},"end":{"line":137,"column":42}},"46":{"start":{"line":140,"column":3},"end":{"line":140,"column":39}},"47":{"start":{"line":142,"column":2},"end":{"line":175,"column":3}},"48":{"start":{"line":144,"column":3},"end":{"line":144,"column":13}},"49":{"start":{"line":146,"column":3},"end":{"line":170,"column":4}},"50":{"start":{"line":148,"column":4},"end":{"line":148,"column":23}},"51":{"start":{"line":150,"column":4},"end":{"line":150,"column":45}},"52":{"start":{"line":151,"column":4},"end":{"line":151,"column":33}},"53":{"start":{"line":153,"column":4},"end":{"line":165,"column":6}},"54":{"start":{"line":154,"column":5},"end":{"line":154,"column":43}},"55":{"start":{"line":155,"column":5},"end":{"line":155,"column":55}},"56":{"start":{"line":157,"column":5},"end":{"line":164,"column":6}},"57":{"start":{"line":159,"column":6},"end":{"line":163,"column":9}},"58":{"start":{"line":160,"column":7},"end":{"line":162,"column":10}},"59":{"start":{"line":161,"column":8},"end":{"line":161,"column":22}},"60":{"start":{"line":167,"column":4},"end":{"line":167,"column":26}},"61":{"start":{"line":169,"column":4},"end":{"line":169,"column":9}},"62":{"start":{"line":174,"column":3},"end":{"line":174,"column":22}},"63":{"start":{"line":177,"column":2},"end":{"line":177,"column":15}},"64":{"start":{"line":189,"column":2},"end":{"line":189,"column":60}},"65":{"start":{"line":201,"column":2},"end":{"line":201,"column":38}},"66":{"start":{"line":202,"column":2},"end":{"line":202,"column":30}},"67":{"start":{"line":203,"column":2},"end":{"line":203,"column":65}},"68":{"start":{"line":214,"column":2},"end":{"line":221,"column":3}},"69":{"start":{"line":216,"column":3},"end":{"line":220,"column":26}},"70":{"start":{"line":217,"column":4},"end":{"line":217,"column":24}},"71":{"start":{"line":220,"column":4},"end":{"line":220,"column":26}},"72":{"start":{"line":223,"column":2},"end":{"line":223,"column":37}},"73":{"start":{"line":224,"column":2},"end":{"line":224,"column":21}},"74":{"start":{"line":225,"column":2},"end":{"line":225,"column":27}},"75":{"start":{"line":226,"column":2},"end":{"line":226,"column":84}},"76":{"start":{"line":227,"column":2},"end":{"line":227,"column":105}},"77":{"start":{"line":228,"column":2},"end":{"line":228,"column":84}},"78":{"start":{"line":229,"column":2},"end":{"line":233,"column":3}},"79":{"start":{"line":231,"column":3},"end":{"line":231,"column":20}},"80":{"start":{"line":232,"column":3},"end":{"line":232,"column":19}},"81":{"start":{"line":243,"column":2},"end":{"line":243,"column":26}},"82":{"start":{"line":245,"column":2},"end":{"line":245,"column":25}},"83":{"start":{"line":247,"column":2},"end":{"line":247,"column":105}},"84":{"start":{"line":248,"column":2},"end":{"line":248,"column":107}},"85":{"start":{"line":249,"column":2},"end":{"line":249,"column":104}},"86":{"start":{"line":250,"column":2},"end":{"line":250,"column":102}},"87":{"start":{"line":251,"column":2},"end":{"line":251,"column":108}},"88":{"start":{"line":254,"column":2},"end":{"line":256,"column":5}},"89":{"start":{"line":255,"column":3},"end":{"line":255,"column":76}},"90":{"start":{"line":269,"column":2},"end":{"line":270,"column":90}},"91":{"start":{"line":270,"column":3},"end":{"line":270,"column":90}},"92":{"start":{"line":272,"column":2},"end":{"line":276,"column":32}},"93":{"start":{"line":273,"column":3},"end":{"line":273,"column":35}},"94":{"start":{"line":276,"column":3},"end":{"line":276,"column":32}},"95":{"start":{"line":278,"column":2},"end":{"line":278,"column":14}},"96":{"start":{"line":290,"column":2},"end":{"line":304,"column":3}},"97":{"start":{"line":293,"column":4},"end":{"line":293,"column":33}},"98":{"start":{"line":294,"column":4},"end":{"line":294,"column":78}},"99":{"start":{"line":295,"column":4},"end":{"line":295,"column":16}},"100":{"start":{"line":298,"column":4},"end":{"line":298,"column":30}},"101":{"start":{"line":299,"column":4},"end":{"line":299,"column":75}},"102":{"start":{"line":300,"column":4},"end":{"line":300,"column":16}},"103":{"start":{"line":303,"column":4},"end":{"line":303,"column":17}},"104":{"start":{"line":314,"column":2},"end":{"line":314,"column":32}},"105":{"start":{"line":316,"column":2},"end":{"line":320,"column":3}},"106":{"start":{"line":318,"column":3},"end":{"line":318,"column":19}},"107":{"start":{"line":319,"column":3},"end":{"line":319,"column":10}},"108":{"start":{"line":322,"column":2},"end":{"line":326,"column":3}},"109":{"start":{"line":324,"column":3},"end":{"line":324,"column":15}},"110":{"start":{"line":325,"column":3},"end":{"line":325,"column":10}},"111":{"start":{"line":328,"column":2},"end":{"line":328,"column":16}},"112":{"start":{"line":330,"column":2},"end":{"line":330,"column":44}},"113":{"start":{"line":331,"column":2},"end":{"line":335,"column":3}},"114":{"start":{"line":333,"column":3},"end":{"line":333,"column":15}},"115":{"start":{"line":334,"column":3},"end":{"line":334,"column":10}},"116":{"start":{"line":340,"column":2},"end":{"line":342,"column":4}},"117":{"start":{"line":341,"column":3},"end":{"line":341,"column":34}},"118":{"start":{"line":344,"column":2},"end":{"line":365,"column":3}},"119":{"start":{"line":346,"column":3},"end":{"line":346,"column":35}},"120":{"start":{"line":347,"column":3},"end":{"line":347,"column":47}},"121":{"start":{"line":349,"column":3},"end":{"line":356,"column":4}},"122":{"start":{"line":351,"column":4},"end":{"line":355,"column":7}},"123":{"start":{"line":352,"column":5},"end":{"line":354,"column":8}},"124":{"start":{"line":353,"column":6},"end":{"line":353,"column":39}},"125":{"start":{"line":360,"column":3},"end":{"line":364,"column":16}},"126":{"start":{"line":361,"column":4},"end":{"line":361,"column":37}},"127":{"start":{"line":364,"column":4},"end":{"line":364,"column":16}},"128":{"start":{"line":379,"column":2},"end":{"line":379,"column":29}},"129":{"start":{"line":380,"column":2},"end":{"line":380,"column":66}},"130":{"start":{"line":382,"column":2},"end":{"line":383,"column":74}},"131":{"start":{"line":383,"column":3},"end":{"line":383,"column":74}},"132":{"start":{"line":385,"column":2},"end":{"line":385,"column":14}},"133":{"start":{"line":389,"column":0},"end":{"line":389,"column":27}},"134":{"start":{"line":391,"column":0},"end":{"line":399,"column":2}}},"branchMap":{"1":{"line":74,"type":"cond-expr","locations":[{"start":{"line":74,"column":72},"end":{"line":74,"column":95}},{"start":{"line":74,"column":98},"end":{"line":74,"column":102}}]},"2":{"line":75,"type":"cond-expr","locations":[{"start":{"line":75,"column":55},"end":{"line":75,"column":68}},{"start":{"line":75,"column":71},"end":{"line":75,"column":76}}]},"3":{"line":76,"type":"cond-expr","locations":[{"start":{"line":76,"column":57},"end":{"line":76,"column":71}},{"start":{"line":76,"column":74},"end":{"line":76,"column":79}}]},"4":{"line":77,"type":"cond-expr","locations":[{"start":{"line":77,"column":56},"end":{"line":77,"column":70}},{"start":{"line":77,"column":73},"end":{"line":77,"column":78}}]},"5":{"line":78,"type":"cond-expr","locations":[{"start":{"line":78,"column":61},"end":{"line":78,"column":77}},{"start":{"line":78,"column":80},"end":{"line":80,"column":3}}]},"6":{"line":79,"type":"cond-expr","locations":[{"start":{"line":79,"column":23},"end":{"line":79,"column":24}},{"start":{"line":79,"column":27},"end":{"line":79,"column":28}}]},"7":{"line":89,"type":"switch","locations":[{"start":{"line":91,"column":4},"end":{"line":93,"column":11}},{"start":{"line":95,"column":4},"end":{"line":97,"column":11}},{"start":{"line":99,"column":4},"end":{"line":101,"column":11}},{"start":{"line":103,"column":4},"end":{"line":105,"column":11}},{"start":{"line":107,"column":4},"end":{"line":108,"column":11}}]},"8":{"line":112,"type":"if","locations":[{"start":{"line":112,"column":2},"end":{"line":112,"column":2}},{"start":{"line":112,"column":2},"end":{"line":112,"column":2}}]},"9":{"line":128,"type":"if","locations":[{"start":{"line":128,"column":2},"end":{"line":128,"column":2}},{"start":{"line":128,"column":2},"end":{"line":128,"column":2}}]},"10":{"line":128,"type":"binary-expr","locations":[{"start":{"line":128,"column":7},"end":{"line":128,"column":31}},{"start":{"line":128,"column":35},"end":{"line":128,"column":67}},{"start":{"line":128,"column":71},"end":{"line":128,"column":102}}]},"11":{"line":133,"type":"if","locations":[{"start":{"line":133,"column":2},"end":{"line":133,"column":2}},{"start":{"line":133,"column":2},"end":{"line":133,"column":2}}]},"12":{"line":136,"type":"if","locations":[{"start":{"line":136,"column":7},"end":{"line":136,"column":7}},{"start":{"line":136,"column":7},"end":{"line":136,"column":7}}]},"13":{"line":142,"type":"if","locations":[{"start":{"line":142,"column":2},"end":{"line":142,"column":2}},{"start":{"line":142,"column":2},"end":{"line":142,"column":2}}]},"14":{"line":157,"type":"if","locations":[{"start":{"line":157,"column":5},"end":{"line":157,"column":5}},{"start":{"line":157,"column":5},"end":{"line":157,"column":5}}]},"15":{"line":214,"type":"if","locations":[{"start":{"line":214,"column":2},"end":{"line":214,"column":2}},{"start":{"line":214,"column":2},"end":{"line":214,"column":2}}]},"16":{"line":216,"type":"if","locations":[{"start":{"line":216,"column":3},"end":{"line":216,"column":3}},{"start":{"line":216,"column":3},"end":{"line":216,"column":3}}]},"17":{"line":229,"type":"if","locations":[{"start":{"line":229,"column":2},"end":{"line":229,"column":2}},{"start":{"line":229,"column":2},"end":{"line":229,"column":2}}]},"18":{"line":255,"type":"cond-expr","locations":[{"start":{"line":255,"column":43},"end":{"line":255,"column":65}},{"start":{"line":255,"column":68},"end":{"line":255,"column":73}}]},"19":{"line":269,"type":"if","locations":[{"start":{"line":269,"column":2},"end":{"line":269,"column":2}},{"start":{"line":269,"column":2},"end":{"line":269,"column":2}}]},"20":{"line":269,"type":"binary-expr","locations":[{"start":{"line":269,"column":7},"end":{"line":269,"column":23}},{"start":{"line":269,"column":27},"end":{"line":269,"column":36}}]},"21":{"line":272,"type":"if","locations":[{"start":{"line":272,"column":2},"end":{"line":272,"column":2}},{"start":{"line":272,"column":2},"end":{"line":272,"column":2}}]},"22":{"line":290,"type":"switch","locations":[{"start":{"line":292,"column":3},"end":{"line":295,"column":16}},{"start":{"line":297,"column":3},"end":{"line":300,"column":16}},{"start":{"line":302,"column":3},"end":{"line":303,"column":17}}]},"23":{"line":316,"type":"if","locations":[{"start":{"line":316,"column":2},"end":{"line":316,"column":2}},{"start":{"line":316,"column":2},"end":{"line":316,"column":2}}]},"24":{"line":316,"type":"binary-expr","locations":[{"start":{"line":316,"column":7},"end":{"line":316,"column":16}},{"start":{"line":316,"column":20},"end":{"line":316,"column":38}}]},"25":{"line":322,"type":"if","locations":[{"start":{"line":322,"column":2},"end":{"line":322,"column":2}},{"start":{"line":322,"column":2},"end":{"line":322,"column":2}}]},"26":{"line":322,"type":"binary-expr","locations":[{"start":{"line":322,"column":7},"end":{"line":322,"column":28}},{"start":{"line":322,"column":32},"end":{"line":322,"column":74}}]},"27":{"line":331,"type":"if","locations":[{"start":{"line":331,"column":2},"end":{"line":331,"column":2}},{"start":{"line":331,"column":2},"end":{"line":331,"column":2}}]},"28":{"line":349,"type":"if","locations":[{"start":{"line":349,"column":3},"end":{"line":349,"column":3}},{"start":{"line":349,"column":3},"end":{"line":349,"column":3}}]},"29":{"line":360,"type":"if","locations":[{"start":{"line":360,"column":3},"end":{"line":360,"column":3}},{"start":{"line":360,"column":3},"end":{"line":360,"column":3}}]},"30":{"line":360,"type":"binary-expr","locations":[{"start":{"line":360,"column":8},"end":{"line":360,"column":19}},{"start":{"line":360,"column":23},"end":{"line":360,"column":41}}]},"31":{"line":382,"type":"if","locations":[{"start":{"line":382,"column":2},"end":{"line":382,"column":2}},{"start":{"line":382,"column":2},"end":{"line":382,"column":2}}]}}},"C:\\UserFiles\\Projects\\Js\\EventRequest\\server\\components\\logger\\loggur.js":{"path":"C:\\UserFiles\\Projects\\Js\\EventRequest\\server\\components\\logger\\loggur.js","s":{"1":1,"2":1,"3":1,"4":1,"5":1,"6":1,"7":13,"8":13,"9":13,"10":13,"11":13,"12":13,"13":0,"14":1,"15":7,"16":6,"17":7,"18":6,"19":6,"20":1,"21":3,"22":3,"23":1,"24":2,"25":13,"26":3,"27":2,"28":3,"29":3,"30":3,"31":2,"32":2,"33":2,"34":1,"35":1,"36":1,"37":3,"38":0,"39":0,"40":0,"41":0,"42":0,"43":1},"b":{"1":[13,0],"2":[6,1],"3":[7,7],"4":[6,1],"5":[7,7],"6":[1,2],"7":[2,1],"8":[2,1],"9":[1,0],"10":[0,0],"11":[0,0]},"f":{"1":13,"2":0,"3":1,"4":7,"5":3,"6":13,"7":3,"8":3,"9":0},"fnMap":{"1":{"name":"(anonymous_1)","line":16,"loc":{"start":{"line":16,"column":12},"end":{"line":17,"column":1}}},"2":{"name":"(anonymous_2)","line":37,"loc":{"start":{"line":37,"column":14},"end":{"line":38,"column":1}}},"3":{"name":"(anonymous_3)","line":47,"loc":{"start":{"line":47,"column":15},"end":{"line":48,"column":1}}},"4":{"name":"(anonymous_4)","line":62,"loc":{"start":{"line":62,"column":10},"end":{"line":63,"column":1}}},"5":{"name":"(anonymous_5)","line":85,"loc":{"start":{"line":85,"column":10},"end":{"line":86,"column":1}}},"6":{"name":"(anonymous_6)","line":101,"loc":{"start":{"line":101,"column":13},"end":{"line":102,"column":1}}},"7":{"name":"(anonymous_7)","line":111,"loc":{"start":{"line":111,"column":17},"end":{"line":112,"column":1}}},"8":{"name":"(anonymous_8)","line":129,"loc":{"start":{"line":129,"column":4},"end":{"line":130,"column":1}}},"9":{"name":"(anonymous_9)","line":159,"loc":{"start":{"line":159,"column":12},"end":{"line":160,"column":1}}}},"statementMap":{"1":{"start":{"line":4,"column":0},"end":{"line":4,"column":51}},"2":{"start":{"line":5,"column":0},"end":{"line":5,"column":73}},"3":{"start":{"line":6,"column":0},"end":{"line":6,"column":64}},"4":{"start":{"line":7,"column":0},"end":{"line":7,"column":69}},"5":{"start":{"line":8,"column":0},"end":{"line":8,"column":58}},"6":{"start":{"line":9,"column":0},"end":{"line":9,"column":40}},"7":{"start":{"line":18,"column":2},"end":{"line":18,"column":23}},"8":{"start":{"line":19,"column":2},"end":{"line":19,"column":34}},"9":{"start":{"line":20,"column":2},"end":{"line":20,"column":30}},"10":{"start":{"line":21,"column":2},"end":{"line":21,"column":34}},"11":{"start":{"line":22,"column":2},"end":{"line":24,"column":35}},"12":{"start":{"line":26,"column":2},"end":{"line":29,"column":5}},"13":{"start":{"line":39,"column":2},"end":{"line":39,"column":34}},"14":{"start":{"line":49,"column":2},"end":{"line":49,"column":35}},"15":{"start":{"line":64,"column":2},"end":{"line":65,"column":40}},"16":{"start":{"line":65,"column":3},"end":{"line":65,"column":40}},"17":{"start":{"line":67,"column":2},"end":{"line":71,"column":3}},"18":{"start":{"line":69,"column":3},"end":{"line":69,"column":35}},"19":{"start":{"line":70,"column":3},"end":{"line":70,"column":15}},"20":{"start":{"line":73,"column":2},"end":{"line":73,"column":15}},"21":{"start":{"line":87,"column":2},"end":{"line":87,"column":38}},"22":{"start":{"line":88,"column":2},"end":{"line":89,"column":16}},"23":{"start":{"line":89,"column":3},"end":{"line":89,"column":16}},"24":{"start":{"line":91,"column":2},"end":{"line":91,"column":16}},"25":{"start":{"line":103,"column":2},"end":{"line":103,"column":51}},"26":{"start":{"line":113,"column":2},"end":{"line":119,"column":3}},"27":{"start":{"line":115,"column":3},"end":{"line":118,"column":6}},"28":{"start":{"line":121,"column":2},"end":{"line":121,"column":28}},"29":{"start":{"line":131,"column":2},"end":{"line":131,"column":27}},"30":{"start":{"line":132,"column":2},"end":{"line":147,"column":3}},"31":{"start":{"line":134,"column":3},"end":{"line":138,"column":4}},"32":{"start":{"line":136,"column":4},"end":{"line":136,"column":40}},"33":{"start":{"line":137,"column":4},"end":{"line":137,"column":66}},"34":{"start":{"line":142,"column":3},"end":{"line":146,"column":4}},"35":{"start":{"line":144,"column":4},"end":{"line":144,"column":41}},"36":{"start":{"line":145,"column":4},"end":{"line":145,"column":66}},"37":{"start":{"line":149,"column":2},"end":{"line":149,"column":40}},"38":{"start":{"line":161,"column":2},"end":{"line":170,"column":3}},"39":{"start":{"line":163,"column":3},"end":{"line":164,"column":51}},"40":{"start":{"line":164,"column":4},"end":{"line":164,"column":51}},"41":{"start":{"line":168,"column":3},"end":{"line":169,"column":52}},"42":{"start":{"line":169,"column":4},"end":{"line":169,"column":52}},"43":{"start":{"line":174,"column":0},"end":{"line":182,"column":2}}},"branchMap":{"1":{"line":22,"type":"cond-expr","locations":[{"start":{"line":23,"column":11},"end":{"line":23,"column":19}},{"start":{"line":24,"column":11},"end":{"line":24,"column":34}}]},"2":{"line":64,"type":"if","locations":[{"start":{"line":64,"column":2},"end":{"line":64,"column":2}},{"start":{"line":64,"column":2},"end":{"line":64,"column":2}}]},"3":{"line":64,"type":"binary-expr","locations":[{"start":{"line":64,"column":7},"end":{"line":64,"column":33}},{"start":{"line":64,"column":37},"end":{"line":64,"column":75}}]},"4":{"line":67,"type":"if","locations":[{"start":{"line":67,"column":2},"end":{"line":67,"column":2}},{"start":{"line":67,"column":2},"end":{"line":67,"column":2}}]},"5":{"line":67,"type":"binary-expr","locations":[{"start":{"line":67,"column":7},"end":{"line":67,"column":31}},{"start":{"line":67,"column":35},"end":{"line":67,"column":80}}]},"6":{"line":88,"type":"if","locations":[{"start":{"line":88,"column":2},"end":{"line":88,"column":2}},{"start":{"line":88,"column":2},"end":{"line":88,"column":2}}]},"7":{"line":113,"type":"if","locations":[{"start":{"line":113,"column":2},"end":{"line":113,"column":2}},{"start":{"line":113,"column":2},"end":{"line":113,"column":2}}]},"8":{"line":132,"type":"if","locations":[{"start":{"line":132,"column":2},"end":{"line":132,"column":2}},{"start":{"line":132,"column":2},"end":{"line":132,"column":2}}]},"9":{"line":142,"type":"if","locations":[{"start":{"line":142,"column":3},"end":{"line":142,"column":3}},{"start":{"line":142,"column":3},"end":{"line":142,"column":3}}]},"10":{"line":161,"type":"if","locations":[{"start":{"line":161,"column":2},"end":{"line":161,"column":2}},{"start":{"line":161,"column":2},"end":{"line":161,"column":2}}]},"11":{"line":168,"type":"if","locations":[{"start":{"line":168,"column":3},"end":{"line":168,"column":3}},{"start":{"line":168,"column":3},"end":{"line":168,"column":3}}]}}},"C:\\UserFiles\\Projects\\Js\\EventRequest\\server\\components\\logger\\components\\logger.js":{"path":"C:\\UserFiles\\Projects\\Js\\EventRequest\\server\\components\\logger\\components\\logger.js","s":{"1":1,"2":1,"3":1,"4":1,"5":22,"6":22,"7":0,"8":22,"9":22,"10":22,"11":22,"12":22,"13":22,"14":22,"15":22,"16":22,"17":22,"18":6,"19":22,"20":17,"21":22,"22":22,"23":0,"24":22,"25":0,"26":0,"27":0,"28":0,"29":0,"30":0,"31":0,"32":0,"33":22,"34":118,"35":118,"36":118,"37":118,"38":1728,"39":1728,"40":8,"41":0,"42":8,"43":6,"44":6,"45":2,"46":1739,"47":1,"48":1738,"49":1729,"50":1732,"51":1732,"52":1732,"53":1727,"54":1727,"55":1727,"56":1727,"57":1727,"58":1727,"59":1727,"60":1727,"61":1732,"62":5,"63":5,"64":1732,"65":1},"b":{"1":[22,0],"2":[0,22],"3":[6,16],"4":[8,14],"5":[5,17],"6":[3,19],"7":[1,21],"8":[1,21],"9":[6,16],"10":[22,6],"11":[17,5],"12":[0,22],"13":[0,0],"14":[118,0],"15":[0,8],"16":[6,2],"17":[1,1738],"18":[1727,2],"19":[1727,5],"20":[5,1727]},"f":{"1":22,"2":22,"3":0,"4":22,"5":22,"6":8,"7":1739,"8":1729,"9":1732},"fnMap":{"1":{"name":"(anonymous_1)","line":22,"loc":{"start":{"line":22,"column":12},"end":{"line":23,"column":1}}},"2":{"name":"(anonymous_2)","line":53,"loc":{"start":{"line":53,"column":15},"end":{"line":54,"column":1}}},"3":{"name":"(anonymous_3)","line":105,"loc":{"start":{"line":105,"column":12},"end":{"line":106,"column":1}}},"4":{"name":"(anonymous_4)","line":118,"loc":{"start":{"line":118,"column":29},"end":{"line":119,"column":1}}},"5":{"name":"(anonymous_5)","line":150,"loc":{"start":{"line":150,"column":24},"end":{"line":151,"column":1}}},"6":{"name":"(anonymous_6)","line":175,"loc":{"start":{"line":175,"column":13},"end":{"line":176,"column":1}}},"7":{"name":"(anonymous_7)","line":196,"loc":{"start":{"line":196,"column":9},"end":{"line":197,"column":1}}},"8":{"name":"(anonymous_8)","line":209,"loc":{"start":{"line":209,"column":12},"end":{"line":210,"column":1}}},"9":{"name":"(anonymous_9)","line":225,"loc":{"start":{"line":225,"column":4},"end":{"line":226,"column":1}}}},"statementMap":{"1":{"start":{"line":4,"column":0},"end":{"line":4,"column":62}},"2":{"start":{"line":5,"column":0},"end":{"line":5,"column":58}},"3":{"start":{"line":6,"column":0},"end":{"line":6,"column":47}},"4":{"start":{"line":11,"column":0},"end":{"line":11,"column":49}},"5":{"start":{"line":24,"column":2},"end":{"line":27,"column":5}},"6":{"start":{"line":29,"column":2},"end":{"line":30,"column":59}},"7":{"start":{"line":30,"column":3},"end":{"line":30,"column":59}},"8":{"start":{"line":32,"column":2},"end":{"line":32,"column":33}},"9":{"start":{"line":55,"column":2},"end":{"line":57,"column":18}},"10":{"start":{"line":59,"column":2},"end":{"line":61,"column":37}},"11":{"start":{"line":63,"column":2},"end":{"line":65,"column":23}},"12":{"start":{"line":67,"column":2},"end":{"line":69,"column":18}},"13":{"start":{"line":71,"column":2},"end":{"line":73,"column":17}},"14":{"start":{"line":75,"column":2},"end":{"line":77,"column":29}},"15":{"start":{"line":79,"column":2},"end":{"line":79,"column":27}},"16":{"start":{"line":80,"column":2},"end":{"line":82,"column":15}},"17":{"start":{"line":84,"column":2},"end":{"line":84,"column":90}},"18":{"start":{"line":84,"column":48},"end":{"line":84,"column":86}},"19":{"start":{"line":86,"column":2},"end":{"line":92,"column":3}},"20":{"start":{"line":88,"column":3},"end":{"line":91,"column":8}},"21":{"start":{"line":94,"column":2},"end":{"line":94,"column":33}},"22":{"start":{"line":95,"column":2},"end":{"line":95,"column":38}},"23":{"start":{"line":107,"column":2},"end":{"line":107,"column":27}},"24":{"start":{"line":120,"column":2},"end":{"line":142,"column":3}},"25":{"start":{"line":122,"column":3},"end":{"line":129,"column":6}},"26":{"start":{"line":123,"column":4},"end":{"line":126,"column":7}},"27":{"start":{"line":128,"column":4},"end":{"line":128,"column":65}},"28":{"start":{"line":131,"column":3},"end":{"line":141,"column":6}},"29":{"start":{"line":132,"column":4},"end":{"line":135,"column":7}},"30":{"start":{"line":137,"column":4},"end":{"line":140,"column":7}},"31":{"start":{"line":138,"column":5},"end":{"line":139,"column":24}},"32":{"start":{"line":139,"column":6},"end":{"line":139,"column":24}},"33":{"start":{"line":152,"column":2},"end":{"line":165,"column":3}},"34":{"start":{"line":154,"column":3},"end":{"line":154,"column":40}},"35":{"start":{"line":155,"column":3},"end":{"line":155,"column":83}},"36":{"start":{"line":157,"column":3},"end":{"line":164,"column":4}},"37":{"start":{"line":159,"column":4},"end":{"line":163,"column":6}},"38":{"start":{"line":160,"column":5},"end":{"line":160,"column":51}},"39":{"start":{"line":162,"column":5},"end":{"line":162,"column":28}},"40":{"start":{"line":177,"column":2},"end":{"line":178,"column":24}},"41":{"start":{"line":178,"column":3},"end":{"line":178,"column":24}},"42":{"start":{"line":180,"column":2},"end":{"line":184,"column":3}},"43":{"start":{"line":182,"column":3},"end":{"line":182,"column":37}},"44":{"start":{"line":183,"column":3},"end":{"line":183,"column":15}},"45":{"start":{"line":186,"column":2},"end":{"line":186,"column":15}},"46":{"start":{"line":198,"column":2},"end":{"line":199,"column":16}},"47":{"start":{"line":199,"column":3},"end":{"line":199,"column":16}},"48":{"start":{"line":201,"column":2},"end":{"line":201,"column":41}},"49":{"start":{"line":211,"column":2},"end":{"line":213,"column":19}},"50":{"start":{"line":227,"column":2},"end":{"line":227,"column":50}},"51":{"start":{"line":228,"column":2},"end":{"line":228,"column":29}},"52":{"start":{"line":230,"column":2},"end":{"line":247,"column":3}},"53":{"start":{"line":232,"column":3},"end":{"line":232,"column":41}},"54":{"start":{"line":234,"column":3},"end":{"line":246,"column":6}},"55":{"start":{"line":235,"column":4},"end":{"line":243,"column":7}},"56":{"start":{"line":236,"column":5},"end":{"line":242,"column":8}},"57":{"start":{"line":237,"column":6},"end":{"line":237,"column":52}},"58":{"start":{"line":239,"column":6},"end":{"line":241,"column":25}},"59":{"start":{"line":240,"column":7},"end":{"line":240,"column":17}},"60":{"start":{"line":245,"column":4},"end":{"line":245,"column":41}},"61":{"start":{"line":249,"column":2},"end":{"line":255,"column":3}},"62":{"start":{"line":252,"column":3},"end":{"line":254,"column":7}},"63":{"start":{"line":253,"column":4},"end":{"line":253,"column":14}},"64":{"start":{"line":257,"column":2},"end":{"line":257,"column":42}},"65":{"start":{"line":261,"column":0},"end":{"line":261,"column":24}}},"branchMap":{"1":{"line":26,"type":"cond-expr","locations":[{"start":{"line":26,"column":43},"end":{"line":26,"column":51}},{"start":{"line":26,"column":54},"end":{"line":26,"column":59}}]},"2":{"line":29,"type":"if","locations":[{"start":{"line":29,"column":2},"end":{"line":29,"column":2}},{"start":{"line":29,"column":2},"end":{"line":29,"column":2}}]},"3":{"line":55,"type":"cond-expr","locations":[{"start":{"line":56,"column":12},"end":{"line":56,"column":30}},{"start":{"line":57,"column":12},"end":{"line":57,"column":17}}]},"4":{"line":59,"type":"cond-expr","locations":[{"start":{"line":60,"column":12},"end":{"line":60,"column":28}},{"start":{"line":61,"column":12},"end":{"line":61,"column":36}}]},"5":{"line":63,"type":"cond-expr","locations":[{"start":{"line":64,"column":12},"end":{"line":64,"column":29}},{"start":{"line":65,"column":12},"end":{"line":65,"column":22}}]},"6":{"line":67,"type":"cond-expr","locations":[{"start":{"line":68,"column":12},"end":{"line":68,"column":27}},{"start":{"line":69,"column":12},"end":{"line":69,"column":17}}]},"7":{"line":71,"type":"cond-expr","locations":[{"start":{"line":72,"column":12},"end":{"line":72,"column":32}},{"start":{"line":73,"column":12},"end":{"line":73,"column":16}}]},"8":{"line":75,"type":"cond-expr","locations":[{"start":{"line":76,"column":12},"end":{"line":76,"column":43}},{"start":{"line":77,"column":12},"end":{"line":77,"column":28}}]},"9":{"line":80,"type":"cond-expr","locations":[{"start":{"line":81,"column":12},"end":{"line":81,"column":30}},{"start":{"line":82,"column":12},"end":{"line":82,"column":14}}]},"10":{"line":80,"type":"binary-expr","locations":[{"start":{"line":80,"column":23},"end":{"line":80,"column":61}},{"start":{"line":80,"column":65},"end":{"line":80,"column":100}}]},"11":{"line":86,"type":"if","locations":[{"start":{"line":86,"column":2},"end":{"line":86,"column":2}},{"start":{"line":86,"column":2},"end":{"line":86,"column":2}}]},"12":{"line":120,"type":"if","locations":[{"start":{"line":120,"column":2},"end":{"line":120,"column":2}},{"start":{"line":120,"column":2},"end":{"line":120,"column":2}}]},"13":{"line":138,"type":"if","locations":[{"start":{"line":138,"column":5},"end":{"line":138,"column":5}},{"start":{"line":138,"column":5},"end":{"line":138,"column":5}}]},"14":{"line":157,"type":"if","locations":[{"start":{"line":157,"column":3},"end":{"line":157,"column":3}},{"start":{"line":157,"column":3},"end":{"line":157,"column":3}}]},"15":{"line":177,"type":"if","locations":[{"start":{"line":177,"column":2},"end":{"line":177,"column":2}},{"start":{"line":177,"column":2},"end":{"line":177,"column":2}}]},"16":{"line":180,"type":"if","locations":[{"start":{"line":180,"column":2},"end":{"line":180,"column":2}},{"start":{"line":180,"column":2},"end":{"line":180,"column":2}}]},"17":{"line":198,"type":"if","locations":[{"start":{"line":198,"column":2},"end":{"line":198,"column":2}},{"start":{"line":198,"column":2},"end":{"line":198,"column":2}}]},"18":{"line":211,"type":"cond-expr","locations":[{"start":{"line":212,"column":6},"end":{"line":212,"column":43}},{"start":{"line":213,"column":6},"end":{"line":213,"column":19}}]},"19":{"line":230,"type":"if","locations":[{"start":{"line":230,"column":2},"end":{"line":230,"column":2}},{"start":{"line":230,"column":2},"end":{"line":230,"column":2}}]},"20":{"line":249,"type":"if","locations":[{"start":{"line":249,"column":2},"end":{"line":249,"column":2}},{"start":{"line":249,"column":2},"end":{"line":249,"column":2}}]}}},"C:\\UserFiles\\Projects\\Js\\EventRequest\\server\\components\\logger\\components\\transport_types\\transport.js":{"path":"C:\\UserFiles\\Projects\\Js\\EventRequest\\server\\components\\logger\\components\\transport_types\\transport.js","s":{"1":1,"2":1,"3":48,"4":48,"5":48,"6":48,"7":1,"8":1745,"9":8,"10":1737,"11":3,"12":1734,"13":1,"14":1,"15":1730,"16":1730,"17":1,"18":1,"19":1729,"20":1},"b":{"1":[30,18],"2":[26,22],"3":[8,1737],"4":[3,1734],"5":[1,1729]},"f":{"1":48,"2":48,"3":1,"4":1745,"5":1,"6":1,"7":1730},"fnMap":{"1":{"name":"(anonymous_1)","line":16,"loc":{"start":{"line":16,"column":12},"end":{"line":17,"column":1}}},"2":{"name":"(anonymous_2)","line":28,"loc":{"start":{"line":28,"column":15},"end":{"line":29,"column":1}}},"3":{"name":"(anonymous_3)","line":48,"loc":{"start":{"line":48,"column":19},"end":{"line":49,"column":1}}},"4":{"name":"(anonymous_4)","line":60,"loc":{"start":{"line":60,"column":9},"end":{"line":61,"column":1}}},"5":{"name":"(anonymous_5)","line":78,"loc":{"start":{"line":78,"column":7},"end":{"line":79,"column":1}}},"6":{"name":"(anonymous_6)","line":94,"loc":{"start":{"line":94,"column":5},"end":{"line":95,"column":1}}},"7":{"name":"(anonymous_7)","line":106,"loc":{"start":{"line":106,"column":4},"end":{"line":107,"column":1}}}},"statementMap":{"1":{"start":{"line":4,"column":0},"end":{"line":4,"column":50}},"2":{"start":{"line":9,"column":0},"end":{"line":9,"column":52}},"3":{"start":{"line":18,"column":2},"end":{"line":18,"column":33}},"4":{"start":{"line":30,"column":2},"end":{"line":32,"column":38}},"5":{"start":{"line":34,"column":2},"end":{"line":36,"column":21}},"6":{"start":{"line":38,"column":2},"end":{"line":38,"column":57}},"7":{"start":{"line":50,"column":2},"end":{"line":50,"column":29}},"8":{"start":{"line":62,"column":2},"end":{"line":63,"column":16}},"9":{"start":{"line":63,"column":3},"end":{"line":63,"column":16}},"10":{"start":{"line":65,"column":2},"end":{"line":66,"column":16}},"11":{"start":{"line":66,"column":3},"end":{"line":66,"column":16}},"12":{"start":{"line":68,"column":2},"end":{"line":68,"column":41}},"13":{"start":{"line":80,"column":2},"end":{"line":80,"column":13}},"14":{"start":{"line":96,"column":2},"end":{"line":96,"column":12}},"15":{"start":{"line":108,"column":2},"end":{"line":116,"column":5}},"16":{"start":{"line":109,"column":3},"end":{"line":113,"column":4}},"17":{"start":{"line":111,"column":4},"end":{"line":111,"column":14}},"18":{"start":{"line":112,"column":4},"end":{"line":112,"column":11}},"19":{"start":{"line":115,"column":3},"end":{"line":115,"column":37}},"20":{"start":{"line":120,"column":0},"end":{"line":120,"column":27}}},"branchMap":{"1":{"line":30,"type":"cond-expr","locations":[{"start":{"line":31,"column":10},"end":{"line":31,"column":26}},{"start":{"line":32,"column":10},"end":{"line":32,"column":37}}]},"2":{"line":34,"type":"cond-expr","locations":[{"start":{"line":35,"column":10},"end":{"line":35,"column":27}},{"start":{"line":36,"column":10},"end":{"line":36,"column":20}}]},"3":{"line":62,"type":"if","locations":[{"start":{"line":62,"column":2},"end":{"line":62,"column":2}},{"start":{"line":62,"column":2},"end":{"line":62,"column":2}}]},"4":{"line":65,"type":"if","locations":[{"start":{"line":65,"column":2},"end":{"line":65,"column":2}},{"start":{"line":65,"column":2},"end":{"line":65,"column":2}}]},"5":{"line":109,"type":"if","locations":[{"start":{"line":109,"column":3},"end":{"line":109,"column":3}},{"start":{"line":109,"column":3},"end":{"line":109,"column":3}}]}}},"C:\\UserFiles\\Projects\\Js\\EventRequest\\server\\components\\logger\\components\\log.js":{"path":"C:\\UserFiles\\Projects\\Js\\EventRequest\\server\\components\\logger\\components\\log.js","s":{"1":1,"2":1,"3":1,"4":1,"5":1767,"6":1767,"7":1767,"8":1767,"9":1767,"10":1767,"11":1767,"12":1767,"13":3,"14":4,"15":4,"16":4,"17":4,"18":4,"19":4,"20":4,"21":4,"22":4,"23":4,"24":4,"25":4,"26":4,"27":40,"28":10,"29":30,"30":30,"31":30,"32":30,"33":30,"34":30,"35":4,"36":1767,"37":1767,"38":1767,"39":0,"40":0,"41":1766,"42":1766,"43":0,"44":0,"45":1,"46":1,"47":1767,"48":1767,"49":1767,"50":6935,"51":1731,"52":0,"53":1723,"54":1733,"55":1732,"56":1728,"57":1,"58":3482,"59":1730,"60":0,"61":1730,"62":1752,"63":1768,"64":1},"b":{"1":[3,1764],"2":[10,30],"3":[40,14],"4":[1765,2],"5":[0,1766,0,1],"6":[0,1767],"7":[1730,1752],"8":[0,1730]},"f":{"1":1767,"2":4,"3":1767,"4":6935,"5":1731,"6":0,"7":1723,"8":1733,"9":1732,"10":1728,"11":1,"12":3482,"13":1768},"fnMap":{"1":{"name":"(anonymous_1)","line":29,"loc":{"start":{"line":29,"column":12},"end":{"line":30,"column":1}}},"2":{"name":"(anonymous_2)","line":51,"loc":{"start":{"line":51,"column":21},"end":{"line":52,"column":1}}},"3":{"name":"(anonymous_3)","line":97,"loc":{"start":{"line":97,"column":11},"end":{"line":98,"column":1}}},"4":{"name":"(anonymous_4)","line":132,"loc":{"start":{"line":132,"column":9},"end":{"line":133,"column":1}}},"5":{"name":"(anonymous_5)","line":142,"loc":{"start":{"line":142,"column":11},"end":{"line":143,"column":1}}},"6":{"name":"(anonymous_6)","line":152,"loc":{"start":{"line":152,"column":14},"end":{"line":153,"column":1}}},"7":{"name":"(anonymous_7)","line":162,"loc":{"start":{"line":162,"column":9},"end":{"line":163,"column":1}}},"8":{"name":"(anonymous_8)","line":172,"loc":{"start":{"line":172,"column":13},"end":{"line":173,"column":1}}},"9":{"name":"(anonymous_9)","line":182,"loc":{"start":{"line":182,"column":12},"end":{"line":183,"column":1}}},"10":{"name":"(anonymous_10)","line":192,"loc":{"start":{"line":192,"column":12},"end":{"line":193,"column":1}}},"11":{"name":"(anonymous_11)","line":202,"loc":{"start":{"line":202,"column":9},"end":{"line":203,"column":1}}},"12":{"name":"(anonymous_12)","line":216,"loc":{"start":{"line":216,"column":19},"end":{"line":217,"column":1}}},"13":{"name":"(anonymous_13)","line":234,"loc":{"start":{"line":234,"column":19},"end":{"line":235,"column":1}}}},"statementMap":{"1":{"start":{"line":3,"column":0},"end":{"line":3,"column":31}},"2":{"start":{"line":8,"column":0},"end":{"line":15,"column":2}},"3":{"start":{"line":16,"column":0},"end":{"line":16,"column":44}},"4":{"start":{"line":17,"column":0},"end":{"line":17,"column":69}},"5":{"start":{"line":31,"column":2},"end":{"line":31,"column":18}},"6":{"start":{"line":32,"column":2},"end":{"line":32,"column":20}},"7":{"start":{"line":33,"column":2},"end":{"line":33,"column":23}},"8":{"start":{"line":34,"column":2},"end":{"line":34,"column":21}},"9":{"start":{"line":35,"column":2},"end":{"line":35,"column":21}},"10":{"start":{"line":36,"column":2},"end":{"line":36,"column":22}},"11":{"start":{"line":38,"column":2},"end":{"line":38,"column":39}},"12":{"start":{"line":40,"column":2},"end":{"line":41,"column":39}},"13":{"start":{"line":41,"column":3},"end":{"line":41,"column":39}},"14":{"start":{"line":53,"column":2},"end":{"line":53,"column":19}},"15":{"start":{"line":54,"column":2},"end":{"line":54,"column":18}},"16":{"start":{"line":55,"column":2},"end":{"line":55,"column":79}},"17":{"start":{"line":56,"column":2},"end":{"line":56,"column":23}},"18":{"start":{"line":58,"column":2},"end":{"line":58,"column":41}},"19":{"start":{"line":59,"column":2},"end":{"line":59,"column":23}},"20":{"start":{"line":61,"column":2},"end":{"line":61,"column":23}},"21":{"start":{"line":62,"column":2},"end":{"line":62,"column":29}},"22":{"start":{"line":63,"column":2},"end":{"line":63,"column":28}},"23":{"start":{"line":64,"column":2},"end":{"line":64,"column":29}},"24":{"start":{"line":65,"column":2},"end":{"line":65,"column":23}},"25":{"start":{"line":68,"column":2},"end":{"line":68,"column":21}},"26":{"start":{"line":70,"column":2},"end":{"line":83,"column":5}},"27":{"start":{"line":71,"column":3},"end":{"line":72,"column":11}},"28":{"start":{"line":72,"column":4},"end":{"line":72,"column":11}},"29":{"start":{"line":75,"column":3},"end":{"line":75,"column":20}},"30":{"start":{"line":77,"column":3},"end":{"line":77,"column":42}},"31":{"start":{"line":78,"column":3},"end":{"line":78,"column":53}},"32":{"start":{"line":79,"column":3},"end":{"line":79,"column":32}},"33":{"start":{"line":80,"column":3},"end":{"line":80,"column":21}},"34":{"start":{"line":82,"column":3},"end":{"line":82,"column":24}},"35":{"start":{"line":85,"column":2},"end":{"line":85,"column":15}},"36":{"start":{"line":99,"column":2},"end":{"line":99,"column":31}},"37":{"start":{"line":100,"column":2},"end":{"line":100,"column":69}},"38":{"start":{"line":102,"column":2},"end":{"line":119,"column":3}},"39":{"start":{"line":105,"column":4},"end":{"line":105,"column":33}},"40":{"start":{"line":106,"column":4},"end":{"line":106,"column":10}},"41":{"start":{"line":109,"column":4},"end":{"line":109,"column":27}},"42":{"start":{"line":110,"column":4},"end":{"line":110,"column":10}},"43":{"start":{"line":113,"column":4},"end":{"line":113,"column":22}},"44":{"start":{"line":114,"column":4},"end":{"line":114,"column":10}},"45":{"start":{"line":117,"column":4},"end":{"line":117,"column":45}},"46":{"start":{"line":118,"column":4},"end":{"line":118,"column":10}},"47":{"start":{"line":121,"column":2},"end":{"line":121,"column":59}},"48":{"start":{"line":122,"column":2},"end":{"line":122,"column":22}},"49":{"start":{"line":124,"column":2},"end":{"line":124,"column":37}},"50":{"start":{"line":134,"column":2},"end":{"line":134,"column":20}},"51":{"start":{"line":144,"column":2},"end":{"line":144,"column":22}},"52":{"start":{"line":154,"column":2},"end":{"line":154,"column":25}},"53":{"start":{"line":164,"column":2},"end":{"line":164,"column":20}},"54":{"start":{"line":174,"column":2},"end":{"line":174,"column":24}},"55":{"start":{"line":184,"column":2},"end":{"line":184,"column":23}},"56":{"start":{"line":194,"column":2},"end":{"line":194,"column":27}},"57":{"start":{"line":204,"column":2},"end":{"line":204,"column":99}},"58":{"start":{"line":218,"column":2},"end":{"line":224,"column":3}},"59":{"start":{"line":220,"column":3},"end":{"line":221,"column":22}},"60":{"start":{"line":221,"column":4},"end":{"line":221,"column":22}},"61":{"start":{"line":223,"column":3},"end":{"line":223,"column":14}},"62":{"start":{"line":226,"column":2},"end":{"line":226,"column":39}},"63":{"start":{"line":236,"column":2},"end":{"line":236,"column":27}},"64":{"start":{"line":240,"column":0},"end":{"line":243,"column":2}}},"branchMap":{"1":{"line":40,"type":"if","locations":[{"start":{"line":40,"column":2},"end":{"line":40,"column":2}},{"start":{"line":40,"column":2},"end":{"line":40,"column":2}}]},"2":{"line":71,"type":"if","locations":[{"start":{"line":71,"column":3},"end":{"line":71,"column":3}},{"start":{"line":71,"column":3},"end":{"line":71,"column":3}}]},"3":{"line":71,"type":"binary-expr","locations":[{"start":{"line":71,"column":8},"end":{"line":71,"column":25}},{"start":{"line":71,"column":29},"end":{"line":71,"column":67}}]},"4":{"line":100,"type":"cond-expr","locations":[{"start":{"line":100,"column":43},"end":{"line":100,"column":48}},{"start":{"line":100,"column":51},"end":{"line":100,"column":68}}]},"5":{"line":102,"type":"switch","locations":[{"start":{"line":104,"column":3},"end":{"line":106,"column":10}},{"start":{"line":108,"column":3},"end":{"line":110,"column":10}},{"start":{"line":112,"column":3},"end":{"line":114,"column":10}},{"start":{"line":116,"column":3},"end":{"line":118,"column":10}}]},"6":{"line":121,"type":"cond-expr","locations":[{"start":{"line":121,"column":46},"end":{"line":121,"column":48}},{"start":{"line":121,"column":51},"end":{"line":121,"column":58}}]},"7":{"line":218,"type":"if","locations":[{"start":{"line":218,"column":2},"end":{"line":218,"column":2}},{"start":{"line":218,"column":2},"end":{"line":218,"column":2}}]},"8":{"line":220,"type":"if","locations":[{"start":{"line":220,"column":3},"end":{"line":220,"column":3}},{"start":{"line":220,"column":3},"end":{"line":220,"column":3}}]}}},"C:\\UserFiles\\Projects\\Js\\EventRequest\\server\\components\\logger\\components\\transport_types\\console.js":{"path":"C:\\UserFiles\\Projects\\Js\\EventRequest\\server\\components\\logger\\components\\transport_types\\console.js","s":{"1":1,"2":1,"3":1,"4":1,"5":1,"6":1,"7":30,"8":30,"9":30,"10":30,"11":1724,"12":1724,"13":1724,"14":1724,"15":1724,"16":1724,"17":1724,"18":1724,"19":1724,"20":1724,"21":1724,"22":1723,"23":1724,"24":1724,"25":1724,"26":1,"27":1723,"28":1721,"29":1721,"30":1},"b":{"1":[2,28],"2":[2,28],"3":[1,1723],"4":[1724,0],"5":[0,1724],"6":[1724,0],"7":[1723,1],"8":[1,1723]},"f":{"1":30,"2":30,"3":1724,"4":1721},"fnMap":{"1":{"name":"(anonymous_1)","line":27,"loc":{"start":{"line":27,"column":12},"end":{"line":28,"column":1}}},"2":{"name":"(anonymous_2)","line":43,"loc":{"start":{"line":43,"column":15},"end":{"line":44,"column":1}}},"3":{"name":"(anonymous_3)","line":63,"loc":{"start":{"line":63,"column":7},"end":{"line":64,"column":1}}},"4":{"name":"(anonymous_4)","line":117,"loc":{"start":{"line":117,"column":5},"end":{"line":118,"column":1}}}},"statementMap":{"1":{"start":{"line":4,"column":0},"end":{"line":4,"column":45}},"2":{"start":{"line":5,"column":0},"end":{"line":5,"column":45}},"3":{"start":{"line":6,"column":0},"end":{"line":6,"column":54}},"4":{"start":{"line":11,"column":0},"end":{"line":11,"column":44}},"5":{"start":{"line":12,"column":0},"end":{"line":12,"column":40}},"6":{"start":{"line":13,"column":0},"end":{"line":20,"column":2}},"7":{"start":{"line":29,"column":2},"end":{"line":29,"column":19}},"8":{"start":{"line":45,"column":2},"end":{"line":45,"column":34}},"9":{"start":{"line":47,"column":2},"end":{"line":49,"column":39}},"10":{"start":{"line":51,"column":2},"end":{"line":53,"column":33}},"11":{"start":{"line":65,"column":2},"end":{"line":65,"column":32}},"12":{"start":{"line":66,"column":2},"end":{"line":66,"column":32}},"13":{"start":{"line":67,"column":2},"end":{"line":67,"column":64}},"14":{"start":{"line":68,"column":2},"end":{"line":68,"column":35}},"15":{"start":{"line":69,"column":2},"end":{"line":69,"column":37}},"16":{"start":{"line":70,"column":2},"end":{"line":70,"column":44}},"17":{"start":{"line":71,"column":2},"end":{"line":79,"column":25}},"18":{"start":{"line":81,"column":2},"end":{"line":98,"column":3}},"19":{"start":{"line":83,"column":3},"end":{"line":85,"column":30}},"20":{"start":{"line":87,"column":3},"end":{"line":89,"column":32}},"21":{"start":{"line":91,"column":3},"end":{"line":94,"column":4}},"22":{"start":{"line":93,"column":4},"end":{"line":93,"column":41}},"23":{"start":{"line":96,"column":3},"end":{"line":96,"column":41}},"24":{"start":{"line":97,"column":3},"end":{"line":97,"column":42}},"25":{"start":{"line":100,"column":2},"end":{"line":103,"column":3}},"26":{"start":{"line":102,"column":3},"end":{"line":102,"column":75}},"27":{"start":{"line":105,"column":2},"end":{"line":105,"column":76}},"28":{"start":{"line":119,"column":2},"end":{"line":119,"column":48}},"29":{"start":{"line":121,"column":2},"end":{"line":121,"column":12}},"30":{"start":{"line":125,"column":0},"end":{"line":125,"column":25}}},"branchMap":{"1":{"line":47,"type":"cond-expr","locations":[{"start":{"line":48,"column":8},"end":{"line":48,"column":21}},{"start":{"line":49,"column":8},"end":{"line":49,"column":38}}]},"2":{"line":51,"type":"cond-expr","locations":[{"start":{"line":52,"column":8},"end":{"line":52,"column":25}},{"start":{"line":53,"column":8},"end":{"line":53,"column":32}}]},"3":{"line":67,"type":"cond-expr","locations":[{"start":{"line":67,"column":25},"end":{"line":67,"column":44}},{"start":{"line":67,"column":47},"end":{"line":67,"column":63}}]},"4":{"line":81,"type":"if","locations":[{"start":{"line":81,"column":2},"end":{"line":81,"column":2}},{"start":{"line":81,"column":2},"end":{"line":81,"column":2}}]},"5":{"line":83,"type":"cond-expr","locations":[{"start":{"line":84,"column":8},"end":{"line":84,"column":31}},{"start":{"line":85,"column":8},"end":{"line":85,"column":29}}]},"6":{"line":87,"type":"cond-expr","locations":[{"start":{"line":88,"column":8},"end":{"line":88,"column":13}},{"start":{"line":89,"column":8},"end":{"line":89,"column":31}}]},"7":{"line":91,"type":"if","locations":[{"start":{"line":91,"column":3},"end":{"line":91,"column":3}},{"start":{"line":91,"column":3},"end":{"line":91,"column":3}}]},"8":{"line":100,"type":"if","locations":[{"start":{"line":100,"column":2},"end":{"line":100,"column":2}},{"start":{"line":100,"column":2},"end":{"line":100,"column":2}}]}}},"C:\\UserFiles\\Projects\\Js\\EventRequest\\server\\components\\logger\\components\\transport_types\\formatters\\colorize.js":{"path":"C:\\UserFiles\\Projects\\Js\\EventRequest\\server\\components\\logger\\components\\transport_types\\formatters\\colorize.js","s":{"1":1,"2":1,"3":1,"4":1,"5":1,"6":1,"7":1,"8":1,"9":1,"10":1,"11":1,"12":5,"13":1,"14":0,"15":1,"16":1716,"17":1,"18":0,"19":1,"20":1724,"21":1,"22":2,"23":1,"24":0,"25":1,"26":0,"27":1,"28":3448,"29":1},"b":{},"f":{},"fnMap":{},"statementMap":{"1":{"start":{"line":3,"column":0},"end":{"line":3,"column":18}},"2":{"start":{"line":5,"column":0},"end":{"line":5,"column":28}},"3":{"start":{"line":6,"column":0},"end":{"line":6,"column":26}},"4":{"start":{"line":7,"column":0},"end":{"line":7,"column":28}},"5":{"start":{"line":8,"column":0},"end":{"line":8,"column":28}},"6":{"start":{"line":9,"column":0},"end":{"line":9,"column":27}},"7":{"start":{"line":10,"column":0},"end":{"line":10,"column":29}},"8":{"start":{"line":11,"column":0},"end":{"line":11,"column":27}},"9":{"start":{"line":12,"column":0},"end":{"line":12,"column":28}},"10":{"start":{"line":13,"column":0},"end":{"line":13,"column":27}},"11":{"start":{"line":22,"column":0},"end":{"line":22,"column":45}},"12":{"start":{"line":22,"column":25},"end":{"line":22,"column":42}},"13":{"start":{"line":23,"column":0},"end":{"line":23,"column":49}},"14":{"start":{"line":23,"column":27},"end":{"line":23,"column":46}},"15":{"start":{"line":24,"column":0},"end":{"line":24,"column":49}},"16":{"start":{"line":24,"column":27},"end":{"line":24,"column":46}},"17":{"start":{"line":25,"column":0},"end":{"line":25,"column":51}},"18":{"start":{"line":25,"column":28},"end":{"line":25,"column":48}},"19":{"start":{"line":26,"column":0},"end":{"line":26,"column":47}},"20":{"start":{"line":26,"column":26},"end":{"line":26,"column":44}},"21":{"start":{"line":27,"column":0},"end":{"line":27,"column":52}},"22":{"start":{"line":27,"column":28},"end":{"line":27,"column":49}},"23":{"start":{"line":28,"column":0},"end":{"line":28,"column":47}},"24":{"start":{"line":28,"column":26},"end":{"line":28,"column":44}},"25":{"start":{"line":29,"column":0},"end":{"line":29,"column":49}},"26":{"start":{"line":29,"column":27},"end":{"line":29,"column":46}},"27":{"start":{"line":30,"column":0},"end":{"line":30,"column":49}},"28":{"start":{"line":30,"column":27},"end":{"line":30,"column":46}},"29":{"start":{"line":32,"column":0},"end":{"line":32,"column":26}}},"branchMap":{}},"C:\\UserFiles\\Projects\\Js\\EventRequest\\server\\components\\logger\\components\\transport_types\\file.js":{"path":"C:\\UserFiles\\Projects\\Js\\EventRequest\\server\\components\\logger\\components\\transport_types\\file.js","s":{"1":1,"2":1,"3":1,"4":1,"5":1,"6":1,"7":8,"8":8,"9":8,"10":8,"11":8,"12":6,"13":9,"14":9,"15":0,"16":9,"17":3,"18":0,"19":3,"20":3,"21":9,"22":15,"23":15,"24":16,"25":16,"26":16,"27":7,"28":7,"29":7,"30":7,"31":7,"32":7,"33":6,"34":6,"35":6,"36":0,"37":6,"38":1},"b":{"1":[6,2],"2":[6,2],"3":[0,9],"4":[3,6],"5":[9,6],"6":[0,3],"7":[0,6]},"f":{"1":8,"2":8,"3":9,"4":15,"5":16,"6":7,"7":6},"fnMap":{"1":{"name":"(anonymous_1)","line":20,"loc":{"start":{"line":20,"column":12},"end":{"line":21,"column":1}}},"2":{"name":"(anonymous_2)","line":35,"loc":{"start":{"line":35,"column":15},"end":{"line":36,"column":1}}},"3":{"name":"(anonymous_3)","line":56,"loc":{"start":{"line":56,"column":15},"end":{"line":57,"column":1}}},"4":{"name":"(anonymous_4)","line":88,"loc":{"start":{"line":88,"column":12},"end":{"line":89,"column":1}}},"5":{"name":"(anonymous_5)","line":99,"loc":{"start":{"line":99,"column":23},"end":{"line":100,"column":1}}},"6":{"name":"(anonymous_6)","line":113,"loc":{"start":{"line":113,"column":7},"end":{"line":114,"column":1}}},"7":{"name":"(anonymous_7)","line":141,"loc":{"start":{"line":141,"column":5},"end":{"line":142,"column":1}}}},"statementMap":{"1":{"start":{"line":4,"column":0},"end":{"line":4,"column":44}},"2":{"start":{"line":5,"column":0},"end":{"line":5,"column":29}},"3":{"start":{"line":6,"column":0},"end":{"line":6,"column":35}},"4":{"start":{"line":7,"column":0},"end":{"line":7,"column":29}},"5":{"start":{"line":8,"column":0},"end":{"line":8,"column":33}},"6":{"start":{"line":13,"column":0},"end":{"line":13,"column":26}},"7":{"start":{"line":22,"column":2},"end":{"line":22,"column":19}},"8":{"start":{"line":37,"column":2},"end":{"line":37,"column":34}},"9":{"start":{"line":39,"column":2},"end":{"line":41,"column":14}},"10":{"start":{"line":43,"column":2},"end":{"line":43,"column":25}},"11":{"start":{"line":45,"column":2},"end":{"line":48,"column":3}},"12":{"start":{"line":47,"column":3},"end":{"line":47,"column":25}},"13":{"start":{"line":58,"column":2},"end":{"line":58,"column":43}},"14":{"start":{"line":60,"column":2},"end":{"line":63,"column":3}},"15":{"start":{"line":62,"column":3},"end":{"line":62,"column":28}},"16":{"start":{"line":65,"column":2},"end":{"line":78,"column":3}},"17":{"start":{"line":67,"column":3},"end":{"line":70,"column":4}},"18":{"start":{"line":69,"column":4},"end":{"line":69,"column":26}},"19":{"start":{"line":72,"column":3},"end":{"line":75,"column":6}},"20":{"start":{"line":77,"column":3},"end":{"line":77,"column":41}},"21":{"start":{"line":80,"column":2},"end":{"line":80,"column":25}},"22":{"start":{"line":90,"column":2},"end":{"line":90,"column":43}},"23":{"start":{"line":91,"column":2},"end":{"line":91,"column":79}},"24":{"start":{"line":101,"column":2},"end":{"line":101,"column":27}},"25":{"start":{"line":102,"column":2},"end":{"line":102,"column":82}},"26":{"start":{"line":103,"column":2},"end":{"line":103,"column":27}},"27":{"start":{"line":115,"column":2},"end":{"line":115,"column":35}},"28":{"start":{"line":116,"column":2},"end":{"line":116,"column":37}},"29":{"start":{"line":117,"column":2},"end":{"line":117,"column":37}},"30":{"start":{"line":118,"column":2},"end":{"line":118,"column":44}},"31":{"start":{"line":119,"column":2},"end":{"line":127,"column":25}},"32":{"start":{"line":129,"column":2},"end":{"line":129,"column":55}},"33":{"start":{"line":143,"column":2},"end":{"line":143,"column":35}},"34":{"start":{"line":145,"column":2},"end":{"line":150,"column":5}},"35":{"start":{"line":146,"column":3},"end":{"line":149,"column":14}},"36":{"start":{"line":147,"column":4},"end":{"line":147,"column":18}},"37":{"start":{"line":149,"column":4},"end":{"line":149,"column":14}},"38":{"start":{"line":154,"column":0},"end":{"line":154,"column":22}}},"branchMap":{"1":{"line":39,"type":"cond-expr","locations":[{"start":{"line":40,"column":8},"end":{"line":40,"column":76}},{"start":{"line":41,"column":8},"end":{"line":41,"column":13}}]},"2":{"line":45,"type":"if","locations":[{"start":{"line":45,"column":2},"end":{"line":45,"column":2}},{"start":{"line":45,"column":2},"end":{"line":45,"column":2}}]},"3":{"line":60,"type":"if","locations":[{"start":{"line":60,"column":2},"end":{"line":60,"column":2}},{"start":{"line":60,"column":2},"end":{"line":60,"column":2}}]},"4":{"line":65,"type":"if","locations":[{"start":{"line":65,"column":2},"end":{"line":65,"column":2}},{"start":{"line":65,"column":2},"end":{"line":65,"column":2}}]},"5":{"line":65,"type":"binary-expr","locations":[{"start":{"line":65,"column":7},"end":{"line":65,"column":31}},{"start":{"line":65,"column":35},"end":{"line":65,"column":72}}]},"6":{"line":67,"type":"if","locations":[{"start":{"line":67,"column":3},"end":{"line":67,"column":3}},{"start":{"line":67,"column":3},"end":{"line":67,"column":3}}]},"7":{"line":146,"type":"if","locations":[{"start":{"line":146,"column":3},"end":{"line":146,"column":3}},{"start":{"line":146,"column":3},"end":{"line":146,"column":3}}]}}},"C:\\UserFiles\\Projects\\Js\\EventRequest\\server\\tester\\mock.js":{"path":"C:\\UserFiles\\Projects\\Js\\EventRequest\\server\\tester\\mock.js","s":{"1":1,"2":1,"3":846,"4":0,"5":0,"6":0,"7":0,"8":3207,"9":3207,"10":846,"11":1},"b":{"1":[0,846]},"f":{"1":846,"2":3207},"fnMap":{"1":{"name":"(anonymous_1)","line":13,"loc":{"start":{"line":13,"column":11},"end":{"line":14,"column":0}}},"2":{"name":"(anonymous_2)","line":43,"loc":{"start":{"line":43,"column":7},"end":{"line":44,"column":2}}}},"statementMap":{"1":{"start":{"line":4,"column":0},"end":{"line":4,"column":37}},"2":{"start":{"line":13,"column":0},"end":{"line":52,"column":2}},"3":{"start":{"line":15,"column":1},"end":{"line":32,"column":2}},"4":{"start":{"line":24,"column":2},"end":{"line":29,"column":4}},"5":{"start":{"line":26,"column":3},"end":{"line":26,"column":45}},"6":{"start":{"line":28,"column":3},"end":{"line":28,"column":23}},"7":{"start":{"line":31,"column":2},"end":{"line":31,"column":22}},"8":{"start":{"line":45,"column":3},"end":{"line":45,"column":37}},"9":{"start":{"line":47,"column":3},"end":{"line":47,"column":15}},"10":{"start":{"line":51,"column":1},"end":{"line":51,"column":20}},"11":{"start":{"line":54,"column":0},"end":{"line":54,"column":22}}},"branchMap":{"1":{"line":15,"type":"if","locations":[{"start":{"line":15,"column":1},"end":{"line":15,"column":1}},{"start":{"line":15,"column":1},"end":{"line":15,"column":1}}]}}},"C:\\UserFiles\\Projects\\Js\\EventRequest\\server\\tester\\mocker.js":{"path":"C:\\UserFiles\\Projects\\Js\\EventRequest\\server\\tester\\mocker.js","s":{"1":1,"2":3221,"3":3221,"4":3221,"5":3221,"6":3221,"7":3221,"8":3221,"9":3221,"10":4,"11":3221,"12":0,"13":3221,"14":3221,"15":3221,"16":3221,"17":2137,"18":2137,"19":0,"20":2137,"21":2137,"22":2137,"23":45,"24":45,"25":0,"26":45,"27":85,"28":85,"29":18,"30":67,"31":3221,"32":3221,"33":0,"34":3221,"35":781,"36":2440,"37":2137,"38":45,"39":4577,"40":4577,"41":1447,"42":3130,"43":1,"44":3221,"45":3221,"46":3221},"b":{"1":[3221,0],"2":[25,3196],"3":[44,3177],"4":[3217,4],"5":[0,3221],"6":[4,3217],"7":[3221,4],"8":[0,3221],"9":[3221,3221],"10":[0,3221],"11":[0,2137],"12":[2137,58],"13":[45,2092],"14":[0,45],"15":[18,67],"16":[3207,14],"17":[0,3221],"18":[781,2440],"19":[25,20],"20":[0,4577],"21":[1447,3130]},"f":{"1":3221,"2":3221,"3":2137,"4":3221,"5":2137,"6":45,"7":4577},"fnMap":{"1":{"name":"(anonymous_1)","line":10,"loc":{"start":{"line":10,"column":12},"end":{"line":11,"column":1}}},"2":{"name":"(anonymous_2)","line":51,"loc":{"start":{"line":51,"column":18},"end":{"line":52,"column":1}}},"3":{"name":"(anonymous_3)","line":74,"loc":{"start":{"line":74,"column":20},"end":{"line":75,"column":1}}},"4":{"name":"(anonymous_4)","line":102,"loc":{"start":{"line":102,"column":19},"end":{"line":103,"column":1}}},"5":{"name":"(anonymous_5)","line":123,"loc":{"start":{"line":123,"column":17},"end":{"line":124,"column":1}}},"6":{"name":"(anonymous_6)","line":133,"loc":{"start":{"line":133,"column":17},"end":{"line":134,"column":1}}},"7":{"name":"(anonymous_7)","line":145,"loc":{"start":{"line":145,"column":25},"end":{"line":146,"column":1}}}},"statementMap":{"1":{"start":{"line":3,"column":0},"end":{"line":3,"column":35}},"2":{"start":{"line":12,"column":2},"end":{"line":12,"column":34}},"3":{"start":{"line":13,"column":2},"end":{"line":13,"column":32}},"4":{"start":{"line":15,"column":2},"end":{"line":17,"column":15}},"5":{"start":{"line":19,"column":2},"end":{"line":21,"column":13}},"6":{"start":{"line":23,"column":2},"end":{"line":25,"column":15}},"7":{"start":{"line":27,"column":2},"end":{"line":29,"column":15}},"8":{"start":{"line":31,"column":2},"end":{"line":33,"column":15}},"9":{"start":{"line":35,"column":2},"end":{"line":36,"column":21}},"10":{"start":{"line":36,"column":3},"end":{"line":36,"column":21}},"11":{"start":{"line":38,"column":2},"end":{"line":39,"column":54}},"12":{"start":{"line":39,"column":3},"end":{"line":39,"column":54}},"13":{"start":{"line":41,"column":2},"end":{"line":41,"column":84}},"14":{"start":{"line":43,"column":2},"end":{"line":43,"column":27}},"15":{"start":{"line":53,"column":2},"end":{"line":53,"column":25}},"16":{"start":{"line":55,"column":2},"end":{"line":64,"column":4}},"17":{"start":{"line":56,"column":3},"end":{"line":56,"column":21}},"18":{"start":{"line":58,"column":3},"end":{"line":59,"column":117}},"19":{"start":{"line":59,"column":4},"end":{"line":59,"column":117}},"20":{"start":{"line":61,"column":3},"end":{"line":61,"column":36}},"21":{"start":{"line":63,"column":3},"end":{"line":63,"column":48}},"22":{"start":{"line":76,"column":2},"end":{"line":94,"column":3}},"23":{"start":{"line":78,"column":3},"end":{"line":78,"column":50}},"24":{"start":{"line":79,"column":3},"end":{"line":82,"column":4}},"25":{"start":{"line":81,"column":4},"end":{"line":81,"column":52}},"26":{"start":{"line":83,"column":3},"end":{"line":93,"column":4}},"27":{"start":{"line":85,"column":4},"end":{"line":85,"column":40}},"28":{"start":{"line":86,"column":4},"end":{"line":87,"column":14}},"29":{"start":{"line":87,"column":5},"end":{"line":87,"column":14}},"30":{"start":{"line":89,"column":4},"end":{"line":92,"column":5}},"31":{"start":{"line":104,"column":2},"end":{"line":106,"column":36}},"32":{"start":{"line":108,"column":2},"end":{"line":115,"column":70}},"33":{"start":{"line":109,"column":3},"end":{"line":109,"column":69}},"34":{"start":{"line":111,"column":7},"end":{"line":115,"column":70}},"35":{"start":{"line":112,"column":3},"end":{"line":112,"column":52}},"36":{"start":{"line":115,"column":3},"end":{"line":115,"column":70}},"37":{"start":{"line":125,"column":2},"end":{"line":125,"column":39}},"38":{"start":{"line":135,"column":2},"end":{"line":135,"column":94}},"39":{"start":{"line":147,"column":2},"end":{"line":147,"column":112}},"40":{"start":{"line":149,"column":2},"end":{"line":153,"column":28}},"41":{"start":{"line":150,"column":3},"end":{"line":150,"column":60}},"42":{"start":{"line":153,"column":3},"end":{"line":153,"column":28}},"43":{"start":{"line":157,"column":0},"end":{"line":161,"column":2}},"44":{"start":{"line":158,"column":1},"end":{"line":158,"column":63}},"45":{"start":{"line":159,"column":1},"end":{"line":159,"column":33}},"46":{"start":{"line":160,"column":1},"end":{"line":160,"column":20}}},"branchMap":{"1":{"line":15,"type":"cond-expr","locations":[{"start":{"line":16,"column":10},"end":{"line":16,"column":34}},{"start":{"line":17,"column":10},"end":{"line":17,"column":14}}]},"2":{"line":19,"type":"cond-expr","locations":[{"start":{"line":20,"column":10},"end":{"line":20,"column":32}},{"start":{"line":21,"column":10},"end":{"line":21,"column":12}}]},"3":{"line":23,"type":"cond-expr","locations":[{"start":{"line":24,"column":10},"end":{"line":24,"column":34}},{"start":{"line":25,"column":10},"end":{"line":25,"column":14}}]},"4":{"line":27,"type":"cond-expr","locations":[{"start":{"line":28,"column":10},"end":{"line":28,"column":40}},{"start":{"line":29,"column":10},"end":{"line":29,"column":14}}]},"5":{"line":31,"type":"cond-expr","locations":[{"start":{"line":32,"column":10},"end":{"line":32,"column":46}},{"start":{"line":33,"column":10},"end":{"line":33,"column":14}}]},"6":{"line":35,"type":"if","locations":[{"start":{"line":35,"column":2},"end":{"line":35,"column":2}},{"start":{"line":35,"column":2},"end":{"line":35,"column":2}}]},"7":{"line":35,"type":"binary-expr","locations":[{"start":{"line":35,"column":7},"end":{"line":35,"column":28}},{"start":{"line":35,"column":32},"end":{"line":35,"column":59}}]},"8":{"line":38,"type":"if","locations":[{"start":{"line":38,"column":2},"end":{"line":38,"column":2}},{"start":{"line":38,"column":2},"end":{"line":38,"column":2}}]},"9":{"line":38,"type":"binary-expr","locations":[{"start":{"line":38,"column":7},"end":{"line":38,"column":37}},{"start":{"line":38,"column":41},"end":{"line":38,"column":61}}]},"10":{"line":41,"type":"cond-expr","locations":[{"start":{"line":41,"column":48},"end":{"line":41,"column":66}},{"start":{"line":41,"column":69},"end":{"line":41,"column":83}}]},"11":{"line":58,"type":"if","locations":[{"start":{"line":58,"column":3},"end":{"line":58,"column":3}},{"start":{"line":58,"column":3},"end":{"line":58,"column":3}}]},"12":{"line":58,"type":"binary-expr","locations":[{"start":{"line":58,"column":8},"end":{"line":58,"column":36}},{"start":{"line":58,"column":40},"end":{"line":58,"column":76}}]},"13":{"line":76,"type":"if","locations":[{"start":{"line":76,"column":2},"end":{"line":76,"column":2}},{"start":{"line":76,"column":2},"end":{"line":76,"column":2}}]},"14":{"line":79,"type":"if","locations":[{"start":{"line":79,"column":3},"end":{"line":79,"column":3}},{"start":{"line":79,"column":3},"end":{"line":79,"column":3}}]},"15":{"line":86,"type":"if","locations":[{"start":{"line":86,"column":4},"end":{"line":86,"column":4}},{"start":{"line":86,"column":4},"end":{"line":86,"column":4}}]},"16":{"line":104,"type":"cond-expr","locations":[{"start":{"line":105,"column":9},"end":{"line":105,"column":25}},{"start":{"line":106,"column":9},"end":{"line":106,"column":35}}]},"17":{"line":108,"type":"if","locations":[{"start":{"line":108,"column":2},"end":{"line":108,"column":2}},{"start":{"line":108,"column":2},"end":{"line":108,"column":2}}]},"18":{"line":111,"type":"if","locations":[{"start":{"line":111,"column":7},"end":{"line":111,"column":7}},{"start":{"line":111,"column":7},"end":{"line":111,"column":7}}]},"19":{"line":135,"type":"cond-expr","locations":[{"start":{"line":135,"column":43},"end":{"line":135,"column":64}},{"start":{"line":135,"column":67},"end":{"line":135,"column":93}}]},"20":{"line":147,"type":"cond-expr","locations":[{"start":{"line":147,"column":59},"end":{"line":147,"column":86}},{"start":{"line":147,"column":89},"end":{"line":147,"column":111}}]},"21":{"line":149,"type":"if","locations":[{"start":{"line":149,"column":2},"end":{"line":149,"column":2}},{"start":{"line":149,"column":2},"end":{"line":149,"column":2}}]}}},"C:\\UserFiles\\Projects\\Js\\EventRequest\\server\\event_request.js":{"path":"C:\\UserFiles\\Projects\\Js\\EventRequest\\server\\event_request.js","s":{"1":1,"2":1,"3":1,"4":1,"5":1,"6":1,"7":1230,"8":1230,"9":1230,"10":1229,"11":1229,"12":8,"13":8,"14":1229,"15":1229,"16":1229,"17":1229,"18":1229,"19":1229,"20":1229,"21":1229,"22":1229,"23":1229,"24":1229,"25":1229,"26":1229,"27":1229,"28":1229,"29":1229,"30":2528,"31":869,"32":869,"33":869,"34":869,"35":869,"36":869,"37":869,"38":869,"39":869,"40":869,"41":869,"42":869,"43":869,"44":869,"45":869,"46":869,"47":37,"48":23,"49":23,"50":23,"51":11,"52":12,"53":12,"54":39,"55":16,"56":39,"57":12,"58":12,"59":12,"60":12,"61":12,"62":448,"63":448,"64":0,"65":448,"66":448,"67":146,"68":448,"69":6,"70":6,"71":442,"72":437,"73":437,"74":0,"75":442,"76":448,"77":448,"78":441,"79":448,"80":448,"81":359,"82":359,"83":358,"84":1,"85":15,"86":15,"87":14,"88":1,"89":68,"90":1,"91":95,"92":161,"93":5,"94":5,"95":4,"96":4,"97":1,"98":7382,"99":441,"100":2528,"101":13,"102":2515,"103":2515,"104":2514,"105":91,"106":2423,"107":2423,"108":2423,"109":2422,"110":9,"111":1,"112":1,"113":1,"114":1,"115":135,"116":127,"117":135,"118":135,"119":1},"b":{"1":[1229,8],"2":[0,1229],"3":[11,12],"4":[16,23],"5":[39,30],"6":[9,3],"7":[146,302],"8":[448,146],"9":[6,442],"10":[448,448,448,6],"11":[437,5],"12":[296,141],"13":[441,7],"14":[448,11],"15":[358,1],"16":[14,1],"17":[8,60],"18":[59,1],"19":[1,0],"20":[95,32],"21":[160,1],"22":[4,1],"23":[7382,7374],"24":[13,2515],"25":[5,8],"26":[2514,1],"27":[91,2423],"28":[9,2413],"29":[1,0],"30":[127,8],"31":[135,9,9]},"f":{"1":1230,"2":8,"3":869,"4":37,"5":23,"6":448,"7":448,"8":359,"9":15,"10":68,"11":1,"12":95,"13":161,"14":5,"15":7382,"16":441,"17":2528,"18":135},"fnMap":{"1":{"name":"(anonymous_1)","line":20,"loc":{"start":{"line":20,"column":12},"end":{"line":21,"column":1}}},"2":{"name":"(anonymous_2)","line":29,"loc":{"start":{"line":29,"column":33},"end":{"line":29,"column":52}}},"3":{"name":"(anonymous_3)","line":65,"loc":{"start":{"line":65,"column":9},"end":{"line":66,"column":1}}},"4":{"name":"(anonymous_4)","line":94,"loc":{"start":{"line":94,"column":9},"end":{"line":95,"column":1}}},"5":{"name":"(anonymous_5)","line":112,"loc":{"start":{"line":112,"column":10},"end":{"line":113,"column":1}}},"6":{"name":"(anonymous_6)","line":152,"loc":{"start":{"line":152,"column":5},"end":{"line":153,"column":1}}},"7":{"name":"(anonymous_7)","line":177,"loc":{"start":{"line":177,"column":6},"end":{"line":178,"column":1}}},"8":{"name":"(anonymous_8)","line":230,"loc":{"start":{"line":230,"column":18},"end":{"line":231,"column":1}}},"9":{"name":"(anonymous_9)","line":248,"loc":{"start":{"line":248,"column":21},"end":{"line":249,"column":1}}},"10":{"name":"(anonymous_10)","line":269,"loc":{"start":{"line":269,"column":17},"end":{"line":270,"column":1}}},"11":{"name":"(anonymous_11)","line":285,"loc":{"start":{"line":285,"column":18},"end":{"line":286,"column":1}}},"12":{"name":"(anonymous_12)","line":297,"loc":{"start":{"line":297,"column":17},"end":{"line":298,"column":1}}},"13":{"name":"(anonymous_13)","line":309,"loc":{"start":{"line":309,"column":14},"end":{"line":310,"column":1}}},"14":{"name":"(anonymous_14)","line":322,"loc":{"start":{"line":322,"column":9},"end":{"line":323,"column":1}}},"15":{"name":"(anonymous_15)","line":342,"loc":{"start":{"line":342,"column":11},"end":{"line":343,"column":1}}},"16":{"name":"(anonymous_16)","line":354,"loc":{"start":{"line":354,"column":10},"end":{"line":355,"column":1}}},"17":{"name":"(anonymous_17)","line":371,"loc":{"start":{"line":371,"column":6},"end":{"line":372,"column":1}}},"18":{"name":"(anonymous_18)","line":414,"loc":{"start":{"line":414,"column":10},"end":{"line":415,"column":1}}}},"statementMap":{"1":{"start":{"line":4,"column":0},"end":{"line":4,"column":37}},"2":{"start":{"line":5,"column":0},"end":{"line":5,"column":50}},"3":{"start":{"line":6,"column":0},"end":{"line":6,"column":73}},"4":{"start":{"line":7,"column":0},"end":{"line":7,"column":43}},"5":{"start":{"line":8,"column":0},"end":{"line":8,"column":87}},"6":{"start":{"line":9,"column":0},"end":{"line":9,"column":62}},"7":{"start":{"line":22,"column":2},"end":{"line":22,"column":10}},"8":{"start":{"line":23,"column":2},"end":{"line":23,"column":28}},"9":{"start":{"line":25,"column":2},"end":{"line":25,"column":51}},"10":{"start":{"line":26,"column":2},"end":{"line":27,"column":33}},"11":{"start":{"line":29,"column":2},"end":{"line":32,"column":5}},"12":{"start":{"line":30,"column":3},"end":{"line":30,"column":41}},"13":{"start":{"line":31,"column":3},"end":{"line":31,"column":63}},"14":{"start":{"line":34,"column":2},"end":{"line":34,"column":33}},"15":{"start":{"line":35,"column":2},"end":{"line":35,"column":95}},"16":{"start":{"line":36,"column":2},"end":{"line":36,"column":42}},"17":{"start":{"line":37,"column":2},"end":{"line":37,"column":47}},"18":{"start":{"line":38,"column":2},"end":{"line":38,"column":34}},"19":{"start":{"line":39,"column":2},"end":{"line":39,"column":39}},"20":{"start":{"line":40,"column":2},"end":{"line":40,"column":26}},"21":{"start":{"line":41,"column":2},"end":{"line":41,"column":28}},"22":{"start":{"line":42,"column":2},"end":{"line":42,"column":23}},"23":{"start":{"line":43,"column":2},"end":{"line":43,"column":25}},"24":{"start":{"line":44,"column":2},"end":{"line":44,"column":20}},"25":{"start":{"line":45,"column":2},"end":{"line":45,"column":21}},"26":{"start":{"line":46,"column":2},"end":{"line":46,"column":20}},"27":{"start":{"line":47,"column":2},"end":{"line":47,"column":27}},"28":{"start":{"line":50,"column":2},"end":{"line":50,"column":22}},"29":{"start":{"line":51,"column":2},"end":{"line":53,"column":4}},"30":{"start":{"line":52,"column":3},"end":{"line":52,"column":34}},"31":{"start":{"line":67,"column":2},"end":{"line":67,"column":25}},"32":{"start":{"line":69,"column":2},"end":{"line":69,"column":28}},"33":{"start":{"line":70,"column":2},"end":{"line":70,"column":33}},"34":{"start":{"line":71,"column":2},"end":{"line":71,"column":28}},"35":{"start":{"line":72,"column":2},"end":{"line":72,"column":29}},"36":{"start":{"line":73,"column":2},"end":{"line":73,"column":29}},"37":{"start":{"line":74,"column":2},"end":{"line":74,"column":27}},"38":{"start":{"line":75,"column":2},"end":{"line":75,"column":32}},"39":{"start":{"line":76,"column":2},"end":{"line":76,"column":29}},"40":{"start":{"line":77,"column":2},"end":{"line":77,"column":28}},"41":{"start":{"line":78,"column":2},"end":{"line":78,"column":29}},"42":{"start":{"line":79,"column":2},"end":{"line":79,"column":29}},"43":{"start":{"line":80,"column":2},"end":{"line":80,"column":30}},"44":{"start":{"line":81,"column":2},"end":{"line":81,"column":25}},"45":{"start":{"line":83,"column":2},"end":{"line":83,"column":26}},"46":{"start":{"line":84,"column":2},"end":{"line":84,"column":28}},"47":{"start":{"line":96,"column":2},"end":{"line":96,"column":65}},"48":{"start":{"line":114,"column":2},"end":{"line":114,"column":40}},"49":{"start":{"line":115,"column":2},"end":{"line":121,"column":4}},"50":{"start":{"line":123,"column":2},"end":{"line":124,"column":16}},"51":{"start":{"line":124,"column":3},"end":{"line":124,"column":16}},"52":{"start":{"line":126,"column":2},"end":{"line":126,"column":35}},"53":{"start":{"line":128,"column":2},"end":{"line":134,"column":3}},"54":{"start":{"line":130,"column":3},"end":{"line":131,"column":87}},"55":{"start":{"line":131,"column":4},"end":{"line":131,"column":87}},"56":{"start":{"line":133,"column":3},"end":{"line":133,"column":54}},"57":{"start":{"line":136,"column":2},"end":{"line":136,"column":67}},"58":{"start":{"line":137,"column":2},"end":{"line":139,"column":22}},"59":{"start":{"line":141,"column":2},"end":{"line":141,"column":25}},"60":{"start":{"line":143,"column":2},"end":{"line":143,"column":54}},"61":{"start":{"line":144,"column":2},"end":{"line":144,"column":14}},"62":{"start":{"line":154,"column":2},"end":{"line":161,"column":3}},"63":{"start":{"line":156,"column":3},"end":{"line":156,"column":37}},"64":{"start":{"line":160,"column":3},"end":{"line":160,"column":34}},"65":{"start":{"line":179,"column":2},"end":{"line":179,"column":18}},"66":{"start":{"line":181,"column":2},"end":{"line":182,"column":30}},"67":{"start":{"line":182,"column":3},"end":{"line":182,"column":30}},"68":{"start":{"line":184,"column":2},"end":{"line":208,"column":3}},"69":{"start":{"line":190,"column":3},"end":{"line":190,"column":16}},"70":{"start":{"line":191,"column":3},"end":{"line":191,"column":34}},"71":{"start":{"line":195,"column":3},"end":{"line":205,"column":4}},"72":{"start":{"line":197,"column":4},"end":{"line":204,"column":5}},"73":{"start":{"line":199,"column":5},"end":{"line":199,"column":85}},"74":{"start":{"line":203,"column":5},"end":{"line":203,"column":36}},"75":{"start":{"line":207,"column":3},"end":{"line":207,"column":33}},"76":{"start":{"line":210,"column":2},"end":{"line":210,"column":69}},"77":{"start":{"line":212,"column":2},"end":{"line":213,"column":31}},"78":{"start":{"line":213,"column":3},"end":{"line":213,"column":31}},"79":{"start":{"line":215,"column":2},"end":{"line":215,"column":31}},"80":{"start":{"line":217,"column":2},"end":{"line":217,"column":18}},"81":{"start":{"line":232,"column":2},"end":{"line":232,"column":51}},"82":{"start":{"line":234,"column":2},"end":{"line":238,"column":69}},"83":{"start":{"line":235,"column":3},"end":{"line":235,"column":41}},"84":{"start":{"line":238,"column":3},"end":{"line":238,"column":69}},"85":{"start":{"line":250,"column":2},"end":{"line":250,"column":47}},"86":{"start":{"line":252,"column":2},"end":{"line":256,"column":72}},"87":{"start":{"line":253,"column":3},"end":{"l
[...]
lumn":6},"end":{"line":658,"column":9}},"247":{"start":{"line":657,"column":7},"end":{"line":657,"column":48}},"248":{"start":{"line":664,"column":4},"end":{"line":676,"column":7}},"249":{"start":{"line":665,"column":5},"end":{"line":675,"column":6}},"250":{"start":{"line":667,"column":6},"end":{"line":668,"column":23}},"251":{"start":{"line":668,"column":7},"end":{"line":668,"column":23}},"252":{"start":{"line":670,"column":6},"end":{"line":674,"column":9}},"253":{"start":{"line":671,"column":7},"end":{"line":673,"column":10}},"254":{"start":{"line":672,"column":8},"end":{"line":672,"column":49}},"255":{"start":{"line":679,"column":3},"end":{"line":679,"column":21}},"256":{"start":{"line":690,"column":2},"end":{"line":692,"column":4}},"257":{"start":{"line":694,"column":2},"end":{"line":703,"column":5}},"258":{"start":{"line":695,"column":3},"end":{"line":696,"column":30}},"259":{"start":{"line":696,"column":4},"end":{"line":696,"column":30}},"260":{"start":{"line":698,"column":3},"end":{"line":702,"column":4}},"261":{"start":{"line":700,"column":4},"end":{"line":701,"column":45}},"262":{"start":{"line":701,"column":5},"end":{"line":701,"column":45}},"263":{"start":{"line":705,"column":2},"end":{"line":708,"column":3}},"264":{"start":{"line":707,"column":3},"end":{"line":707,"column":23}},"265":{"start":{"line":710,"column":2},"end":{"line":710,"column":21}},"266":{"start":{"line":720,"column":2},"end":{"line":725,"column":5}},"267":{"start":{"line":722,"column":3},"end":{"line":723,"column":41}},"268":{"start":{"line":723,"column":4},"end":{"line":723,"column":41}},"269":{"start":{"line":727,"column":2},"end":{"line":732,"column":5}},"270":{"start":{"line":729,"column":3},"end":{"line":730,"column":23}},"271":{"start":{"line":730,"column":4},"end":{"line":730,"column":23}},"272":{"start":{"line":742,"column":2},"end":{"line":742,"column":38}},"273":{"start":{"line":744,"column":2},"end":{"line":745,"column":20}},"274":{"start":{"line":745,"column":3},"end":{"line":745,"column":20}},"275":{"start":{"line":750,"column":0},"end":{"line":750,"column":37}}},"branchMap":{"1":{"line":64,"type":"binary-expr","locations":[{"start":{"line":64,"column":23},"end":{"line":64,"column":41}},{"start":{"line":64,"column":45},"end":{"line":64,"column":46}}]},"2":{"line":65,"type":"binary-expr","locations":[{"start":{"line":65,"column":20},"end":{"line":65,"column":35}},{"start":{"line":65,"column":39},"end":{"line":65,"column":50}}]},"3":{"line":66,"type":"binary-expr","locations":[{"start":{"line":66,"column":31},"end":{"line":66,"column":60}},{"start":{"line":66,"column":64},"end":{"line":66,"column":67}}]},"4":{"line":106,"type":"if","locations":[{"start":{"line":106,"column":2},"end":{"line":106,"column":2}},{"start":{"line":106,"column":2},"end":{"line":106,"column":2}}]},"5":{"line":170,"type":"if","locations":[{"start":{"line":170,"column":3},"end":{"line":170,"column":3}},{"start":{"line":170,"column":3},"end":{"line":170,"column":3}}]},"6":{"line":170,"type":"binary-expr","locations":[{"start":{"line":170,"column":8},"end":{"line":170,"column":40}},{"start":{"line":170,"column":44},"end":{"line":170,"column":79}}]},"7":{"line":189,"type":"if","locations":[{"start":{"line":189,"column":2},"end":{"line":189,"column":2}},{"start":{"line":189,"column":2},"end":{"line":189,"column":2}}]},"8":{"line":215,"type":"if","locations":[{"start":{"line":215,"column":3},"end":{"line":215,"column":3}},{"start":{"line":215,"column":3},"end":{"line":215,"column":3}}]},"9":{"line":256,"type":"if","locations":[{"start":{"line":256,"column":2},"end":{"line":256,"column":2}},{"start":{"line":256,"column":2},"end":{"line":256,"column":2}}]},"10":{"line":260,"type":"if","locations":[{"start":{"line":260,"column":7},"end":{"line":260,"column":7}},{"start":{"line":260,"column":7},"end":{"line":260,"column":7}}]},"11":{"line":260,"type":"binary-expr","locations":[{"start":{"line":260,"column":12},"end":{"line":260,"column":40}},{"start":{"line":260,"column":44},"end":{"line":260,"column":62}}]},"12":{"line":287,"type":"switch","locations":[{"start":{"line":289,"column":4},"end":{"line":290,"column":39}},{"start":{"line":292,"column":4},"end":{"line":308,"column":43}},{"start":{"line":310,"column":4},"end":{"line":420,"column":40}},{"start":{"line":422,"column":4},"end":{"line":436,"column":34}},{"start":{"line":438,"column":4},"end":{"line":468,"column":11}},{"start":{"line":469,"column":4},"end":{"line":483,"column":11}},{"start":{"line":484,"column":4},"end":{"line":490,"column":11}},{"start":{"line":492,"column":4},"end":{"line":493,"column":45}}]},"13":{"line":295,"type":"if","locations":[{"start":{"line":295,"column":5},"end":{"line":295,"column":5}},{"start":{"line":295,"column":5},"end":{"line":295,"column":5}}]},"14":{"line":295,"type":"binary-expr","locations":[{"start":{"line":295,"column":10},"end":{"line":295,"column":31}},{"start":{"line":295,"column":35},"end":{"line":295,"column":98}}]},"15":{"line":297,"type":"if","locations":[{"start":{"line":297,"column":6},"end":{"line":297,"column":6}},{"start":{"line":297,"column":6},"end":{"line":297,"column":6}}]},"16":{"line":303,"type":"if","locations":[{"start":{"line":303,"column":5},"end":{"line":303,"column":5}},{"start":{"line":303,"column":5},"end":{"line":303,"column":5}}]},"17":{"line":323,"type":"if","locations":[{"start":{"line":323,"column":6},"end":{"line":323,"column":6}},{"start":{"line":323,"column":6},"end":{"line":323,"column":6}}]},"18":{"line":323,"type":"binary-expr","locations":[{"start":{"line":323,"column":11},"end":{"line":323,"column":22}},{"start":{"line":323,"column":26},"end":{"line":323,"column":41}}]},"19":{"line":329,"type":"if","locations":[{"start":{"line":329,"column":6},"end":{"line":329,"column":6}},{"start":{"line":329,"column":6},"end":{"line":329,"column":6}}]},"20":{"line":333,"type":"if","locations":[{"start":{"line":333,"column":11},"end":{"line":333,"column":11}},{"start":{"line":333,"column":11},"end":{"line":333,"column":11}}]},"21":{"line":347,"type":"if","locations":[{"start":{"line":347,"column":5},"end":{"line":347,"column":5}},{"start":{"line":347,"column":5},"end":{"line":347,"column":5}}]},"22":{"line":347,"type":"binary-expr","locations":[{"start":{"line":347,"column":10},"end":{"line":347,"column":41}},{"start":{"line":347,"column":45},"end":{"line":347,"column":69}},{"start":{"line":347,"column":73},"end":{"line":347,"column":86}}]},"23":{"line":349,"type":"if","locations":[{"start":{"line":349,"column":6},"end":{"line":349,"column":6}},{"start":{"line":349,"column":6},"end":{"line":349,"column":6}}]},"24":{"line":361,"type":"if","locations":[{"start":{"line":361,"column":5},"end":{"line":361,"column":5}},{"start":{"line":361,"column":5},"end":{"line":361,"column":5}}]},"25":{"line":365,"type":"if","locations":[{"start":{"line":365,"column":6},"end":{"line":365,"column":6}},{"start":{"line":365,"column":6},"end":{"line":365,"column":6}}]},"26":{"line":371,"type":"if","locations":[{"start":{"line":371,"column":5},"end":{"line":371,"column":5}},{"start":{"line":371,"column":5},"end":{"line":371,"column":5}}]},"27":{"line":375,"type":"if","locations":[{"start":{"line":375,"column":6},"end":{"line":375,"column":6}},{"start":{"line":375,"column":6},"end":{"line":375,"column":6}}]},"28":{"line":389,"type":"if","locations":[{"start":{"line":389,"column":5},"end":{"line":389,"column":5}},{"start":{"line":389,"column":5},"end":{"line":389,"column":5}}]},"29":{"line":391,"type":"if","locations":[{"start":{"line":391,"column":6},"end":{"line":391,"column":6}},{"start":{"line":391,"column":6},"end":{"line":391,"column":6}}]},"30":{"line":401,"type":"if","locations":[{"start":{"line":401,"column":5},"end":{"line":401,"column":5}},{"start":{"line":401,"column":5},"end":{"line":401,"column":5}}]},"31":{"line":401,"type":"binary-expr","locations":[{"start":{"line":401,"column":10},"end":{"line":401,"column":27}},{"start":{"line":401,"column":31},"end":{"line":401,"column":44}}]},"32":{"line":408,"type":"if","locations":[{"start":{"line":408,"column":10},"end":{"line":408,"column":10}},{"start":{"line":408,"column":10},"end":{"line":408,"column":10}}]},"33":{"line":423,"type":"if","locations":[{"start":{"line":423,"column":5},"end":{"line":423,"column":5}},{"start":{"line":423,"column":5},"end":{"line":423,"column":5}}]},"34":{"line":425,"type":"if","locations":[{"start":{"line":425,"column":6},"end":{"line":425,"column":6}},{"start":{"line":425,"column":6},"end":{"line":425,"column":6}}]},"35":{"line":440,"type":"if","locations":[{"start":{"line":440,"column":5},"end":{"line":440,"column":5}},{"start":{"line":440,"column":5},"end":{"line":440,"column":5}}]},"36":{"line":442,"type":"if","locations":[{"start":{"line":442,"column":6},"end":{"line":442,"column":6}},{"start":{"line":442,"column":6},"end":{"line":442,"column":6}}]},"37":{"line":460,"type":"if","locations":[{"start":{"line":460,"column":6},"end":{"line":460,"column":6}},{"start":{"line":460,"column":6},"end":{"line":460,"column":6}}]},"38":{"line":471,"type":"if","locations":[{"start":{"line":471,"column":5},"end":{"line":471,"column":5}},{"start":{"line":471,"column":5},"end":{"line":471,"column":5}}]},"39":{"line":473,"type":"if","locations":[{"start":{"line":473,"column":6},"end":{"line":473,"column":6}},{"start":{"line":473,"column":6},"end":{"line":473,"column":6}}]},"40":{"line":505,"type":"binary-expr","locations":[{"start":{"line":505,"column":9},"end":{"line":505,"column":28}},{"start":{"line":505,"column":32},"end":{"line":505,"column":55}},{"start":{"line":505,"column":59},"end":{"line":505,"column":85}},{"start":{"line":505,"column":89},"end":{"line":505,"column":108}}]},"41":{"line":530,"type":"binary-expr","locations":[{"start":{"line":530,"column":9},"end":{"line":530,"column":40}},{"start":{"line":530,"column":44},"end":{"line":530,"column":105}}]},"42":{"line":544,"type":"cond-expr","locations":[{"start":{"line":545,"column":9},"end":{"line":545,"column":37}},{"start":{"line":546,"column":9},"end":{"line":546,"column":14}}]},"43":{"line":548,"type":"cond-expr","locations":[{"start":{"line":549,"column":9},"end":{"line":549,"column":51}},{"start":{"line":550,"column":9},"end":{"line":550,"column":14}}]},"44":{"line":552,"type":"if","locations":[{"start":{"line":552,"column":2},"end":{"line":552,"column":2}},{"start":{"line":552,"column":2},"end":{"line":552,"column":2}}]},"45":{"line":552,"type":"binary-expr","locations":[{"start":{"line":552,"column":7},"end":{"line":552,"column":28}},{"start":{"line":552,"column":32},"end":{"line":552,"column":55}}]},"46":{"line":559,"type":"if","locations":[{"start":{"line":559,"column":2},"end":{"line":559,"column":2}},{"start":{"line":559,"column":2},"end":{"line":559,"column":2}}]},"47":{"line":583,"type":"if","locations":[{"start":{"line":583,"column":4},"end":{"line":583,"column":4}},{"start":{"line":583,"column":4},"end":{"line":583,"column":4}}]},"48":{"line":583,"type":"binary-expr","locations":[{"start":{"line":583,"column":9},"end":{"line":583,"column":14}},{"start":{"line":583,"column":18},"end":{"line":583,"column":28}}]},"49":{"line":628,"type":"if","locations":[{"start":{"line":628,"column":2},"end":{"line":628,"column":2}},{"start":{"line":628,"column":2},"end":{"line":628,"column":2}}]},"50":{"line":634,"type":"if","locations":[{"start":{"line":634,"column":2},"end":{"line":634,"column":2}},{"start":{"line":634,"column":2},"end":{"line":634,"column":2}}]},"51":{"line":634,"type":"binary-expr","locations":[{"start":{"line":634,"column":7},"end":{"line":634,"column":28}},{"start":{"line":634,"column":32},"end":{"line":634,"column":74}}]},"52":{"line":651,"type":"if","locations":[{"start":{"line":651,"column":3},"end":{"line":651,"column":3}},{"start":{"line":651,"column":3},"end":{"line":651,"column":3}}]},"53":{"line":654,"type":"if","locations":[{"start":{"line":654,"column":5},"end":{"line":654,"column":5}},{"start":{"line":654,"column":5},"end":{"line":654,"column":5}}]},"54":{"line":654,"type":"binary-expr","locations":[{"start":{"line":654,"column":10},"end":{"line":654,"column":38}},{"start":{"line":654,"column":42},"end":{"line":654,"column":67}},{"start":{"line":654,"column":71},"end":{"line":654,"column":97}}]},"55":{"line":665,"type":"if","locations":[{"start":{"line":665,"column":5},"end":{"line":665,"column":5}},{"start":{"line":665,"column":5},"end":{"line":665,"column":5}}]},"56":{"line":665,"type":"binary-expr","locations":[{"start":{"line":665,"column":10},"end":{"line":665,"column":38}},{"start":{"line":665,"column":42},"end":{"line":665,"column":67}},{"start":{"line":665,"column":71},"end":{"line":665,"column":97}}]},"57":{"line":667,"type":"if","locations":[{"start":{"line":667,"column":6},"end":{"line":667,"column":6}},{"start":{"line":667,"column":6},"end":{"line":667,"column":6}}]},"58":{"line":667,"type":"binary-expr","locations":[{"start":{"line":667,"column":11},"end":{"line":667,"column":43}},{"start":{"line":667,"column":47},"end":{"line":667,"column":82}}]},"59":{"line":695,"type":"if","locations":[{"start":{"line":695,"column":3},"end":{"line":695,"column":3}},{"start":{"line":695,"column":3},"end":{"line":695,"column":3}}]},"60":{"line":698,"type":"if","locations":[{"start":{"line":698,"column":3},"end":{"line":698,"column":3}},{"start":{"line":698,"column":3},"end":{"line":698,"column":3}}]},"61":{"line":700,"type":"if","locations":[{"start":{"line":700,"column":4},"end":{"line":700,"column":4}},{"start":{"line":700,"column":4},"end":{"line":700,"column":4}}]},"62":{"line":705,"type":"if","locations":[{"start":{"line":705,"column":2},"end":{"line":705,"column":2}},{"start":{"line":705,"column":2},"end":{"line":705,"column":2}}]},"63":{"line":722,"type":"if","locations":[{"start":{"line":722,"column":3},"end":{"line":722,"column":3}},{"start":{"line":722,"column":3},"end":{"line":722,"column":3}}]},"64":{"line":729,"type":"if","locations":[{"start":{"line":729,"column":3},"end":{"line":729,"column":3}},{"start":{"line":729,"column":3},"end":{"line":729,"column":3}}]},"65":{"line":744,"type":"if","locations":[{"start":{"line":744,"column":2},"end":{"line":744,"column":2}},{"start":{"line":744,"column":2},"end":{"line":744,"column":2}}]}}},"C:\\UserFiles\\Projects\\Js\\EventRequest\\server\\components\\body_parsers\\form_body_parser.js":{"path":"C:\\UserFiles\\Projects\\Js\\EventRequest\\server\\components\\body_parsers\\form_body_parser.js","s":{"1":1,"2":1,"3":1,"4":1,"5":14,"6":14,"7":14,"8":14,"9":16,"10":16,"11":7,"12":7,"13":7,"14":7,"15":1,"16":6,"17":6,"18":6,"19":6,"20":6,"21":6,"22":6,"23":6,"24":6,"25":5,"26":1,"27":0,"28":1,"29":1,"30":1,"31":1,"32":1,"33":1,"34":1,"35":0,"36":1,"37":1,"38":1},"b":{"1":[9,5],"2":[10,4],"3":[16,15],"4":[1,6],"5":[6,0],"6":[6,0],"7":[6,0],"8":[5,1],"9":[6,1],"10":[0,1],"11":[1,0,0,0],"12":[0,1]},"f":{"1":14,"2":16,"3":7},"fnMap":{"1":{"name":"(anonymous_1)","line":24,"loc":{"start":{"line":24,"column":12},"end":{"line":25,"column":1}}},"2":{"name":"(anonymous_2)","line":46,"loc":{"start":{"line":46,"column":9},"end":{"line":47,"column":1}}},"3":{"name":"(anonymous_3)","line":55,"loc":{"start":{"line":55,"column":6},"end":{"line":56,"column":1}}}},"statementMap":{"1":{"start":{"line":4,"column":0},"end":{"line":4,"column":48}},"2":{"start":{"line":9,"column":0},"end":{"line":9,"column":71}},"3":{"start":{"line":10,"column":0},"end":{"line":10,"column":49}},"4":{"start":{"line":11,"column":0},"end":{"line":11,"column":45}},"5":{"start":{"line":26,"column":2},"end":{"line":26,"column":10}},"6":{"start":{"line":27,"column":2},"end":{"line":27,"column":28}},"7":{"start":{"line":30,"column":2},"end":{"line":32,"column":19}},"8":{"start":{"line":34,"column":2},"end":{"line":36,"column":16}},"9":{"start":{"line":48,"column":2},"end":{"line":48,"column":68}},"10":{"start":{"line":49,"column":2},"end":{"line":49,"column":101}},"11":{"start":{"line":57,"column":2},"end":{"line":113,"column":4}},"12":{"start":{"line":58,"column":3},"end":{"line":58,"column":21}},"13":{"start":{"line":59,"column":3},"end":{"line":59,"column":25}},"14":{"start":{"line":61,"column":3},"end":{"line":62,"column":47}},"15":{"start":{"line":62,"column":4},"end":{"line":62,"column":47}},"16":{"start":{"line":64,"column":3},"end":{"line":74,"column":6}},"17":{"start":{"line":66,"column":4},"end":{"line":73,"column":5}},"18":{"start":{"line":68,"column":5},"end":{"line":72,"column":6}},"19":{"start":{"line":70,"column":6},"end":{"line":70,"column":27}},"20":{"start":{"line":71,"column":6},"end":{"line":71,"column":35}},"21":{"start":{"line":76,"column":3},"end":{"line":112,"column":6}},"22":{"start":{"line":77,"column":4},"end":{"line":111,"column":5}},"23":{"start":{"line":79,"column":5},"end":{"line":79,"column":55}},"24":{"start":{"line":81,"column":5},"end":{"line":82,"column":50}},"25":{"start":{"line":82,"column":6},"end":{"line":82,"column":50}},"26":{"start":{"line":84,"column":5},"end":{"line":93,"column":6}},"27":{"start":{"line":92,"column":6},"end":{"line":92,"column":50}},"28":{"start":{"line":95,"column":5},"end":{"line":95,"column":37}},"29":{"start":{"line":96,"column":5},"end":{"line":96,"column":30}},"30":{"start":{"line":97,"column":5},"end":{"line":97,"column":23}},"31":{"start":{"line":98,"column":5},"end":{"line":98,"column":47}},"32":{"start":{"line":100,"column":5},"end":{"line":108,"column":6}},"33":{"start":{"line":102,"column":6},"end":{"line":102,"column":47}},"34":{"start":{"line":104,"column":6},"end":{"line":105,"column":16}},"35":{"start":{"line":105,"column":7},"end":{"line":105,"column":16}},"36":{"start":{"line":107,"column":6},"end":{"line":107,"column":54}},"37":{"start":{"line":110,"column":5},"end":{"line":110,"column":34}},"38":{"start":{"line":117,"column":0},"end":{"line":117,"column":32}}},"branchMap":{"1":{"line":30,"type":"cond-expr","locations":[{"start":{"line":31,"column":10},"end":{"line":31,"column":34}},{"start":{"line":32,"column":10},"end":{"line":32,"column":18}}]},"2":{"line":34,"type":"cond-expr","locations":[{"start":{"line":35,"column":10},"end":{"line":35,"column":24}},{"start":{"line":36,"column":10},"end":{"line":36,"column":15}}]},"3":{"line":49,"type":"binary-expr","locations":[{"start":{"line":49,"column":9},"end":{"line":49,"column":40}},{"start":{"line":49,"column":44},"end":{"line":49,"column":100}}]},"4":{"line":61,"type":"if","locations":[{"start":{"line":61,"column":3},"end":{"line":61,"column":3}},{"start":{"line":61,"column":3},"end":{"line":61,"column":3}}]},"5":{"line":66,"type":"if","locations":[{"start":{"line":66,"column":4},"end":{"line":66,"column":4}},{"start":{"line":66,"column":4},"end":{"line":66,"column":4}}]},"6":{"line":68,"type":"if","locations":[{"start":{"line":68,"column":5},"end":{"line":68,"column":5}},{"start":{"line":68,"column":5},"end":{"line":68,"column":5}}]},"7":{"line":77,"type":"if","locations":[{"start":{"line":77,"column":4},"end":{"line":77,"column":4}},{"start":{"line":77,"column":4},"end":{"line":77,"column":4}}]},"8":{"line":81,"type":"if","locations":[{"start":{"line":81,"column":5},"end":{"line":81,"column":5}},{"start":{"line":81,"column":5},"end":{"line":81,"column":5}}]},"9":{"line":81,"type":"binary-expr","locations":[{"start":{"line":81,"column":10},"end":{"line":81,"column":47}},{"start":{"line":81,"column":51},"end":{"line":81,"column":70}}]},"10":{"line":84,"type":"if","locations":[{"start":{"line":84,"column":5},"end":{"line":84,"column":5}},{"start":{"line":84,"column":5},"end":{"line":84,"column":5}}]},"11":{"line":85,"type":"binary-expr","locations":[{"start":{"line":85,"column":6},"end":{"line":85,"column":17}},{"start":{"line":87,"column":7},"end":{"line":87,"column":40}},{"start":{"line":88,"column":10},"end":{"line":88,"column":69}},{"start":{"line":89,"column":10},"end":{"line":89,"column":74}}]},"12":{"line":104,"type":"if","locations":[{"start":{"line":104,"column":6},"end":{"line":104,"column":6}},{"start":{"line":104,"column":6},"end":{"line":104,"column":6}}]}}}}