TN:
SF:server\event_request.js
FN:20,(anonymous_0)
FN:29,(anonymous_1)
FN:51,(anonymous_2)
FN:65,(anonymous_3)
FN:94,(anonymous_4)
FN:112,(anonymous_5)
FN:156,(anonymous_6)
FN:181,(anonymous_7)
FN:234,(anonymous_8)
FN:252,(anonymous_9)
FN:273,(anonymous_10)
FN:289,(anonymous_11)
FN:301,(anonymous_12)
FN:313,(anonymous_13)
FN:326,(anonymous_14)
FN:346,(anonymous_15)
FN:358,(anonymous_16)
FN:375,(anonymous_17)
FN:394,(anonymous_18)
FN:395,(anonymous_19)
FN:416,(anonymous_20)
FNF:21
FNH:21
FNDA:1286,(anonymous_0)
FNDA:8,(anonymous_1)
FNDA:2651,(anonymous_2)
FNDA:952,(anonymous_3)
FNDA:38,(anonymous_4)
FNDA:24,(anonymous_5)
FNDA:495,(anonymous_6)
FNDA:496,(anonymous_7)
FNDA:370,(anonymous_8)
FNDA:15,(anonymous_9)
FNDA:104,(anonymous_10)
FNDA:1,(anonymous_11)
FNDA:135,(anonymous_12)
FNDA:187,(anonymous_13)
FNDA:5,(anonymous_14)
FNDA:6143,(anonymous_15)
FNDA:477,(anonymous_16)
FNDA:2651,(anonymous_17)
FNDA:3,(anonymous_18)
FNDA:3,(anonymous_19)
FNDA:153,(anonymous_20)
DA:4,1
DA:5,1
DA:6,1
DA:7,1
DA:8,1
DA:9,1
DA:22,1286
DA:23,1286
DA:25,1286
DA:26,1285
DA:27,1285
DA:29,1285
DA:30,8
DA:31,8
DA:34,1285
DA:35,1285
DA:36,1285
DA:37,1285
DA:38,1285
DA:39,1285
DA:40,1285
DA:41,1285
DA:42,1285
DA:43,1285
DA:44,1285
DA:45,1285
DA:46,1285
DA:47,1285
DA:50,1285
DA:51,1285
DA:52,2651
DA:67,952
DA:69,952
DA:70,952
DA:71,952
DA:72,952
DA:73,952
DA:74,952
DA:75,952
DA:76,952
DA:77,952
DA:78,952
DA:79,952
DA:80,952
DA:81,952
DA:83,952
DA:84,952
DA:96,38
DA:114,24
DA:115,24
DA:123,24
DA:124,11
DA:126,13
DA:128,13
DA:134,39
DA:135,16
DA:137,39
DA:140,13
DA:141,13
DA:145,13
DA:147,13
DA:148,13
DA:158,495
DA:160,495
DA:164,1
DA:183,496
DA:185,496
DA:186,166
DA:188,496
DA:194,10
DA:195,10
DA:199,486
DA:201,481
DA:203,481
DA:207,1
DA:211,486
DA:214,496
DA:216,496
DA:217,485
DA:219,496
DA:221,496
DA:236,370
DA:238,370
DA:239,369
DA:242,1
DA:254,15
DA:256,15
DA:257,14
DA:260,1
DA:275,104
DA:291,1
DA:303,135
DA:315,187
DA:328,5
DA:330,5
DA:332,4
DA:333,4
DA:337,1
DA:348,6143
DA:360,477
DA:377,2651
DA:378,18
DA:380,2633
DA:382,2633
DA:384,2631
DA:385,92
DA:387,2539
DA:389,2539
DA:390,2539
DA:392,2538
DA:394,11
DA:395,3
DA:396,3
DA:397,2
DA:404,1
DA:418,153
DA:419,143
DA:421,153
DA:423,153
DA:428,1
LF:120
LH:120
BRDA:29,0,0,1285
BRDA:29,0,1,8
BRDA:112,1,0,8
BRDA:123,2,0,11
BRDA:123,2,1,13
BRDA:134,3,0,16
BRDA:134,3,1,23
BRDA:134,4,0,39
BRDA:134,4,1,30
BRDA:141,5,0,10
BRDA:141,5,1,3
BRDA:156,6,0,2
BRDA:156,7,0,327
BRDA:156,8,0,490
BRDA:181,9,0,1
BRDA:181,10,0,2
BRDA:181,11,0,2
BRDA:185,12,0,166
BRDA:185,12,1,330
BRDA:185,13,0,496
BRDA:185,13,1,166
BRDA:188,14,0,10
BRDA:188,14,1,486
BRDA:189,15,0,496
BRDA:189,15,1,496
BRDA:189,15,2,496
BRDA:189,15,3,10
BRDA:199,16,0,481
BRDA:199,16,1,5
BRDA:203,17,0,321
BRDA:203,17,1,160
BRDA:216,18,0,485
BRDA:216,18,1,11
BRDA:216,19,0,496
BRDA:216,19,1,15
BRDA:238,20,0,369
BRDA:238,20,1,1
BRDA:256,21,0,14
BRDA:256,21,1,1
BRDA:273,22,0,101
BRDA:275,23,0,12
BRDA:275,23,1,92
BRDA:277,24,0,90
BRDA:277,24,1,2
BRDA:279,25,0,1
BRDA:279,25,1,1
BRDA:303,26,0,135
BRDA:303,26,1,41
BRDA:315,27,0,186
BRDA:315,27,1,1
BRDA:326,28,0,2
BRDA:330,29,0,4
BRDA:330,29,1,1
BRDA:348,30,0,6143
BRDA:348,30,1,6132
BRDA:377,31,0,18
BRDA:377,31,1,2633
BRDA:378,32,0,7
BRDA:378,32,1,11
BRDA:382,33,0,2631
BRDA:382,33,1,2
BRDA:384,34,0,92
BRDA:384,34,1,2539
BRDA:392,35,0,11
BRDA:392,35,1,2527
BRDA:396,36,0,2
BRDA:396,36,1,1
BRDA:418,37,0,143
BRDA:418,37,1,10
BRDA:418,38,0,153
BRDA:418,38,1,11
BRDA:418,38,2,11
BRF:72
BRH:72
end_of_record
TN:
SF:server\server.js
FN:41,(anonymous_0)
FN:61,(anonymous_1)
FN:73,(anonymous_2)
FN:122,(anonymous_3)
FN:132,(anonymous_4)
FN:148,(anonymous_5)
FN:177,(anonymous_6)
FN:182,(anonymous_7)
FN:193,(anonymous_8)
FN:209,(anonymous_9)
FN:227,(anonymous_10)
FN:239,(anonymous_11)
FN:241,(anonymous_12)
FN:244,(anonymous_13)
FN:252,(anonymous_14)
FN:266,(anonymous_15)
FN:289,(anonymous_16)
FNF:17
FNH:17
FNDA:69,(anonymous_0)
FNDA:14,(anonymous_1)
FNDA:69,(anonymous_2)
FNDA:2,(anonymous_3)
FNDA:74,(anonymous_4)
FNDA:204,(anonymous_5)
FNDA:202,(anonymous_6)
FNDA:5,(anonymous_7)
FNDA:126,(anonymous_8)
FNDA:13,(anonymous_9)
FNDA:44,(anonymous_10)
FNDA:50,(anonymous_11)
FNDA:454,(anonymous_12)
FNDA:455,(anonymous_13)
FNDA:2,(anonymous_14)
FNDA:148,(anonymous_15)
FNDA:42,(anonymous_16)
DA:4,1
DA:5,1
DA:6,1
DA:7,1
DA:8,1
DA:9,1
DA:10,1
DA:11,1
DA:13,1
DA:14,1
DA:15,1
DA:16,1
DA:17,1
DA:18,1
DA:19,1
DA:20,1
DA:21,1
DA:22,1
DA:23,1
DA:24,1
DA:25,1
DA:26,1
DA:28,1
DA:29,1
DA:30,1
DA:31,1
DA:43,69
DA:44,69
DA:46,69
DA:47,69
DA:48,69
DA:50,69
DA:51,69
DA:53,69
DA:63,14
DA:65,12
DA:76,69
DA:77,69
DA:78,69
DA:79,69
DA:80,69
DA:81,69
DA:82,69
DA:83,69
DA:84,69
DA:85,69
DA:86,69
DA:87,69
DA:88,69
DA:89,69
DA:90,69
DA:91,69
DA:92,69
DA:94,69
DA:95,69
DA:96,69
DA:97,69
DA:98,69
DA:99,69
DA:100,69
DA:101,69
DA:102,69
DA:103,69
DA:104,69
DA:105,69
DA:106,69
DA:107,69
DA:108,69
DA:109,69
DA:110,69
DA:112,69
DA:113,69
DA:114,69
DA:124,2
DA:134,74
DA:150,204
DA:153,3
DA:155,2
DA:159,1
DA:162,202
DA:163,103
DA:165,202
DA:167,198
DA:179,202
DA:180,202
DA:182,202
DA:184,5
DA:185,2
DA:189,200
DA:191,198
DA:193,198
DA:194,126
DA:197,198
DA:211,13
DA:213,13
DA:214,11
DA:217,2
DA:229,44
DA:231,44
DA:241,50
DA:242,454
DA:244,454
DA:245,455
DA:247,453
DA:248,453
DA:252,454
DA:253,2
DA:255,1
DA:256,1
DA:260,454
DA:262,454
DA:264,452
DA:266,452
DA:267,148
DA:268,139
DA:271,452
DA:272,452
DA:274,452
DA:278,2
DA:279,1
DA:291,42
DA:293,42
DA:297,1
LF:123
LH:123
BRDA:148,0,0,101
BRDA:150,1,0,201
BRDA:150,1,1,3
BRDA:153,2,0,2
BRDA:153,2,1,1
BRDA:162,3,0,103
BRDA:162,3,1,99
BRDA:162,4,0,202
BRDA:162,4,1,103
BRDA:184,5,0,2
BRDA:184,5,1,3
BRDA:211,6,0,6
BRDA:211,6,1,7
BRDA:213,7,0,11
BRDA:213,7,1,2
BRDA:229,8,0,24
BRDA:229,8,1,20
BRDA:245,9,0,453
BRDA:245,9,1,2
BRDA:245,10,0,455
BRDA:245,10,1,453
BRDA:253,11,0,1
BRDA:253,11,1,1
BRDA:253,12,0,2
BRDA:253,12,1,1
BRDA:267,13,0,139
BRDA:267,13,1,9
BRDA:267,14,0,148
BRDA:267,14,1,148
BRDA:278,15,0,1
BRDA:278,15,1,1
BRF:31
BRH:31
end_of_record
TN:
SF:server\components\body_parsers\body_parser_handler.js
FN:10,(anonymous_0)
FN:24,(anonymous_1)
FN:41,(anonymous_2)
FNF:3
FNH:3
FNDA:51,(anonymous_0)
FNDA:50,(anonymous_1)
FNDA:48,(anonymous_2)
DA:3,1
DA:12,51
DA:14,51
DA:26,50
DA:28,1
DA:31,49
DA:43,48
DA:45,47
DA:47,29
DA:48,29
DA:52,19
DA:56,1
LF:12
LH:12
BRDA:26,0,0,1
BRDA:26,0,1,49
BRDA:26,1,0,50
BRDA:26,1,1,49
BRDA:45,2,0,29
BRDA:45,2,1,18
BRF:6
BRH:6
end_of_record
TN:
SF:server\components\body_parsers\form_body_parser.js
FN:24,(anonymous_0)
FN:46,(anonymous_1)
FN:55,(anonymous_2)
FN:57,(anonymous_3)
FN:64,(anonymous_4)
FN:75,(anonymous_5)
FNF:6
FNH:6
FNDA:19,(anonymous_0)
FNDA:21,(anonymous_1)
FNDA:12,(anonymous_2)
FNDA:12,(anonymous_3)
FNDA:11,(anonymous_4)
FNDA:11,(anonymous_5)
DA:4,1
DA:9,1
DA:10,1
DA:11,1
DA:26,19
DA:27,19
DA:30,19
DA:34,19
DA:48,21
DA:49,21
DA:57,12
DA:58,12
DA:59,12
DA:61,12
DA:62,1
DA:64,11
DA:66,11
DA:68,10
DA:70,10
DA:71,5
DA:75,11
DA:76,11
DA:78,10
DA:80,10
DA:81,6
DA:83,4
DA:85,4
DA:92,1
DA:95,3
DA:96,3
DA:97,3
DA:98,3
DA:100,3
DA:102,4
DA:104,4
DA:105,1
DA:107,3
DA:110,3
DA:117,1
LF:39
LH:39
BRDA:24,0,0,3
BRDA:30,1,0,9
BRDA:30,1,1,10
BRDA:34,2,0,15
BRDA:34,2,1,4
BRDA:49,3,0,21
BRDA:49,3,1,20
BRDA:61,4,0,1
BRDA:61,4,1,11
BRDA:66,5,0,10
BRDA:66,5,1,1
BRDA:70,6,0,5
BRDA:70,6,1,5
BRDA:76,7,0,10
BRDA:76,7,1,1
BRDA:80,8,0,6
BRDA:80,8,1,4
BRDA:80,9,0,10
BRDA:80,9,1,5
BRDA:85,10,0,1
BRDA:85,10,1,3
BRDA:86,11,0,4
BRDA:86,11,1,3
BRDA:86,11,2,2
BRDA:104,12,0,1
BRDA:104,12,1,3
BRF:26
BRH:26
end_of_record
TN:
SF:server\components\body_parsers\json_body_parser.js
FN:24,(anonymous_0)
FN:46,(anonymous_1)
FN:59,(anonymous_2)
FN:61,(anonymous_3)
FN:68,(anonymous_4)
FN:79,(anonymous_5)
FNF:6
FNH:6
FNDA:43,(anonymous_0)
FNDA:49,(anonymous_1)
FNDA:20,(anonymous_2)
FNDA:20,(anonymous_3)
FNDA:19,(anonymous_4)
FNDA:19,(anonymous_5)
DA:4,1
DA:9,1
DA:10,1
DA:11,1
DA:26,43
DA:27,43
DA:30,43
DA:34,43
DA:48,49
DA:49,49
DA:61,20
DA:62,20
DA:63,20
DA:65,20
DA:66,1
DA:68,19
DA:70,19
DA:72,18
DA:74,18
DA:75,13
DA:79,19
DA:80,19
DA:82,18
DA:84,18
DA:85,5
DA:87,13
DA:95,1
DA:98,12
DA:100,12
DA:101,12
DA:102,11
DA:103,11
DA:105,11
DA:109,1
DA:117,1
LF:35
LH:35
BRDA:24,0,0,7
BRDA:30,1,0,22
BRDA:30,1,1,21
BRDA:34,2,0,9
BRDA:34,2,1,34
BRDA:49,3,0,49
BRDA:49,3,1,48
BRDA:65,4,0,1
BRDA:65,4,1,19
BRDA:70,5,0,18
BRDA:70,5,1,1
BRDA:74,6,0,13
BRDA:74,6,1,5
BRDA:80,7,0,18
BRDA:80,7,1,1
BRDA:84,8,0,5
BRDA:84,8,1,13
BRDA:84,9,0,18
BRDA:84,9,1,13
BRDA:87,10,0,1
BRDA:87,10,1,12
BRDA:88,11,0,13
BRDA:88,11,1,1
BRDA:88,11,2,1
BRDA:88,11,3,1
BRF:25
BRH:25
end_of_record
TN:
SF:server\components\body_parsers\multipart_data_parser.js
FN:54,(anonymous_0)
FN:82,(anonymous_1)
FN:100,(anonymous_2)
FN:113,(anonymous_3)
FN:131,(anonymous_4)
FN:145,(anonymous_5)
FN:156,(anonymous_6)
FN:186,(anonymous_7)
FN:207,(anonymous_8)
FN:234,(anonymous_9)
FN:254,(anonymous_10)
FN:279,(anonymous_11)
FN:448,(anonymous_12)
FN:460,(anonymous_13)
FN:472,(anonymous_14)
FN:487,(anonymous_15)
FN:520,(anonymous_16)
FN:522,(anonymous_17)
FN:525,(anonymous_18)
FN:531,(anonymous_19)
FN:536,(anonymous_20)
FN:544,(anonymous_21)
FN:568,(anonymous_22)
FN:591,(anonymous_23)
FN:593,(anonymous_24)
FN:596,(anonymous_25)
FN:603,(anonymous_26)
FN:625,(anonymous_27)
FN:638,(anonymous_28)
FN:644,(anonymous_29)
FN:666,(anonymous_30)
FN:668,(anonymous_31)
FN:675,(anonymous_32)
FN:689,(anonymous_33)
FNF:34
FNH:34
FNDA:688,(anonymous_0)
FNDA:668,(anonymous_1)
FNDA:21,(anonymous_2)
FNDA:2671,(anonymous_3)
FNDA:1328,(anonymous_4)
FNDA:667,(anonymous_5)
FNDA:666,(anonymous_6)
FNDA:2325,(anonymous_7)
FNDA:671,(anonymous_8)
FNDA:1658,(anonymous_9)
FNDA:2376,(anonymous_10)
FNDA:1657,(anonymous_11)
FNDA:2621,(anonymous_12)
FNDA:4,(anonymous_13)
FNDA:8,(anonymous_14)
FNDA:674,(anonymous_15)
FNDA:671,(anonymous_16)
FNDA:671,(anonymous_17)
FNDA:671,(anonymous_18)
FNDA:2,(anonymous_19)
FNDA:666,(anonymous_20)
FNDA:6,(anonymous_21)
FNDA:671,(anonymous_22)
FNDA:673,(anonymous_23)
FNDA:671,(anonymous_24)
FNDA:1322,(anonymous_25)
FNDA:7,(anonymous_26)
FNDA:1322,(anonymous_27)
FNDA:667,(anonymous_28)
FNDA:1993,(anonymous_29)
FNDA:669,(anonymous_30)
FNDA:1658,(anonymous_31)
FNDA:668,(anonymous_32)
FNDA:667,(anonymous_33)
DA:4,1
DA:5,1
DA:6,1
DA:7,1
DA:8,1
DA:9,1
DA:10,1
DA:11,1
DA:16,1
DA:17,1
DA:18,1
DA:19,1
DA:20,1
DA:21,1
DA:22,1
DA:23,1
DA:24,1
DA:25,1
DA:26,1
DA:27,1
DA:28,1
DA:29,1
DA:31,1
DA:32,1
DA:33,1
DA:34,1
DA:35,1
DA:36,1
DA:38,1
DA:39,1
DA:40,1
DA:56,688
DA:57,688
DA:59,688
DA:60,688
DA:61,688
DA:63,688
DA:64,688
DA:66,688
DA:67,688
DA:68,688
DA:70,688
DA:71,688
DA:72,688
DA:74,688
DA:84,668
DA:85,668
DA:87,668
DA:88,668
DA:90,668
DA:91,668
DA:92,668
DA:102,21
DA:104,1
DA:115,2671
DA:133,1328
DA:134,1328
DA:135,1328
DA:147,667
DA:148,667
DA:158,666
DA:160,666
DA:166,1992
DA:167,1992
DA:168,1992
DA:170,1992
DA:172,1326
DA:175,1992
DA:176,1992
DA:177,1992
DA:188,2325
DA:189,2325
DA:191,1655
DA:195,670
DA:196,670
DA:209,671
DA:210,671
DA:211,671
DA:213,671
DA:215,1339
DA:217,670
DA:218,670
DA:219,670
DA:223,1
DA:224,1
DA:236,1658
DA:238,1658
DA:242,3
DA:256,2376
DA:258,772
DA:260,1604
DA:262,1603
DA:266,1
DA:269,2375
DA:281,1657
DA:282,1657
DA:283,1657
DA:285,1657
DA:287,14297
DA:290,2663
DA:291,2663
DA:295,2977
DA:296,2977
DA:297,980
DA:299,1997
DA:300,667
DA:303,1997
DA:304,1997
DA:306,1997
DA:308,2292
DA:309,2292
DA:310,2292
DA:311,2292
DA:312,2292
DA:316,2292
DA:318,6052
DA:320,6052
DA:322,2
DA:323,2
DA:326,6050
DA:328,2073
DA:330,3977
DA:332,1997
DA:336,1980
DA:339,4070
DA:340,4070
DA:344,2292
DA:349,295
DA:353,1997
DA:354,1997
DA:356,1997
DA:357,1328
DA:359,1997
DA:360,1995
DA:362,2
DA:365,1995
DA:367,1995
DA:368,1995
DA:370,1330
DA:373,1327
DA:377,1330
DA:380,1995
DA:383,1328
DA:384,1328
DA:385,1328
DA:387,667
DA:390,667
DA:391,667
DA:394,1995
DA:395,1995
DA:398,1995
DA:399,1328
DA:401,1995
DA:402,1995
DA:405,2375
DA:406,2375
DA:410,380
DA:411,380
DA:412,380
DA:413,380
DA:416,380
DA:420,1995
DA:421,1995
DA:422,1328
DA:424,1995
DA:425,1995
DA:427,1995
DA:429,1995
DA:430,1995
DA:431,1995
DA:433,1995
DA:434,1995
DA:450,2621
DA:462,4
DA:474,8
DA:475,8
DA:489,674
DA:493,674
DA:497,674
DA:499,3
DA:502,671
DA:504,671
DA:505,1
DA:507,670
DA:522,671
DA:523,671
DA:525,671
DA:526,671
DA:528,669
DA:529,669
DA:531,669
DA:532,2
DA:533,2
DA:536,669
DA:537,666
DA:538,666
DA:539,666
DA:541,666
DA:544,669
DA:545,6
DA:548,669
DA:552,2
DA:553,2
DA:570,671
DA:571,671
DA:573,1
DA:574,1
DA:577,670
DA:579,1
DA:580,1
DA:583,669
DA:593,673
DA:594,671
DA:596,662
DA:597,1322
DA:598,1320
DA:603,9
DA:604,7
DA:606,2
DA:607,2
DA:609,2
DA:614,671
DA:640,667
DA:644,667
DA:645,1993
DA:646,1326
DA:648,1993
DA:649,666
DA:652,667
DA:653,3
DA:655,667
DA:657,667
DA:658,3
DA:668,669
DA:670,1658
DA:671,1657
DA:675,669
DA:676,668
DA:678,666
DA:691,667
DA:693,667
DA:694,667
DA:699,1
LF:243
LH:243
BRDA:54,0,0,5
BRDA:59,1,0,688
BRDA:59,1,1,685
BRDA:60,2,0,688
BRDA:60,2,1,5
BRDA:61,3,0,688
BRDA:61,3,1,687
BRDA:102,4,0,1
BRDA:102,4,1,20
BRDA:170,5,0,1326
BRDA:170,5,1,666
BRDA:170,6,0,1992
BRDA:170,6,1,1326
BRDA:189,7,0,1655
BRDA:189,7,1,670
BRDA:215,8,0,670
BRDA:215,8,1,669
BRDA:256,9,0,772
BRDA:256,9,1,1604
BRDA:260,10,0,1603
BRDA:260,10,1,1
BRDA:260,11,0,1604
BRDA:260,11,1,1603
BRDA:287,12,0,2663
BRDA:287,12,1,2977
BRDA:287,12,2,2292
BRDA:287,12,3,1995
BRDA:287,12,4,2375
BRDA:287,12,5,1995
BRDA:296,13,0,980
BRDA:296,13,1,1997
BRDA:296,14,0,2977
BRDA:296,14,1,2710
BRDA:299,15,0,667
BRDA:299,15,1,1330
BRDA:320,16,0,2
BRDA:320,16,1,6050
BRDA:320,17,0,6052
BRDA:320,17,1,1995
BRDA:326,18,0,2073
BRDA:326,18,1,3977
BRDA:330,19,0,1997
BRDA:330,19,1,1980
BRDA:344,20,0,295
BRDA:344,20,1,1997
BRDA:344,21,0,2292
BRDA:344,21,1,2073
BRDA:344,21,2,1997
BRDA:356,22,0,1328
BRDA:356,22,1,669
BRDA:359,23,0,1995
BRDA:359,23,1,2
BRDA:368,24,0,1330
BRDA:368,24,1,665
BRDA:370,25,0,1327
BRDA:370,25,1,3
BRDA:380,26,0,1328
BRDA:380,26,1,667
BRDA:380,27,0,1995
BRDA:380,27,1,1328
BRDA:387,28,0,667
BRDA:387,28,1,0
BRDA:398,29,0,1328
BRDA:398,29,1,667
BRDA:398,30,0,1995
BRDA:398,30,1,1328
BRDA:406,31,0,380
BRDA:406,31,1,1995
BRDA:421,32,0,1328
BRDA:421,32,1,667
BRDA:450,33,0,2621
BRDA:450,33,1,2621
BRDA:450,33,2,2621
BRDA:450,33,3,2618
BRDA:475,34,0,8
BRDA:475,34,1,8
BRDA:489,35,0,672
BRDA:489,35,1,2
BRDA:493,36,0,672
BRDA:493,36,1,2
BRDA:497,37,0,3
BRDA:497,37,1,671
BRDA:497,38,0,674
BRDA:497,38,1,672
BRDA:504,39,0,1
BRDA:504,39,1,670
BRDA:526,40,0,669
BRDA:526,40,1,2
BRDA:526,41,0,671
BRDA:526,41,1,669
BRDA:571,42,0,1
BRDA:571,42,1,670
BRDA:577,43,0,1
BRDA:577,43,1,669
BRDA:577,44,0,670
BRDA:577,44,1,1
BRDA:594,45,0,662
BRDA:594,45,1,9
BRDA:597,46,0,1320
BRDA:597,46,1,2
BRDA:597,47,0,1322
BRDA:597,47,1,1322
BRDA:597,47,2,1322
BRDA:604,48,0,2
BRDA:604,48,1,5
BRDA:604,49,0,7
BRDA:604,49,1,4
BRDA:604,49,2,4
BRDA:606,50,0,2
BRDA:606,50,1,0
BRDA:606,51,0,2
BRDA:606,51,1,2
BRDA:645,52,0,1326
BRDA:645,52,1,667
BRDA:648,53,0,666
BRDA:648,53,1,1327
BRDA:648,54,0,1993
BRDA:648,54,1,666
BRDA:652,55,0,3
BRDA:652,55,1,664
BRDA:657,56,0,3
BRDA:657,56,1,664
BRDA:670,57,0,1657
BRDA:670,57,1,1
BRDA:676,58,0,666
BRDA:676,58,1,2
BRDA:693,59,0,667
BRDA:693,59,1,0
BRF:128
BRH:125
end_of_record
TN:
SF:server\components\body_parsers\raw_body_parser.js
FN:16,(anonymous_0)
FN:34,(anonymous_1)
FN:46,(anonymous_2)
FN:48,(anonymous_3)
FN:52,(anonymous_4)
FN:63,(anonymous_5)
FNF:6
FNH:6
FNDA:56,(anonymous_0)
FNDA:2,(anonymous_1)
FNDA:20,(anonymous_2)
FNDA:20,(anonymous_3)
FNDA:20,(anonymous_4)
FNDA:20,(anonymous_5)
DA:4,1
DA:18,56
DA:19,56
DA:22,56
DA:36,2
DA:48,20
DA:49,20
DA:50,20
DA:52,20
DA:54,20
DA:56,19
DA:58,19
DA:59,18
DA:63,20
DA:64,20
DA:66,19
DA:68,19
DA:69,1
DA:71,18
DA:73,18
DA:80,1
LF:21
LH:21
BRDA:16,0,0,53
BRDA:22,1,0,2
BRDA:22,1,1,54
BRDA:54,2,0,19
BRDA:54,2,1,1
BRDA:58,3,0,18
BRDA:58,3,1,1
BRDA:64,4,0,19
BRDA:64,4,1,1
BRDA:68,5,0,1
BRDA:68,5,1,18
BRDA:68,6,0,19
BRDA:68,6,1,18
BRF:13
BRH:13
end_of_record
TN:
SF:server\components\caching\data_server.js
FN:31,(anonymous_0)
FN:51,(anonymous_1)
FN:83,(anonymous_2)
FN:91,(anonymous_3)
FN:103,(anonymous_4)
FN:119,(anonymous_5)
FN:137,(anonymous_6)
FN:153,(anonymous_7)
FN:166,(anonymous_8)
FN:186,(anonymous_9)
FN:188,(anonymous_10)
FN:208,(anonymous_11)
FN:235,(anonymous_12)
FN:237,(anonymous_13)
FN:256,(anonymous_14)
FN:280,(anonymous_15)
FN:282,(anonymous_16)
FN:309,(anonymous_17)
FN:333,(anonymous_18)
FN:335,(anonymous_19)
FN:361,(anonymous_20)
FN:377,(anonymous_21)
FN:379,(anonymous_22)
FN:400,(anonymous_23)
FN:416,(anonymous_24)
FN:418,(anonymous_25)
FN:438,(anonymous_26)
FN:455,(anonymous_27)
FN:474,(anonymous_28)
FN:476,(anonymous_29)
FN:496,(anonymous_30)
FN:498,(anonymous_31)
FN:528,(anonymous_32)
FN:544,(anonymous_33)
FN:546,(anonymous_34)
FN:575,(anonymous_35)
FN:591,(anonymous_36)
FN:614,(anonymous_37)
FN:629,(anonymous_38)
FN:645,(anonymous_39)
FN:671,(anonymous_40)
FN:686,(anonymous_41)
FNF:42
FNH:42
FNDA:117,(anonymous_0)
FNDA:117,(anonymous_1)
FNDA:87,(anonymous_2)
FNDA:16,(anonymous_3)
FNDA:107,(anonymous_4)
FNDA:23,(anonymous_5)
FNDA:107,(anonymous_6)
FNDA:91943,(anonymous_7)
FNDA:9,(anonymous_8)
FNDA:92057,(anonymous_9)
FNDA:92057,(anonymous_10)
FNDA:80560,(anonymous_11)
FNDA:80536,(anonymous_12)
FNDA:80536,(anonymous_13)
FNDA:12,(anonymous_14)
FNDA:8,(anonymous_15)
FNDA:8,(anonymous_16)
FNDA:12,(anonymous_17)
FNDA:8,(anonymous_18)
FNDA:8,(anonymous_19)
FNDA:151228,(anonymous_20)
FNDA:151226,(anonymous_21)
FNDA:151226,(anonymous_22)
FNDA:45730,(anonymous_23)
FNDA:45728,(anonymous_24)
FNDA:45728,(anonymous_25)
FNDA:126264,(anonymous_26)
FNDA:23,(anonymous_27)
FNDA:10,(anonymous_28)
FNDA:10,(anonymous_29)
FNDA:92084,(anonymous_30)
FNDA:92084,(anonymous_31)
FNDA:93,(anonymous_32)
FNDA:91,(anonymous_33)
FNDA:91,(anonymous_34)
FNDA:107,(anonymous_35)
FNDA:87,(anonymous_36)
FNDA:87,(anonymous_37)
FNDA:87,(anonymous_38)
FNDA:3,(anonymous_39)
FNDA:126286,(anonymous_40)
FNDA:126285,(anonymous_41)
DA:3,1
DA:4,1
DA:5,1
DA:6,1
DA:7,1
DA:9,1
DA:14,1
DA:16,1
DA:17,1
DA:18,1
DA:19,1
DA:20,1
DA:33,117
DA:34,117
DA:36,117
DA:37,117
DA:39,117
DA:53,117
DA:55,117
DA:58,117
DA:60,117
DA:64,117
DA:67,117
DA:69,117
DA:73,117
DA:75,117
DA:79,117
DA:81,23
DA:83,23
DA:84,87
DA:85,87
DA:88,23
DA:91,117
DA:92,16
DA:95,117
DA:105,107
DA:107,107
DA:108,116
DA:110,107
DA:111,107
DA:121,23
DA:123,3
DA:124,3
DA:128,20
DA:139,107
DA:140,10
DA:142,107
DA:155,91943
DA:156,7
DA:158,91936
DA:168,9
DA:170,9
DA:171,9
DA:173,9
DA:188,92057
DA:189,92057
DA:191,92057
DA:192,82
DA:194,91975
DA:210,80560
DA:217,24
DA:220,80536
DA:237,80536
DA:238,80536
DA:242,80536
DA:243,80536
DA:258,12
DA:263,4
DA:266,8
DA:282,8
DA:283,8
DA:285,8
DA:286,1
DA:288,7
DA:289,3
DA:291,4
DA:292,4
DA:294,4
DA:296,4
DA:311,12
DA:316,4
DA:319,8
DA:335,8
DA:336,8
DA:338,8
DA:339,1
DA:341,7
DA:342,3
DA:344,4
DA:345,4
DA:347,4
DA:349,4
DA:363,151228
DA:364,2
DA:366,151226
DA:379,151226
DA:380,151226
DA:381,151226
DA:383,151226
DA:385,151226
DA:386,45728
DA:388,151226
DA:402,45730
DA:403,2
DA:405,45728
DA:418,45728
DA:419,45728
DA:421,45728
DA:422,45725
DA:424,45728
DA:440,126264
DA:441,126264
DA:457,23
DA:459,13
DA:462,10
DA:476,10
DA:477,10
DA:479,10
DA:480,2
DA:482,8
DA:483,8
DA:484,8
DA:498,92084
DA:499,92084
DA:500,92084
DA:504,92084
DA:505,1
DA:507,92084
DA:509,86
DA:511,86
DA:514,91998
DA:530,93
DA:531,91
DA:533,2
DA:546,91
DA:547,91
DA:548,84
DA:550,7
DA:551,7
DA:553,7
DA:577,107
DA:579,169
DA:580,40
DA:582,129
DA:593,87
DA:594,87
DA:600,57
DA:602,57
DA:603,56
DA:606,87
DA:608,87
DA:609,87
DA:611,87
DA:612,87
DA:614,87
DA:615,87
DA:616,87
DA:617,87
DA:629,87
DA:630,87
DA:647,3
DA:648,3
DA:650,3
DA:651,3
DA:659,3
DA:661,3
DA:673,126286
DA:674,45733
DA:676,80553
DA:688,126285
DA:692,1
DA:694,1
LF:172
LH:172
BRDA:31,0,0,21
BRDA:55,1,0,19
BRDA:55,1,1,98
BRDA:58,2,0,6
BRDA:58,2,1,111
BRDA:60,3,0,2
BRDA:60,3,1,115
BRDA:64,4,0,1
BRDA:64,4,1,116
BRDA:69,5,0,1
BRDA:69,5,1,116
BRDA:75,6,0,94
BRDA:75,6,1,23
BRDA:79,7,0,23
BRDA:79,7,1,94
BRDA:121,8,0,3
BRDA:121,8,1,20
BRDA:139,9,0,10
BRDA:139,9,1,97
BRDA:153,10,0,91935
BRDA:155,11,0,7
BRDA:155,11,1,91936
BRDA:155,12,0,91943
BRDA:155,12,1,91938
BRDA:166,13,0,1
BRDA:186,14,0,122
BRDA:191,15,0,82
BRDA:191,15,1,91975
BRDA:208,16,0,80515
BRDA:208,17,0,80530
BRDA:210,18,0,24
BRDA:210,18,1,80536
BRDA:211,19,0,80560
BRDA:211,19,1,80548
BRDA:211,19,2,80547
BRDA:211,19,3,80547
BRDA:211,19,4,80540
BRDA:238,20,0,80525
BRDA:238,20,1,11
BRDA:256,21,0,2
BRDA:256,22,0,12
BRDA:258,23,0,4
BRDA:258,23,1,8
BRDA:259,24,0,12
BRDA:259,24,1,12
BRDA:259,24,2,8
BRDA:285,25,0,1
BRDA:285,25,1,7
BRDA:288,26,0,3
BRDA:288,26,1,4
BRDA:309,27,0,2
BRDA:309,28,0,12
BRDA:311,29,0,4
BRDA:311,29,1,8
BRDA:312,30,0,12
BRDA:312,30,1,12
BRDA:312,30,2,8
BRDA:338,31,0,1
BRDA:338,31,1,7
BRDA:341,32,0,3
BRDA:341,32,1,4
BRDA:361,33,0,151227
BRDA:363,34,0,2
BRDA:363,34,1,151226
BRDA:363,35,0,151228
BRDA:363,35,1,151227
BRDA:385,36,0,45728
BRDA:385,36,1,105498
BRDA:400,37,0,45729
BRDA:402,38,0,2
BRDA:402,38,1,45728
BRDA:402,39,0,45730
BRDA:402,39,1,45729
BRDA:421,40,0,45725
BRDA:421,40,1,3
BRDA:455,41,0,7
BRDA:455,42,0,10
BRDA:457,43,0,13
BRDA:457,43,1,10
BRDA:457,44,0,23
BRDA:457,44,1,18
BRDA:457,44,2,10
BRDA:479,45,0,2
BRDA:479,45,1,8
BRDA:482,46,0,5
BRDA:482,46,1,3
BRDA:500,47,0,92001
BRDA:500,47,1,83
BRDA:500,48,0,92084
BRDA:500,48,1,92001
BRDA:504,49,0,1
BRDA:504,49,1,92083
BRDA:504,50,0,92084
BRDA:504,50,1,92001
BRDA:507,51,0,86
BRDA:507,51,1,91998
BRDA:507,52,0,92084
BRDA:507,52,1,92001
BRDA:528,53,0,93
BRDA:530,54,0,91
BRDA:530,54,1,2
BRDA:530,55,0,93
BRDA:530,55,1,91
BRDA:547,56,0,84
BRDA:547,56,1,7
BRDA:579,57,0,40
BRDA:579,57,1,129
BRDA:602,58,0,56
BRDA:602,58,1,1
BRDA:671,59,0,1
BRDA:673,60,0,45733
BRDA:673,60,1,80553
BRDA:676,61,0,34
BRDA:676,61,1,80519
BRDA:686,62,0,2
BRF:115
BRH:115
end_of_record
TN:
SF:server\components\error\error_handler.js
FN:17,(anonymous_0)
FN:31,(anonymous_1)
FN:46,(anonymous_2)
FN:63,(anonymous_3)
FNF:4
FNH:4
FNDA:144,(anonymous_0)
FNDA:144,(anonymous_1)
FNDA:152,(anonymous_2)
FNDA:146,(anonymous_3)
DA:19,144
DA:21,144
DA:33,144
DA:34,4
DA:36,144
DA:48,152
DA:49,4
DA:51,152
DA:65,146
DA:66,145
DA:70,1
LF:11
LH:11
BRDA:17,0,0,3
BRDA:33,1,0,4
BRDA:33,1,1,140
BRDA:48,2,0,4
BRDA:48,2,1,148
BRDA:65,3,0,145
BRDA:65,3,1,1
BRF:7
BRH:7
end_of_record
TN:
SF:server\components\file_streams\abstract_file_stream.js
FN:12,(anonymous_0)
FN:25,(anonymous_1)
FN:36,(anonymous_2)
FNF:3
FNH:3
FNDA:72,(anonymous_0)
FNDA:43,(anonymous_1)
FNDA:1,(anonymous_2)
DA:4,1
DA:14,72
DA:15,72
DA:27,43
DA:28,43
DA:38,1
DA:42,1
LF:7
LH:7
BRDA:12,0,0,2
BRDA:12,1,0,3
BRF:2
BRH:2
end_of_record
TN:
SF:server\components\file_streams\audio_file_stream.js
FN:13,(anonymous_0)
FN:27,(anonymous_1)
FNF:2
FNH:2
FNDA:18,(anonymous_0)
FNDA:5,(anonymous_1)
DA:4,1
DA:5,1
DA:6,1
DA:15,18
DA:29,5
DA:30,5
DA:31,5
DA:32,5
DA:34,5
DA:35,5
DA:37,3
DA:38,3
DA:39,3
DA:41,3
DA:42,3
DA:43,3
DA:44,3
DA:46,3
DA:50,2
DA:51,2
DA:53,2
DA:56,5
DA:58,5
DA:62,1
LF:24
LH:24
BRDA:27,0,0,3
BRDA:35,1,0,3
BRDA:35,1,1,2
BRDA:39,2,0,2
BRDA:39,2,1,1
BRF:5
BRH:5
end_of_record
TN:
SF:server\components\file_streams\file_stream_handler.js
FN:20,(anonymous_0)
FNF:1
FNH:1
FNDA:15,(anonymous_0)
DA:4,1
DA:5,1
DA:6,1
DA:7,1
DA:8,1
DA:10,1
DA:21,15
DA:28,15
DA:29,2
DA:31,13
DA:37,41
DA:38,41
DA:40,8
DA:44,5
LF:14
LH:14
BRDA:28,0,0,2
BRDA:28,0,1,13
BRDA:28,1,0,15
BRDA:28,1,1,14
BRDA:38,2,0,8
BRDA:38,2,1,33
BRF:6
BRH:6
end_of_record
TN:
SF:server\components\file_streams\image_file_stream.js
FN:12,(anonymous_0)
FN:31,(anonymous_1)
FNF:2
FNH:2
FNDA:16,(anonymous_0)
FNDA:2,(anonymous_1)
DA:4,1
DA:5,1
DA:14,16
DA:33,2
DA:35,2
DA:37,2
DA:41,1
LF:7
LH:7
BRDA:31,0,0,1
BRF:1
BRH:1
end_of_record
TN:
SF:server\components\file_streams\text_file_stream.js
FN:12,(anonymous_0)
FN:35,(anonymous_1)
FNF:2
FNH:2
FNDA:16,(anonymous_0)
FNDA:3,(anonymous_1)
DA:4,1
DA:5,1
DA:14,16
DA:37,3
DA:39,3
DA:41,3
DA:45,1
LF:7
LH:7
BRDA:35,0,0,1
BRF:1
BRH:1
end_of_record
TN:
SF:server\components\file_streams\video_file_stream.js
FN:13,(anonymous_0)
FN:27,(anonymous_1)
FNF:2
FNH:2
FNDA:18,(anonymous_0)
FNDA:5,(anonymous_1)
DA:4,1
DA:5,1
DA:6,1
DA:15,18
DA:29,5
DA:30,5
DA:31,5
DA:32,5
DA:34,5
DA:35,5
DA:37,3
DA:38,3
DA:39,3
DA:41,3
DA:42,3
DA:43,3
DA:44,3
DA:46,3
DA:50,2
DA:51,2
DA:53,2
DA:56,5
DA:58,5
DA:62,1
LF:24
LH:24
BRDA:27,0,0,3
BRDA:35,1,0,3
BRDA:35,1,1,2
BRDA:39,2,0,2
BRDA:39,2,1,1
BRF:5
BRH:5
end_of_record
TN:
SF:server\components\helpers\unique_id.js
FN:11,(anonymous_0)
FNF:1
FNH:1
FNDA:1353,(anonymous_0)
DA:3,1
DA:12,1353
DA:13,1353
DA:14,1353
DA:16,1353
DA:17,171100
DA:19,1353
LF:7
LH:7
BRDA:14,0,0,1352
BRDA:14,0,1,1
BRF:2
BRH:2
end_of_record
TN:
SF:server\components\logger\loggur.js
FN:16,(anonymous_0)
FN:38,(anonymous_1)
FN:48,(anonymous_2)
FN:63,(anonymous_3)
FN:86,(anonymous_4)
FN:102,(anonymous_5)
FN:112,(anonymous_6)
FN:130,(anonymous_7)
FN:161,(anonymous_8)
FNF:9
FNH:9
FNDA:18,(anonymous_0)
FNDA:1,(anonymous_1)
FNDA:8,(anonymous_2)
FNDA:9,(anonymous_3)
FNDA:5,(anonymous_4)
FNDA:20,(anonymous_5)
FNDA:12,(anonymous_6)
FNDA:157,(anonymous_7)
FNDA:3,(anonymous_8)
DA:4,1
DA:5,1
DA:6,1
DA:7,1
DA:8,1
DA:9,1
DA:18,18
DA:19,18
DA:20,18
DA:21,18
DA:22,18
DA:27,18
DA:40,1
DA:50,8
DA:65,9
DA:66,8
DA:68,9
DA:70,8
DA:71,8
DA:74,1
DA:88,5
DA:89,5
DA:90,1
DA:92,4
DA:104,20
DA:114,12
DA:116,6
DA:122,12
DA:132,157
DA:134,157
DA:136,2
DA:138,2
DA:139,2
DA:144,155
DA:146,1
DA:147,1
DA:151,157
DA:163,3
DA:165,1
DA:166,2
DA:170,2
DA:171,1
DA:176,1
LF:43
LH:43
BRDA:22,0,0,18
BRDA:63,1,0,3
BRDA:65,2,0,8
BRDA:65,2,1,1
BRDA:65,3,0,9
BRDA:65,3,1,9
BRDA:68,4,0,8
BRDA:68,4,1,1
BRDA:68,5,0,9
BRDA:68,5,1,9
BRDA:89,6,0,1
BRDA:89,6,1,4
BRDA:102,7,0,1
BRDA:114,8,0,6
BRDA:114,8,1,6
BRDA:134,9,0,2
BRDA:134,9,1,155
BRDA:144,10,0,1
BRDA:144,10,1,154
BRDA:163,11,0,1
BRDA:163,11,1,2
BRDA:170,12,0,1
BRDA:170,12,1,1
BRF:23
BRH:23
end_of_record
TN:
SF:server\components\logger\components\log.js
FN:29,(anonymous_0)
FN:51,(anonymous_1)
FN:70,(anonymous_2)
FN:97,(anonymous_3)
FN:132,(anonymous_4)
FN:142,(anonymous_5)
FN:152,(anonymous_6)
FN:162,(anonymous_7)
FN:172,(anonymous_8)
FN:182,(anonymous_9)
FN:192,(anonymous_10)
FN:202,(anonymous_11)
FN:216,(anonymous_12)
FN:234,(anonymous_13)
FNF:14
FNH:14
FNDA:1955,(anonymous_0)
FNDA:6,(anonymous_1)
FNDA:60,(anonymous_2)
FNDA:1955,(anonymous_3)
FNDA:7629,(anonymous_4)
FNDA:1915,(anonymous_5)
FNDA:1,(anonymous_6)
FNDA:1879,(anonymous_7)
FNDA:1916,(anonymous_8)
FNDA:1914,(anonymous_9)
FNDA:1904,(anonymous_10)
FNDA:1,(anonymous_11)
FNDA:3842,(anonymous_12)
FNDA:1956,(anonymous_13)
DA:3,1
DA:8,1
DA:16,1
DA:17,1
DA:31,1955
DA:32,1955
DA:33,1955
DA:34,1955
DA:35,1955
DA:36,1955
DA:38,1955
DA:40,1955
DA:41,3
DA:53,6
DA:54,6
DA:55,6
DA:56,6
DA:58,6
DA:59,6
DA:61,6
DA:62,6
DA:63,6
DA:64,6
DA:65,6
DA:68,6
DA:70,6
DA:71,60
DA:72,12
DA:75,48
DA:77,48
DA:78,48
DA:79,48
DA:80,48
DA:82,48
DA:85,6
DA:99,1955
DA:100,1955
DA:102,1955
DA:105,1
DA:106,1
DA:109,1951
DA:110,1951
DA:113,2
DA:114,2
DA:117,1
DA:118,1
DA:121,1955
DA:122,1955
DA:124,1955
DA:134,7629
DA:144,1915
DA:154,1
DA:164,1879
DA:174,1916
DA:184,1914
DA:194,1904
DA:204,1
DA:218,3842
DA:220,1907
DA:221,1
DA:223,1907
DA:226,1935
DA:236,1956
DA:240,1
LF:64
LH:64
BRDA:40,0,0,3
BRDA:40,0,1,1952
BRDA:71,1,0,12
BRDA:71,1,1,48
BRDA:71,2,0,60
BRDA:71,2,1,18
BRDA:97,3,0,9
BRDA:97,4,0,26
BRDA:97,5,0,44
BRDA:100,6,0,1953
BRDA:100,6,1,2
BRDA:102,7,0,1
BRDA:102,7,1,1951
BRDA:102,7,2,2
BRDA:102,7,3,1
BRDA:218,8,0,1907
BRDA:218,8,1,1935
BRDA:220,9,0,1
BRDA:220,9,1,1906
BRF:19
BRH:19
end_of_record
TN:
SF:server\components\logger\components\logger.js
FN:22,(anonymous_0)
FN:53,(anonymous_1)
FN:84,(anonymous_2)
FN:105,(anonymous_3)
FN:154,(anonymous_4)
FN:167,(anonymous_5)
FN:183,(anonymous_6)
FN:201,(anonymous_7)
FN:214,(anonymous_8)
FN:230,(anonymous_9)
FN:239,(anonymous_10)
FN:240,(anonymous_11)
FN:241,(anonymous_12)
FN:244,(anonymous_13)
FN:257,(anonymous_14)
FNF:15
FNH:15
FNDA:32,(anonymous_0)
FNDA:31,(anonymous_1)
FNDA:7,(anonymous_2)
FNDA:3,(anonymous_3)
FNDA:31,(anonymous_4)
FNDA:1904,(anonymous_5)
FNDA:9,(anonymous_6)
FNDA:1916,(anonymous_7)
FNDA:1905,(anonymous_8)
FNDA:1908,(anonymous_9)
FNDA:1903,(anonymous_10)
FNDA:1903,(anonymous_11)
FNDA:1903,(anonymous_12)
FNDA:1903,(anonymous_13)
FNDA:5,(anonymous_14)
DA:4,1
DA:5,1
DA:6,1
DA:11,1
DA:24,32
DA:29,32
DA:30,1
DA:32,31
DA:55,31
DA:59,31
DA:63,31
DA:67,31
DA:71,31
DA:75,31
DA:79,31
DA:80,31
DA:84,31
DA:86,31
DA:88,25
DA:94,31
DA:95,31
DA:107,3
DA:156,31
DA:162,167
DA:163,167
DA:165,167
DA:167,166
DA:168,1904
DA:170,1904
DA:185,9
DA:187,7
DA:188,7
DA:191,2
DA:203,1916
DA:204,1
DA:206,1915
DA:216,1905
DA:232,1908
DA:233,1908
DA:235,1908
DA:237,1903
DA:239,1903
DA:240,1903
DA:241,1903
DA:242,1903
DA:244,1903
DA:245,1903
DA:250,1903
DA:254,1908
DA:257,5
DA:258,5
DA:262,1908
DA:266,1
LF:53
LH:53
BRDA:22,0,0,1
BRDA:22,1,0,1
BRDA:26,2,0,31
BRDA:26,2,1,1
BRDA:29,3,0,1
BRDA:29,3,1,31
BRDA:55,4,0,11
BRDA:55,4,1,20
BRDA:59,5,0,13
BRDA:59,5,1,18
BRDA:63,6,0,6
BRDA:63,6,1,25
BRDA:67,7,0,4
BRDA:67,7,1,27
BRDA:71,8,0,1
BRDA:71,8,1,30
BRDA:75,9,0,1
BRDA:75,9,1,30
BRDA:80,10,0,7
BRDA:80,10,1,24
BRDA:80,11,0,31
BRDA:80,11,1,7
BRDA:86,12,0,25
BRDA:86,12,1,6
BRDA:165,13,0,166
BRDA:165,13,1,1
BRDA:167,14,0,1904
BRDA:185,15,0,7
BRDA:185,15,1,2
BRDA:203,16,0,1
BRDA:203,16,1,1915
BRDA:216,17,0,1903
BRDA:216,17,1,2
BRDA:230,18,0,1906
BRDA:230,19,0,1908
BRDA:235,20,0,1903
BRDA:235,20,1,5
BRDA:254,21,0,5
BRDA:254,21,1,1903
BRF:39
BRH:39
end_of_record
TN:
SF:server\components\logger\components\transport_types\console.js
FN:27,(anonymous_0)
FN:43,(anonymous_1)
FN:63,(anonymous_2)
FN:107,(anonymous_3)
FNF:4
FNH:4
FNDA:42,(anonymous_0)
FNDA:42,(anonymous_1)
FNDA:1880,(anonymous_2)
FNDA:1874,(anonymous_3)
DA:4,1
DA:5,1
DA:6,1
DA:11,1
DA:12,1
DA:13,1
DA:29,42
DA:45,42
DA:47,42
DA:51,42
DA:65,1880
DA:66,1880
DA:67,1880
DA:68,1880
DA:69,1880
DA:71,1880
DA:73,1879
DA:77,1879
DA:81,1879
DA:83,1878
DA:86,1879
DA:87,1879
DA:90,1880
DA:92,1
DA:95,1879
DA:109,1874
DA:111,1874
DA:115,1
LF:28
LH:28
BRDA:27,0,0,9
BRDA:47,1,0,3
BRDA:47,1,1,39
BRDA:51,2,0,3
BRDA:51,2,1,39
BRDA:67,3,0,1
BRDA:67,3,1,1879
BRDA:71,4,0,1879
BRDA:71,4,1,1
BRDA:73,5,0,1
BRDA:73,5,1,1878
BRDA:77,6,0,1878
BRDA:77,6,1,1
BRDA:81,7,0,1878
BRDA:81,7,1,1
BRDA:90,8,0,1
BRDA:90,8,1,1879
BRF:17
BRH:17
end_of_record
TN:
SF:server\components\logger\components\transport_types\file.js
FN:20,(anonymous_0)
FN:35,(anonymous_1)
FN:56,(anonymous_2)
FN:79,(anonymous_3)
FN:90,(anonymous_4)
FN:104,(anonymous_5)
FN:121,(anonymous_6)
FN:128,(anonymous_7)
FNF:8
FNH:8
FNDA:13,(anonymous_0)
FNDA:13,(anonymous_1)
FNDA:39,(anonymous_2)
FNDA:50,(anonymous_3)
FNDA:51,(anonymous_4)
FNDA:33,(anonymous_5)
FNDA:32,(anonymous_6)
FNDA:30,(anonymous_7)
DA:4,1
DA:5,1
DA:6,1
DA:7,1
DA:8,1
DA:13,1
DA:22,13
DA:37,13
DA:39,13
DA:43,13
DA:45,13
DA:47,10
DA:58,39
DA:60,38
DA:61,1
DA:63,38
DA:65,7
DA:71,38
DA:81,50
DA:82,50
DA:92,51
DA:93,51
DA:94,51
DA:106,33
DA:107,33
DA:109,33
DA:123,32
DA:125,32
DA:126,1
DA:128,32
DA:129,30
DA:130,1
DA:132,29
DA:137,1
LF:34
LH:34
BRDA:20,0,0,1
BRDA:39,1,0,10
BRDA:39,1,1,3
BRDA:45,2,0,10
BRDA:45,2,1,3
BRDA:60,3,0,1
BRDA:60,3,1,37
BRDA:63,4,0,7
BRDA:63,4,1,31
BRDA:63,5,0,38
BRDA:63,5,1,31
BRDA:125,6,0,1
BRDA:125,6,1,31
BRDA:129,7,0,1
BRDA:129,7,1,29
BRF:15
BRH:15
end_of_record
TN:
SF:server\components\logger\components\transport_types\transport.js
FN:16,(anonymous_0)
FN:28,(anonymous_1)
FN:48,(anonymous_2)
FN:60,(anonymous_3)
FN:78,(anonymous_4)
FN:90,(anonymous_5)
FN:120,(anonymous_6)
FN:132,(anonymous_7)
FN:134,(anonymous_8)
FNF:9
FNH:9
FNDA:65,(anonymous_0)
FNDA:65,(anonymous_1)
FNDA:1,(anonymous_2)
FNDA:1924,(anonymous_3)
FNDA:1,(anonymous_4)
FNDA:1915,(anonymous_5)
FNDA:1,(anonymous_6)
FNDA:1909,(anonymous_7)
FNDA:1909,(anonymous_8)
DA:4,1
DA:9,1
DA:18,65
DA:30,65
DA:34,65
DA:38,65
DA:50,1
DA:62,1924
DA:63,8
DA:65,1916
DA:66,3
DA:68,1913
DA:80,1
DA:92,1915
DA:94,1915
DA:95,1914
DA:97,1915
DA:98,1915
DA:122,1
DA:134,1909
DA:135,1909
DA:137,1
DA:138,1
DA:141,1908
DA:146,1
LF:25
LH:25
BRDA:16,0,0,5
BRDA:30,1,0,39
BRDA:30,1,1,26
BRDA:34,2,0,34
BRDA:34,2,1,31
BRDA:48,3,0,1
BRDA:62,4,0,8
BRDA:62,4,1,1916
BRDA:65,5,0,3
BRDA:65,5,1,1913
BRDA:94,6,0,1914
BRDA:94,6,1,1
BRDA:135,7,0,1
BRDA:135,7,1,1908
BRF:14
BRH:14
end_of_record
TN:
SF:server\components\logger\components\transport_types\formatters\colorize.js
FN:22,(anonymous_0)
FN:23,(anonymous_1)
FN:24,(anonymous_2)
FN:25,(anonymous_3)
FN:26,(anonymous_4)
FN:27,(anonymous_5)
FN:28,(anonymous_6)
FN:29,(anonymous_7)
FN:30,(anonymous_8)
FNF:9
FNH:9
FNDA:8,(anonymous_0)
FNDA:1,(anonymous_1)
FNDA:1869,(anonymous_2)
FNDA:1,(anonymous_3)
FNDA:1880,(anonymous_4)
FNDA:4,(anonymous_5)
FNDA:1,(anonymous_6)
FNDA:1,(anonymous_7)
FNDA:3760,(anonymous_8)
DA:3,1
DA:5,1
DA:6,1
DA:7,1
DA:8,1
DA:9,1
DA:10,1
DA:11,1
DA:12,1
DA:13,1
DA:22,8
DA:23,1
DA:24,1869
DA:25,1
DA:26,1880
DA:27,4
DA:28,1
DA:29,1
DA:30,3760
DA:32,1
LF:20
LH:20
BRF:0
BRH:0
end_of_record
TN:
SF:server\components\rate_limiter\bucket.js
FN:28,(anonymous_0)
FN:64,(anonymous_1)
FN:84,(anonymous_2)
FN:86,(anonymous_3)
FN:96,(anonymous_4)
FN:115,(anonymous_5)
FN:134,(anonymous_6)
FN:144,(anonymous_7)
FN:164,(anonymous_8)
FN:174,(anonymous_9)
FN:185,(anonymous_10)
FN:198,(anonymous_11)
FN:200,(anonymous_12)
FN:214,(anonymous_13)
FN:223,(anonymous_14)
FN:238,(anonymous_15)
FN:252,(anonymous_16)
FN:270,(anonymous_17)
FN:303,(anonymous_18)
FN:313,(anonymous_19)
FN:323,(anonymous_20)
FNF:21
FNH:21
FNDA:220,(anonymous_0)
FNDA:220,(anonymous_1)
FNDA:1,(anonymous_2)
FNDA:1,(anonymous_3)
FNDA:13,(anonymous_4)
FNDA:45946,(anonymous_5)
FNDA:40237,(anonymous_6)
FNDA:45944,(anonymous_7)
FNDA:40236,(anonymous_8)
FNDA:14,(anonymous_9)
FNDA:45736,(anonymous_10)
FNDA:45722,(anonymous_11)
FNDA:45722,(anonymous_12)
FNDA:91419,(anonymous_13)
FNDA:45698,(anonymous_14)
FNDA:45721,(anonymous_15)
FNDA:45736,(anonymous_16)
FNDA:45722,(anonymous_17)
FNDA:91457,(anonymous_18)
FNDA:1,(anonymous_19)
FNDA:91499,(anonymous_20)
DA:3,1
DA:4,1
DA:37,220
DA:38,220
DA:39,220
DA:40,220
DA:41,220
DA:42,220
DA:44,220
DA:46,10
DA:53,210
DA:56,220
DA:66,220
DA:68,207
DA:69,207
DA:70,207
DA:73,13
DA:74,13
DA:86,1
DA:87,1
DA:98,13
DA:99,13
DA:101,13
DA:103,13
DA:104,13
DA:107,13
DA:117,45946
DA:119,45946
DA:120,45918
DA:122,28
DA:124,28
DA:136,40237
DA:146,45944
DA:148,45944
DA:149,45916
DA:151,28
DA:152,28
DA:154,28
DA:166,40236
DA:176,14
DA:177,14
DA:187,45736
DA:188,45736
DA:190,45736
DA:200,45722
DA:201,45722
DA:216,91419
DA:218,91419
DA:220,45721
DA:223,45698
DA:224,45698
DA:226,45698
DA:227,2
DA:229,45696
DA:240,45721
DA:254,45736
DA:255,15
DA:257,45736
DA:258,45736
DA:272,45722
DA:274,45722
DA:275,1
DA:277,45721
DA:278,45721
DA:279,45721
DA:281,45721
DA:283,5527
DA:284,5527
DA:287,40194
DA:289,40194
DA:290,40194
DA:291,40194
DA:293,40194
DA:305,91457
DA:315,1
DA:325,91499
DA:329,1
DA:331,1
LF:78
LH:78
BRDA:29,0,0,6
BRDA:30,1,0,6
BRDA:31,2,0,6
BRDA:32,3,0,13
BRDA:33,4,0,13
BRDA:34,5,0,10
BRDA:35,6,0,220
BRDA:44,7,0,10
BRDA:44,7,1,210
BRDA:44,8,0,220
BRDA:44,8,1,210
BRDA:66,9,0,207
BRDA:66,9,1,13
BRDA:119,10,0,45918
BRDA:119,10,1,28
BRDA:148,11,0,45916
BRDA:148,11,1,28
BRDA:214,12,0,45722
BRDA:218,13,0,45721
BRDA:218,13,1,45698
BRDA:218,14,0,91419
BRDA:218,14,1,91419
BRDA:226,15,0,2
BRDA:226,15,1,45696
BRDA:252,16,0,15
BRDA:254,17,0,15
BRDA:254,17,1,45721
BRDA:270,18,0,45721
BRDA:274,19,0,1
BRDA:274,19,1,45721
BRDA:281,20,0,5527
BRDA:281,20,1,40194
BRF:32
BRH:32
end_of_record
TN:
SF:server\components\routing\route.js
FN:9,(anonymous_0)
FN:20,(anonymous_1)
FN:34,(anonymous_2)
FN:49,(anonymous_3)
FN:61,(anonymous_4)
FN:83,(anonymous_5)
FN:106,(anonymous_6)
FN:116,(anonymous_7)
FN:126,(anonymous_8)
FN:136,(anonymous_9)
FN:148,(anonymous_10)
FN:167,(anonymous_11)
FN:197,(anonymous_12)
FNF:13
FNH:13
FNDA:1,(anonymous_0)
FNDA:8641,(anonymous_1)
FNDA:1,(anonymous_2)
FNDA:8641,(anonymous_3)
FNDA:1479,(anonymous_4)
FNDA:8639,(anonymous_5)
FNDA:9,(anonymous_6)
FNDA:873,(anonymous_7)
FNDA:8,(anonymous_8)
FNDA:882,(anonymous_9)
FNDA:11717,(anonymous_10)
FNDA:8554,(anonymous_11)
FNDA:11756,(anonymous_12)
DA:4,1
DA:9,1
DA:10,1
DA:12,1
DA:22,8641
DA:23,8641
DA:24,8641
DA:25,8641
DA:26,8641
DA:36,1
DA:51,8641
DA:52,2
DA:54,8639
DA:58,8639
DA:61,1479
DA:64,8639
DA:68,8639
DA:85,8639
DA:88,191
DA:91,9
DA:94,12
DA:97,8427
DA:108,9
DA:118,873
DA:128,8
DA:138,882
DA:150,11717
DA:152,11717
DA:169,8554
DA:170,4
DA:172,8550
DA:173,714
DA:175,7836
DA:176,356
DA:178,7480
DA:180,375
DA:182,375
DA:184,375
DA:185,18
DA:187,375
DA:190,7105
DA:191,7105
DA:192,7105
DA:193,7105
DA:195,7105
DA:197,5857
DA:198,11756
DA:199,23
DA:201,11733
DA:202,11733
DA:204,15
DA:208,11718
DA:209,5845
DA:213,5857
DA:216,1248
DA:220,1
LF:56
LH:56
BRDA:51,0,0,2
BRDA:51,0,1,8639
BRDA:51,1,0,8641
BRDA:51,1,1,8640
BRDA:54,2,0,4328
BRDA:54,2,1,4311
BRDA:54,3,0,8639
BRDA:54,3,1,4401
BRDA:58,4,0,243
BRDA:58,4,1,8396
BRDA:60,5,0,4206
BRDA:60,5,1,4190
BRDA:64,6,0,409
BRDA:64,6,1,8230
BRDA:85,7,0,191
BRDA:85,7,1,9
BRDA:85,7,2,12
BRDA:85,7,3,8427
BRDA:152,8,0,11717
BRDA:152,8,1,8105
BRDA:152,8,2,7171
BRDA:152,8,3,4214
BRDA:152,8,4,3168
BRDA:167,9,0,1
BRDA:169,10,0,4
BRDA:169,10,1,8550
BRDA:172,11,0,714
BRDA:172,11,1,7836
BRDA:175,12,0,356
BRDA:175,12,1,7480
BRDA:178,13,0,375
BRDA:178,13,1,7105
BRDA:184,14,0,18
BRDA:184,14,1,357
BRDA:195,15,0,5857
BRDA:195,15,1,1248
BRDA:198,16,0,23
BRDA:198,16,1,11733
BRDA:202,17,0,15
BRDA:202,17,1,11718
BRDA:208,18,0,5845
BRDA:208,18,1,5873
BRF:42
BRH:42
end_of_record
TN:
SF:server\components\routing\router.js
FN:15,(anonymous_0)
FN:37,(anonymous_1)
FN:49,(anonymous_2)
FN:62,(anonymous_3)
FN:84,(anonymous_4)
FN:93,(anonymous_5)
FN:107,(anonymous_6)
FN:111,(anonymous_7)
FN:115,(anonymous_8)
FN:116,(anonymous_9)
FN:180,(anonymous_10)
FN:259,(anonymous_11)
FN:337,(anonymous_12)
FN:347,(anonymous_13)
FN:362,(anonymous_14)
FN:395,(anonymous_15)
FN:418,(anonymous_16)
FN:450,(anonymous_17)
FNF:18
FNH:18
FNDA:142,(anonymous_0)
FNDA:5,(anonymous_1)
FNDA:5,(anonymous_2)
FNDA:33,(anonymous_3)
FNDA:69,(anonymous_4)
FNDA:161,(anonymous_5)
FNDA:211,(anonymous_6)
FNDA:162,(anonymous_7)
FNDA:1477,(anonymous_8)
FNDA:181,(anonymous_9)
FNDA:411,(anonymous_10)
FNDA:486,(anonymous_11)
FNDA:6,(anonymous_12)
FNDA:6,(anonymous_13)
FNDA:11698,(anonymous_14)
FNDA:8532,(anonymous_15)
FNDA:485,(anonymous_16)
FNDA:352,(anonymous_17)
DA:3,1
DA:4,1
DA:5,1
DA:17,142
DA:19,142
DA:20,142
DA:22,142
DA:23,142
DA:24,142
DA:25,142
DA:27,142
DA:39,5
DA:51,5
DA:64,33
DA:69,6
DA:72,27
DA:74,27
DA:86,69
DA:93,69
DA:94,161
DA:96,161
DA:109,211
DA:111,211
DA:112,162
DA:115,211
DA:116,1477
DA:117,181
DA:118,181
DA:119,181
DA:120,181
DA:122,181
DA:125,19
DA:126,19
DA:127,19
DA:128,19
DA:131,25
DA:132,25
DA:133,25
DA:134,25
DA:137,127
DA:138,127
DA:139,127
DA:140,127
DA:143,3
DA:144,3
DA:145,3
DA:146,3
DA:149,7
DA:152,174
DA:159,174
DA:182,411
DA:184,404
DA:186,404
DA:188,7
DA:189,7
DA:191,7
DA:192,4
DA:194,6
DA:197,397
DA:198,14
DA:200,397
DA:201,368
DA:203,396
DA:205,7
DA:207,6
DA:208,6
DA:210,6
DA:212,5
DA:214,5
DA:216,21
DA:217,3
DA:219,21
DA:221,3
DA:223,3
DA:224,1
DA:226,3
DA:227,3
DA:230,18
DA:233,5
DA:234,5
DA:236,5
DA:237,1
DA:241,1
DA:246,1
DA:249,401
DA:261,486
DA:262,1
DA:264,485
DA:265,485
DA:267,485
DA:269,484
DA:271,484
DA:273,207
DA:274,207
DA:276,207
DA:280,278
DA:286,7485
DA:287,7485
DA:289,7485
DA:291,4536
DA:293,874
DA:295,874
DA:297,75
DA:300,32
DA:301,2
DA:303,30
DA:304,30
DA:307,42
DA:308,42
DA:311,1
DA:315,871
DA:320,275
DA:322,274
DA:323,274
DA:324,274
DA:326,274
DA:329,275
DA:339,6
DA:349,6
DA:366,11698
DA:370,4208
DA:371,4208
DA:374,7490
DA:375,7490
DA:378,11698
DA:379,1
DA:381,11697
DA:397,8532
DA:399,3991
DA:402,8532
DA:403,1
DA:405,8531
DA:420,485
DA:421,410
DA:423,75
DA:425,75
DA:427,1
DA:433,2
DA:435,2
DA:436,1
DA:452,352
DA:453,1
DA:455,351
DA:460,1
LF:144
LH:144
BRDA:37,0,0,1
BRDA:49,1,0,1
BRDA:64,2,0,6
BRDA:64,2,1,27
BRDA:65,3,0,33
BRDA:65,3,1,32
BRDA:65,3,2,31
BRDA:112,4,0,162
BRDA:112,4,1,24
BRDA:112,4,2,18
BRDA:122,5,0,19
BRDA:122,5,1,25
BRDA:122,5,2,127
BRDA:122,5,3,3
BRDA:122,5,4,7
BRDA:130,6,0,162
BRDA:130,6,1,13
BRDA:130,6,2,152
BRDA:130,6,3,152
BRDA:136,7,0,137
BRDA:136,7,1,13
BRDA:136,7,2,127
BRDA:142,8,0,10
BRDA:142,8,1,3
BRDA:182,9,0,404
BRDA:182,9,1,7
BRDA:186,10,0,7
BRDA:186,10,1,397
BRDA:197,11,0,14
BRDA:197,11,1,383
BRDA:200,12,0,368
BRDA:200,12,1,29
BRDA:205,13,0,6
BRDA:205,13,1,1
BRDA:210,14,0,5
BRDA:210,14,1,1
BRDA:210,15,0,6
BRDA:210,15,1,6
BRDA:216,16,0,3
BRDA:216,16,1,18
BRDA:219,17,0,3
BRDA:219,17,1,18
BRDA:223,18,0,1
BRDA:223,18,1,2
BRDA:261,19,0,1
BRDA:261,19,1,485
BRDA:267,20,0,484
BRDA:267,20,1,1
BRDA:271,21,0,207
BRDA:271,21,1,277
BRDA:289,22,0,4536
BRDA:289,22,1,2949
BRDA:291,23,0,874
BRDA:291,23,1,3662
BRDA:297,24,0,32
BRDA:297,24,1,42
BRDA:297,24,2,1
BRDA:300,25,0,2
BRDA:300,25,1,30
BRDA:320,26,0,274
BRDA:320,26,1,1
BRDA:320,27,0,275
BRDA:320,27,1,274
BRDA:366,28,0,4
BRDA:366,28,1,4208
BRDA:366,28,2,7490
BRDA:378,29,0,1
BRDA:378,29,1,11697
BRDA:395,30,0,3996
BRDA:397,31,0,3991
BRDA:397,31,1,4541
BRDA:397,32,0,8532
BRDA:397,32,1,4546
BRDA:402,33,0,1
BRDA:402,33,1,8531
BRDA:418,34,0,484
BRDA:418,35,0,484
BRDA:420,36,0,410
BRDA:420,36,1,75
BRDA:425,37,0,1
BRDA:425,37,1,74
BRDA:435,38,0,1
BRDA:435,38,1,1
BRDA:452,39,0,1
BRDA:452,39,1,351
BRF:85
BRH:85
end_of_record
TN:
SF:server\components\security\content_security_policy.js
FN:47,(anonymous_0)
FN:62,(anonymous_1)
FN:76,(anonymous_2)
FN:105,(anonymous_3)
FN:127,(anonymous_4)
FN:140,(anonymous_5)
FN:150,(anonymous_6)
FN:162,(anonymous_7)
FN:181,(anonymous_8)
FN:194,(anonymous_9)
FN:202,(anonymous_10)
FN:212,(anonymous_11)
FN:222,(anonymous_12)
FN:232,(anonymous_13)
FN:242,(anonymous_14)
FN:252,(anonymous_15)
FN:262,(anonymous_16)
FN:272,(anonymous_17)
FN:282,(anonymous_18)
FN:292,(anonymous_19)
FN:302,(anonymous_20)
FN:312,(anonymous_21)
FN:322,(anonymous_22)
FN:332,(anonymous_23)
FN:342,(anonymous_24)
FN:352,(anonymous_25)
FN:362,(anonymous_26)
FN:372,(anonymous_27)
FN:414,(anonymous_28)
FN:430,(anonymous_29)
FNF:30
FNH:30
FNDA:240,(anonymous_0)
FNDA:240,(anonymous_1)
FNDA:6,(anonymous_2)
FNDA:24,(anonymous_3)
FNDA:18,(anonymous_4)
FNDA:245,(anonymous_5)
FNDA:465,(anonymous_6)
FNDA:13,(anonymous_7)
FNDA:18,(anonymous_8)
FNDA:15,(anonymous_9)
FNDA:30,(anonymous_10)
FNDA:7,(anonymous_11)
FNDA:42,(anonymous_12)
FNDA:18,(anonymous_13)
FNDA:42,(anonymous_14)
FNDA:46,(anonymous_15)
FNDA:42,(anonymous_16)
FNDA:42,(anonymous_17)
FNDA:42,(anonymous_18)
FNDA:42,(anonymous_19)
FNDA:13,(anonymous_20)
FNDA:54,(anonymous_21)
FNDA:18,(anonymous_22)
FNDA:42,(anonymous_23)
FNDA:42,(anonymous_24)
FNDA:42,(anonymous_25)
FNDA:42,(anonymous_26)
FNDA:465,(anonymous_27)
FNDA:562,(anonymous_28)
FNDA:650,(anonymous_29)
DA:4,1
DA:5,1
DA:6,1
DA:7,1
DA:8,1
DA:9,1
DA:12,1
DA:13,1
DA:14,1
DA:15,1
DA:16,1
DA:17,1
DA:18,1
DA:19,1
DA:20,1
DA:21,1
DA:22,1
DA:23,1
DA:24,1
DA:25,1
DA:26,1
DA:27,1
DA:28,1
DA:29,1
DA:30,1
DA:33,1
DA:34,1
DA:37,1
DA:40,1
DA:49,240
DA:50,240
DA:52,240
DA:64,240
DA:66,240
DA:70,240
DA:76,8
DA:79,240
DA:83,240
DA:85,240
DA:86,5
DA:87,235
DA:88,2
DA:90,240
DA:91,17
DA:93,240
DA:94,7
DA:96,240
DA:97,7
DA:107,24
DA:108,24
DA:109,24
DA:110,24
DA:111,24
DA:112,24
DA:113,24
DA:114,24
DA:115,24
DA:116,24
DA:117,24
DA:118,24
DA:119,24
DA:129,18
DA:130,12
DA:142,245
DA:152,465
DA:164,13
DA:165,7
DA:167,6
DA:169,6
DA:183,18
DA:184,7
DA:186,11
DA:188,11
DA:196,15
DA:204,30
DA:214,7
DA:224,42
DA:234,18
DA:244,42
DA:254,46
DA:264,42
DA:274,42
DA:284,42
DA:294,42
DA:304,13
DA:314,54
DA:324,18
DA:334,42
DA:344,42
DA:354,42
DA:364,42
DA:374,465
DA:375,5
DA:377,460
DA:379,460
DA:386,496
DA:387,496
DA:390,496
DA:391,451
DA:393,496
DA:394,270
DA:396,496
DA:400,460
DA:416,562
DA:417,504
DA:419,58
DA:432,650
DA:433,463
DA:435,650
DA:436,605
DA:440,1
LF:111
LH:111
BRDA:47,0,0,1
BRDA:66,1,0,3
BRDA:66,1,1,237
BRDA:79,2,0,7
BRDA:79,2,1,233
BRDA:85,3,0,5
BRDA:85,3,1,235
BRDA:85,4,0,240
BRDA:85,4,1,6
BRDA:87,5,0,2
BRDA:87,5,1,233
BRDA:90,6,0,17
BRDA:90,6,1,223
BRDA:90,7,0,233
BRDA:90,7,1,7
BRDA:93,8,0,7
BRDA:93,8,1,233
BRDA:96,9,0,7
BRDA:96,9,1,233
BRDA:129,10,0,12
BRDA:129,10,1,6
BRDA:140,11,0,232
BRDA:142,12,0,244
BRDA:142,12,1,1
BRDA:152,13,0,14
BRDA:152,13,1,451
BRDA:164,14,0,7
BRDA:164,14,1,6
BRDA:164,15,0,13
BRDA:164,15,1,7
BRDA:183,16,0,7
BRDA:183,16,1,11
BRDA:183,17,0,18
BRDA:183,17,1,12
BRDA:374,18,0,5
BRDA:374,18,1,460
BRDA:390,19,0,451
BRDA:390,19,1,45
BRDA:393,20,0,270
BRDA:393,20,1,226
BRDA:416,21,0,504
BRDA:416,21,1,58
BRDA:430,22,0,45
BRDA:432,23,0,463
BRDA:432,23,1,187
BRDA:435,24,0,605
BRDA:435,24,1,45
BRF:47
BRH:47
end_of_record
TN:
SF:server\components\security\content_type_options.js
FN:15,(anonymous_0)
FN:27,(anonymous_1)
FN:39,(anonymous_2)
FN:49,(anonymous_3)
FN:59,(anonymous_4)
FNF:5
FNH:5
FNDA:12,(anonymous_0)
FNDA:13,(anonymous_1)
FNDA:20,(anonymous_2)
FNDA:22,(anonymous_3)
FNDA:22,(anonymous_4)
DA:8,1
DA:17,12
DA:29,13
DA:41,20
DA:51,22
DA:61,22
DA:62,6
DA:64,16
DA:68,1
LF:9
LH:9
BRDA:15,0,0,3
BRDA:27,1,0,1
BRDA:39,2,0,11
BRDA:41,3,0,19
BRDA:41,3,1,1
BRDA:61,4,0,6
BRDA:61,4,1,16
BRF:7
BRH:7
end_of_record
TN:
SF:server\components\security\expect_ct.js
FN:37,(anonymous_0)
FN:49,(anonymous_1)
FN:73,(anonymous_2)
FN:85,(anonymous_3)
FN:97,(anonymous_4)
FN:109,(anonymous_5)
FN:119,(anonymous_6)
FN:129,(anonymous_7)
FNF:8
FNH:8
FNDA:47,(anonymous_0)
FNDA:48,(anonymous_1)
FNDA:56,(anonymous_2)
FNDA:16,(anonymous_3)
FNDA:22,(anonymous_4)
FNDA:17,(anonymous_5)
FNDA:53,(anonymous_6)
FNDA:53,(anonymous_7)
DA:11,1
DA:12,1
DA:13,1
DA:20,1
DA:23,1
DA:24,1
DA:25,1
DA:28,1
DA:29,1
DA:30,1
DA:39,47
DA:51,48
DA:53,48
DA:57,48
DA:61,48
DA:75,56
DA:87,16
DA:99,22
DA:111,17
DA:121,53
DA:131,53
DA:132,9
DA:134,44
DA:136,44
DA:137,37
DA:139,44
DA:140,12
DA:142,44
DA:146,1
LF:29
LH:29
BRDA:37,0,0,30
BRDA:49,1,0,1
BRDA:53,2,0,6
BRDA:53,2,1,42
BRDA:57,3,0,4
BRDA:57,3,1,44
BRDA:61,4,0,2
BRDA:61,4,1,46
BRDA:73,5,0,46
BRDA:75,6,0,55
BRDA:75,6,1,1
BRDA:85,7,0,3
BRDA:87,8,0,12
BRDA:87,8,1,4
BRDA:99,9,0,15
BRDA:99,9,1,7
BRDA:111,10,0,11
BRDA:111,10,1,6
BRDA:131,11,0,9
BRDA:131,11,1,44
BRDA:136,12,0,37
BRDA:136,12,1,7
BRDA:139,13,0,12
BRDA:139,13,1,32
BRF:24
BRH:24
end_of_record
TN:
SF:server\components\security\http_strict_transport_security.js
FN:36,(anonymous_0)
FN:48,(anonymous_1)
FN:72,(anonymous_2)
FN:84,(anonymous_3)
FN:96,(anonymous_4)
FN:108,(anonymous_5)
FN:118,(anonymous_6)
FN:128,(anonymous_7)
FNF:8
FNH:8
FNDA:59,(anonymous_0)
FNDA:60,(anonymous_1)
FNDA:66,(anonymous_2)
FNDA:14,(anonymous_3)
FNDA:21,(anonymous_4)
FNDA:14,(anonymous_5)
FNDA:65,(anonymous_6)
FNDA:65,(anonymous_7)
DA:10,1
DA:11,1
DA:12,1
DA:19,1
DA:22,1
DA:23,1
DA:24,1
DA:27,1
DA:28,1
DA:29,1
DA:38,59
DA:50,60
DA:52,60
DA:56,60
DA:60,60
DA:74,66
DA:86,14
DA:98,21
DA:110,14
DA:120,65
DA:130,65
DA:131,2
DA:133,63
DA:135,63
DA:136,4
DA:138,63
DA:139,12
DA:141,63
DA:145,1
LF:29
LH:29
BRDA:36,0,0,30
BRDA:48,1,0,1
BRDA:52,2,0,5
BRDA:52,2,1,55
BRDA:56,3,0,5
BRDA:56,3,1,55
BRDA:60,4,0,5
BRDA:60,4,1,55
BRDA:72,5,0,58
BRDA:74,6,0,65
BRDA:74,6,1,1
BRDA:84,7,0,7
BRDA:86,8,0,8
BRDA:86,8,1,6
BRDA:98,9,0,8
BRDA:98,9,1,13
BRDA:108,10,0,4
BRDA:110,11,0,8
BRDA:110,11,1,6
BRDA:130,12,0,2
BRDA:130,12,1,63
BRDA:135,13,0,4
BRDA:135,13,1,59
BRDA:138,14,0,12
BRDA:138,14,1,51
BRF:25
BRH:25
end_of_record
TN:
SF:server\components\session\session.js
FN:17,(anonymous_0)
FN:59,(anonymous_1)
FN:69,(anonymous_2)
FN:82,(anonymous_3)
FN:97,(anonymous_4)
FN:129,(anonymous_5)
FN:141,(anonymous_6)
FN:153,(anonymous_7)
FN:165,(anonymous_8)
FN:182,(anonymous_9)
FN:197,(anonymous_10)
FN:212,(anonymous_11)
FNF:12
FNH:12
FNDA:49,(anonymous_0)
FNDA:8,(anonymous_1)
FNDA:15,(anonymous_2)
FNDA:3,(anonymous_3)
FNDA:7,(anonymous_4)
FNDA:6,(anonymous_5)
FNDA:1,(anonymous_6)
FNDA:17,(anonymous_7)
FNDA:9,(anonymous_8)
FNDA:15,(anonymous_9)
FNDA:5,(anonymous_10)
FNDA:3,(anonymous_11)
DA:3,1
DA:10,1
DA:19,49
DA:20,49
DA:22,49
DA:26,49
DA:30,49
DA:34,49
DA:38,49
DA:46,48
DA:48,48
DA:49,1
DA:51,47
DA:61,8
DA:71,15
DA:72,4
DA:74,11
DA:84,3
DA:86,3
DA:88,3
DA:89,1
DA:99,7
DA:100,7
DA:104,7
DA:106,1
DA:110,6
DA:112,6
DA:113,3
DA:115,3
DA:117,6
DA:131,6
DA:143,1
DA:155,17
DA:167,9
DA:168,5
DA:170,4
DA:184,15
DA:185,1
DA:187,14
DA:199,5
DA:200,1
DA:202,4
DA:204,4
DA:214,3
DA:218,1
LF:45
LH:45
BRDA:17,0,0,13
BRDA:22,1,0,1
BRDA:22,1,1,48
BRDA:26,2,0,2
BRDA:26,2,1,47
BRDA:30,3,0,2
BRDA:30,3,1,47
BRDA:34,4,0,28
BRDA:34,4,1,21
BRDA:38,5,0,21
BRDA:38,5,1,28
BRDA:39,6,0,8
BRDA:39,6,1,12
BRDA:42,7,0,3
BRDA:42,7,1,25
BRDA:48,8,0,1
BRDA:48,8,1,47
BRDA:71,9,0,4
BRDA:71,9,1,11
BRDA:88,10,0,1
BRDA:88,10,1,2
BRDA:104,11,0,1
BRDA:104,11,1,6
BRDA:112,12,0,3
BRDA:112,12,1,3
BRDA:167,13,0,5
BRDA:167,13,1,4
BRDA:182,14,0,9
BRDA:184,15,0,1
BRDA:184,15,1,14
BRDA:199,16,0,1
BRDA:199,16,1,4
BRF:32
BRH:32
end_of_record
TN:
SF:server\components\templating_engine\default_templating_engine.js
FN:16,(anonymous_0)
FNF:1
FNH:1
FNDA:3,(anonymous_0)
DA:18,3
DA:22,1
LF:2
LH:2
BRF:0
BRH:0
end_of_record
TN:
SF:server\components\validation\validation_attribute.js
FN:43,(anonymous_0)
FN:57,(anonymous_1)
FN:98,(anonymous_2)
FN:254,(anonymous_3)
FNF:4
FNH:4
FNDA:236,(anonymous_0)
FNDA:236,(anonymous_1)
FNDA:290,(anonymous_2)
FNDA:297,(anonymous_3)
DA:4,1
DA:9,1
DA:45,236
DA:46,236
DA:47,236
DA:48,236
DA:49,236
DA:59,236
DA:61,6
DA:62,6
DA:65,236
DA:66,1
DA:68,235
DA:69,235
DA:71,235
DA:73,297
DA:74,297
DA:76,297
DA:77,7
DA:79,290
DA:81,290
DA:82,87
DA:85,228
DA:102,290
DA:105,4
DA:108,17
DA:109,12
DA:111,17
DA:114,2
DA:117,5
DA:120,6
DA:123,9
DA:126,5
DA:129,6
DA:132,36
DA:134,36
DA:135,24
DA:137,36
DA:140,2
DA:143,14
DA:146,2
DA:149,50
DA:152,32
DA:153,32
DA:155,32
DA:156,1
DA:158,31
DA:163,22
DA:164,22
DA:166,22
DA:167,1
DA:169,21
DA:172,15
DA:173,15
DA:175,15
DA:176,1
DA:178,14
DA:181,4
DA:184,10
DA:186,10
DA:187,7
DA:189,10
DA:192,9
DA:194,9
DA:195,7
DA:197,9
DA:200,22
DA:201,22
DA:203,22
DA:204,13
DA:206,22
DA:207,7
DA:209,22
DA:212,8
DA:215,3
DA:217,3
DA:218,1
DA:220,2
DA:222,2
DA:225,3
DA:227,3
DA:228,1
DA:230,2
DA:232,2
DA:235,3
DA:237,3
DA:238,1
DA:240,2
DA:243,1
DA:256,297
DA:258,297
DA:265,1
DA:267,1
LF:93
LH:93
BRDA:59,0,0,6
BRDA:59,0,1,230
BRDA:59,1,0,236
BRDA:59,1,1,6
BRDA:59,1,2,6
BRDA:65,2,0,1
BRDA:65,2,1,235
BRDA:65,3,0,236
BRDA:65,3,1,236
BRDA:76,4,0,7
BRDA:76,4,1,290
BRDA:76,5,0,297
BRDA:76,5,1,11
BRDA:81,6,0,87
BRDA:81,6,1,203
BRDA:85,7,0,87
BRDA:85,7,1,141
BRDA:102,8,0,4
BRDA:102,8,1,17
BRDA:102,8,2,2
BRDA:102,8,3,5
BRDA:102,8,4,6
BRDA:102,8,5,9
BRDA:102,8,6,5
BRDA:102,8,7,6
BRDA:102,8,8,36
BRDA:102,8,9,2
BRDA:102,8,10,14
BRDA:102,8,11,2
BRDA:102,8,12,50
BRDA:102,8,13,32
BRDA:102,8,14,22
BRDA:102,8,15,15
BRDA:102,8,16,4
BRDA:102,8,17,10
BRDA:102,8,18,9
BRDA:102,8,19,22
BRDA:102,8,20,8
BRDA:102,8,21,3
BRDA:102,8,22,3
BRDA:102,8,23,3
BRDA:102,8,24,1
BRDA:108,9,0,12
BRDA:108,9,1,5
BRDA:111,10,0,16
BRDA:111,10,1,1
BRDA:114,11,0,1
BRDA:114,11,1,1
BRDA:117,12,0,2
BRDA:117,12,1,3
BRDA:120,13,0,2
BRDA:120,13,1,4
BRDA:123,14,0,3
BRDA:123,14,1,6
BRDA:126,15,0,2
BRDA:126,15,1,3
BRDA:129,16,0,2
BRDA:129,16,1,4
BRDA:132,17,0,24
BRDA:132,17,1,12
BRDA:134,18,0,24
BRDA:134,18,1,12
BRDA:140,19,0,1
BRDA:140,19,1,1
BRDA:143,20,0,12
BRDA:143,20,1,2
BRDA:146,21,0,1
BRDA:146,21,1,1
BRDA:149,22,0,36
BRDA:149,22,1,14
BRDA:155,23,0,1
BRDA:155,23,1,31
BRDA:155,24,0,32
BRDA:155,24,1,31
BRDA:155,24,2,31
BRDA:158,25,0,24
BRDA:158,25,1,7
BRDA:158,26,0,31
BRDA:158,26,1,26
BRDA:166,27,0,1
BRDA:166,27,1,21
BRDA:166,28,0,22
BRDA:166,28,1,21
BRDA:169,29,0,17
BRDA:169,29,1,4
BRDA:175,30,0,1
BRDA:175,30,1,14
BRDA:175,31,0,15
BRDA:175,31,1,14
BRDA:178,32,0,11
BRDA:178,32,1,3
BRDA:181,33,0,2
BRDA:181,33,1,2
BRDA:186,34,0,7
BRDA:186,34,1,3
BRDA:189,35,0,7
BRDA:189,35,1,3
BRDA:194,36,0,7
BRDA:194,36,1,2
BRDA:197,37,0,7
BRDA:197,37,1,2
BRDA:203,38,0,13
BRDA:203,38,1,9
BRDA:206,39,0,7
BRDA:206,39,1,15
BRDA:209,40,0,20
BRDA:209,40,1,2
BRDA:209,41,0,22
BRDA:209,41,1,9
BRDA:212,42,0,6
BRDA:212,42,1,2
BRDA:217,43,0,1
BRDA:217,43,1,2
BRDA:222,44,0,1
BRDA:222,44,1,1
BRDA:227,45,0,1
BRDA:227,45,1,2
BRDA:232,46,0,1
BRDA:232,46,1,1
BRDA:237,47,0,1
BRDA:237,47,1,2
BRDA:240,48,0,1
BRDA:240,48,1,1
BRF:123
BRH:123
end_of_record
TN:
SF:server\components\validation\validation_handler.js
FN:15,(anonymous_0)
FNF:1
FNH:1
FNDA:41,(anonymous_0)
DA:4,1
DA:6,1
DA:16,41
DA:17,1
DA:19,41
DA:20,1
DA:22,41
LF:7
LH:7
BRDA:16,0,0,1
BRDA:16,0,1,40
BRDA:19,1,0,1
BRDA:19,1,1,40
BRF:4
BRH:4
end_of_record
TN:
SF:server\components\validation\validation_result.js
FN:14,(anonymous_0)
FN:29,(anonymous_1)
FN:59,(anonymous_2)
FN:112,(anonymous_3)
FN:138,(anonymous_4)
FN:151,(anonymous_5)
FNF:6
FNH:6
FNDA:46,(anonymous_0)
FNDA:69,(anonymous_1)
FNDA:53,(anonymous_2)
FNDA:53,(anonymous_3)
FNDA:45,(anonymous_4)
FNDA:18,(anonymous_5)
DA:3,1
DA:16,46
DA:17,46
DA:18,46
DA:19,46
DA:31,69
DA:32,23
DA:34,46
DA:35,46
DA:37,46
DA:39,46
DA:41,23
DA:43,23
DA:63,53
DA:69,105
DA:70,105
DA:72,105
DA:74,7
DA:75,2
DA:77,7
DA:78,7
DA:80,7
DA:81,7
DA:84,98
DA:85,98
DA:87,98
DA:89,26
DA:91,26
DA:95,72
DA:114,53
DA:116,57
DA:118,31
DA:120,1
DA:124,30
DA:126,30
DA:127,1
DA:140,45
DA:142,45
DA:153,18
DA:155,18
DA:159,1
LF:41
LH:41
BRDA:31,0,0,23
BRDA:31,0,1,46
BRDA:39,1,0,23
BRDA:39,1,1,23
BRDA:72,2,0,7
BRDA:72,2,1,98
BRDA:72,3,0,105
BRDA:72,3,1,13
BRDA:72,3,2,7
BRDA:74,4,0,2
BRDA:74,4,1,5
BRDA:87,5,0,26
BRDA:87,5,1,72
BRDA:95,6,0,4
BRDA:95,6,1,68
BRDA:95,7,0,72
BRDA:95,7,1,68
BRDA:116,8,0,31
BRDA:116,8,1,26
BRDA:118,9,0,1
BRDA:118,9,1,30
BRDA:126,10,0,1
BRDA:126,10,1,29
BRF:23
BRH:23
end_of_record
TN:
SF:server\components\validation\validation_rules.js
FN:13,getType
FN:25,getLength
FN:58,(anonymous_2)
FN:70,(anonymous_3)
FN:82,(anonymous_4)
FN:94,(anonymous_5)
FN:105,(anonymous_6)
FN:116,(anonymous_7)
FN:127,(anonymous_8)
FN:140,(anonymous_9)
FN:151,(anonymous_10)
FN:162,(anonymous_11)
FN:175,(anonymous_12)
FN:192,(anonymous_13)
FN:212,(anonymous_14)
FN:223,(anonymous_15)
FN:234,(anonymous_16)
FN:245,(anonymous_17)
FN:257,(anonymous_18)
FN:269,(anonymous_19)
FN:280,(anonymous_20)
FN:291,(anonymous_21)
FN:303,(anonymous_22)
FN:315,(anonymous_23)
FN:327,(anonymous_24)
FN:339,(anonymous_25)
FN:350,(anonymous_26)
FN:363,(anonymous_27)
FN:374,(anonymous_28)
FN:394,(anonymous_29)
FNF:30
FNH:30
FNDA:704,getType
FNDA:264,getLength
FNDA:7,(anonymous_2)
FNDA:11,(anonymous_3)
FNDA:7,(anonymous_4)
FNDA:9,(anonymous_5)
FNDA:22,(anonymous_6)
FNDA:7,(anonymous_7)
FNDA:58,(anonymous_8)
FNDA:7,(anonymous_9)
FNDA:21,(anonymous_10)
FNDA:9,(anonymous_11)
FNDA:116,(anonymous_12)
FNDA:57,(anonymous_13)
FNDA:2,(anonymous_14)
FNDA:2,(anonymous_15)
FNDA:2,(anonymous_16)
FNDA:2,(anonymous_17)
FNDA:251,(anonymous_18)
FNDA:15,(anonymous_19)
FNDA:4,(anonymous_20)
FNDA:2,(anonymous_21)
FNDA:2,(anonymous_22)
FNDA:52,(anonymous_23)
FNDA:2,(anonymous_24)
FNDA:40,(anonymous_25)
FNDA:13,(anonymous_26)
FNDA:8,(anonymous_27)
FNDA:43,(anonymous_28)
FNDA:40,(anonymous_29)
DA:4,1
DA:15,704
DA:27,264
DA:28,1
DA:30,263
DA:31,11
DA:33,252
DA:34,218
DA:36,34
DA:37,32
DA:39,2
DA:40,1
DA:42,1
DA:48,1
DA:58,1
DA:59,7
DA:70,1
DA:71,11
DA:82,1
DA:83,7
DA:94,1
DA:95,9
DA:105,1
DA:106,22
DA:116,1
DA:117,7
DA:127,1
DA:128,58
DA:130,58
DA:140,1
DA:141,7
DA:151,1
DA:152,21
DA:162,1
DA:163,9
DA:175,1
DA:176,116
DA:192,1
DA:193,57
DA:194,13
DA:196,44
DA:197,2
DA:199,42
DA:200,2
DA:202,40
DA:212,1
DA:213,2
DA:223,1
DA:224,2
DA:234,1
DA:235,2
DA:245,1
DA:246,2
DA:257,1
DA:258,251
DA:269,1
DA:270,15
DA:280,1
DA:281,4
DA:291,1
DA:292,2
DA:303,1
DA:304,2
DA:315,1
DA:316,52
DA:327,1
DA:328,2
DA:339,1
DA:340,40
DA:350,1
DA:351,13
DA:363,1
DA:364,8
DA:374,1
DA:375,43
DA:376,8
DA:378,35
DA:379,11
DA:381,24
DA:382,21
DA:384,3
DA:394,1
DA:395,40
DA:396,8
DA:398,32
DA:399,10
DA:401,22
DA:402,19
DA:404,3
DA:407,1
DA:409,1
LF:91
LH:91
BRDA:27,0,0,1
BRDA:27,0,1,263
BRDA:30,1,0,11
BRDA:30,1,1,252
BRDA:33,2,0,218
BRDA:33,2,1,34
BRDA:36,3,0,32
BRDA:36,3,1,2
BRDA:39,4,0,1
BRDA:39,4,1,1
BRDA:130,5,0,58
BRDA:130,5,1,39
BRDA:176,6,0,116
BRDA:176,6,1,116
BRDA:176,6,2,112
BRDA:176,6,3,108
BRDA:176,6,4,4
BRDA:176,6,5,106
BRDA:176,6,6,1
BRDA:193,7,0,13
BRDA:193,7,1,44
BRDA:193,8,0,57
BRDA:193,8,1,50
BRDA:196,9,0,2
BRDA:196,9,1,42
BRDA:199,10,0,2
BRDA:199,10,1,40
BRDA:351,11,0,2
BRDA:351,11,1,11
BRDA:353,12,0,11
BRDA:353,12,1,8
BRDA:375,13,0,8
BRDA:375,13,1,35
BRDA:378,14,0,11
BRDA:378,14,1,24
BRDA:381,15,0,21
BRDA:381,15,1,3
BRDA:382,16,0,21
BRDA:382,16,1,14
BRDA:395,17,0,8
BRDA:395,17,1,32
BRDA:398,18,0,10
BRDA:398,18,1,22
BRDA:401,19,0,19
BRDA:401,19,1,3
BRDA:402,20,0,19
BRDA:402,20,1,14
BRF:47
BRH:47
end_of_record
TN:
SF:server\plugins\plugin_interface.js
FN:14,(anonymous_0)
FN:25,(anonymous_1)
FN:37,(anonymous_2)
FN:51,(anonymous_3)
FN:62,(anonymous_4)
FN:75,(anonymous_5)
FNF:6
FNH:6
FNDA:1372,(anonymous_0)
FNDA:1415,(anonymous_1)
FNDA:197,(anonymous_2)
FNDA:93,(anonymous_3)
FNDA:688,(anonymous_4)
FNDA:75,(anonymous_5)
DA:16,1372
DA:17,1372
DA:27,1415
DA:39,197
DA:64,688
DA:77,75
DA:81,1
LF:7
LH:7
BRDA:14,0,0,348
BRF:1
BRH:1
end_of_record
TN:
SF:server\plugins\plugin_manager.js
FN:10,(anonymous_0)
FN:22,(anonymous_1)
FN:37,(anonymous_2)
FN:49,(anonymous_3)
FN:59,(anonymous_4)
FN:71,(anonymous_5)
FNF:6
FNH:6
FNDA:77,(anonymous_0)
FNDA:1185,(anonymous_1)
FNDA:7,(anonymous_2)
FNDA:1,(anonymous_3)
FNDA:5,(anonymous_4)
FNDA:5,(anonymous_5)
DA:3,1
DA:12,77
DA:24,1185
DA:25,1184
DA:27,1
DA:39,7
DA:51,1
DA:61,5
DA:73,5
DA:74,2
DA:76,3
DA:80,1
LF:12
LH:12
BRDA:24,0,0,1184
BRDA:24,0,1,1
BRDA:73,1,0,2
BRDA:73,1,1,3
BRF:4
BRH:4
end_of_record
TN:
SF:server\plugins\available_plugins\body_parser_plugin.js
FN:13,(anonymous_0)
FN:31,(anonymous_1)
FN:45,(anonymous_2)
FN:69,(anonymous_3)
FN:72,(anonymous_4)
FN:82,(anonymous_5)
FN:100,(anonymous_6)
FNF:7
FNH:7
FNDA:277,(anonymous_0)
FNDA:287,(anonymous_1)
FNDA:21,(anonymous_2)
FNDA:21,(anonymous_3)
FNDA:44,(anonymous_4)
FNDA:43,(anonymous_5)
FNDA:41,(anonymous_6)
DA:3,1
DA:4,1
DA:15,277
DA:17,277
DA:18,277
DA:19,277
DA:21,277
DA:33,287
DA:35,287
DA:47,21
DA:49,21
DA:51,19
DA:52,19
DA:55,21
DA:71,21
DA:74,44
DA:76,1
DA:77,1
DA:80,43
DA:82,43
DA:83,43
DA:86,43
DA:88,43
DA:94,43
DA:95,43
DA:97,43
DA:100,43
DA:101,41
DA:102,41
DA:104,41
DA:109,21
DA:113,1
LF:32
LH:32
BRDA:13,0,0,277
BRDA:31,1,0,1
BRDA:49,2,0,19
BRDA:49,2,1,2
BRDA:74,3,0,1
BRDA:74,3,1,43
BRDA:74,4,0,44
BRDA:74,4,1,44
BRDA:101,5,0,1
BRDA:101,5,1,40
BRDA:102,6,0,1
BRDA:102,6,1,40
BRDA:109,7,0,20
BRDA:109,7,1,1
BRF:14
BRH:14
end_of_record
TN:
SF:server\plugins\available_plugins\cors_plugin.js
FN:17,(anonymous_0)
FN:74,(anonymous_1)
FNF:2
FNH:2
FNDA:7,(anonymous_0)
FNDA:7,(anonymous_1)
DA:3,1
DA:19,7
DA:23,7
DA:27,7
DA:31,7
DA:35,7
DA:39,7
DA:43,7
DA:47,7
DA:48,7
DA:50,7
DA:51,4
DA:53,7
DA:54,4
DA:56,7
DA:57,4
DA:59,7
DA:61,3
DA:62,3
DA:63,3
DA:66,4
DA:76,7
DA:80,1
LF:23
LH:23
BRDA:19,0,0,4
BRDA:19,0,1,3
BRDA:23,1,0,4
BRDA:23,1,1,3
BRDA:27,2,0,3
BRDA:27,2,1,4
BRDA:31,3,0,3
BRDA:31,3,1,4
BRDA:35,4,0,4
BRDA:35,4,1,3
BRDA:39,5,0,4
BRDA:39,5,1,3
BRDA:43,6,0,4
BRDA:43,6,1,3
BRDA:50,7,0,4
BRDA:50,7,1,3
BRDA:53,8,0,4
BRDA:53,8,1,3
BRDA:56,9,0,4
BRDA:56,9,1,3
BRDA:59,10,0,3
BRDA:59,10,1,4
BRF:22
BRH:22
end_of_record
TN:
SF:server\plugins\available_plugins\data_server_plugin.js
FN:11,(anonymous_0)
FN:21,(anonymous_1)
FN:42,(anonymous_2)
FN:45,(anonymous_3)
FN:48,(anonymous_4)
FNF:5
FNH:5
FNDA:73,(anonymous_0)
FNDA:298,(anonymous_1)
FNDA:5,(anonymous_2)
FNDA:293,(anonymous_3)
FNDA:292,(anonymous_4)
DA:3,1
DA:4,1
DA:13,73
DA:23,298
DA:24,295
DA:26,3
DA:30,3
DA:44,5
DA:46,293
DA:48,293
DA:49,292
DA:52,293
DA:56,5
DA:60,1
LF:14
LH:14
BRDA:11,0,0,70
BRDA:23,1,0,295
BRDA:23,1,1,3
BRDA:26,2,0,2
BRDA:26,2,1,1
BRDA:30,3,0,1
BRDA:30,3,1,2
BRF:7
BRH:7
end_of_record
TN:
SF:server\plugins\available_plugins\env_plugin.js
FN:16,(anonymous_0)
FN:29,(anonymous_1)
FN:31,(anonymous_2)
FN:41,(anonymous_3)
FN:71,(anonymous_4)
FN:82,(anonymous_5)
FN:94,(anonymous_6)
FN:98,(anonymous_7)
FNF:8
FNH:8
FNDA:70,(anonymous_0)
FNDA:15,(anonymous_1)
FNDA:15,(anonymous_2)
FNDA:17,(anonymous_3)
FNDA:5,(anonymous_4)
FNDA:23,(anonymous_5)
FNDA:5,(anonymous_6)
FNDA:12,(anonymous_7)
DA:3,1
DA:4,1
DA:5,1
DA:7,1
DA:8,1
DA:9,1
DA:18,70
DA:20,70
DA:21,70
DA:31,15
DA:32,15
DA:43,17
DA:44,17
DA:45,17
DA:47,15
DA:49,15
DA:50,15
DA:52,15
DA:54,18
DA:55,18
DA:57,18
DA:59,18
DA:73,5
DA:74,5
DA:84,23
DA:96,5
DA:98,3
DA:99,12
DA:104,1
LF:29
LH:29
BRDA:45,0,0,15
BRDA:45,0,1,2
BRDA:84,1,0,22
BRDA:84,1,1,1
BRF:4
BRH:4
end_of_record
TN:
SF:server\plugins\available_plugins\file_stream_handler_plugin.js
FN:18,(anonymous_0)
FN:30,(anonymous_1)
FN:50,(anonymous_2)
FN:73,(anonymous_3)
FN:76,(anonymous_4)
FN:81,(anonymous_5)
FNF:6
FNH:6
FNDA:15,(anonymous_0)
FNDA:11,(anonymous_1)
FNDA:3,(anonymous_2)
FNDA:1,(anonymous_3)
FNDA:15,(anonymous_4)
FNDA:15,(anonymous_5)
DA:3,1
DA:4,1
DA:30,15
DA:32,11
DA:34,11
DA:35,7
DA:37,4
DA:50,15
DA:52,3
DA:54,3
DA:56,1
DA:60,2
DA:61,1
DA:63,1
DA:75,1
DA:77,15
DA:79,15
DA:81,15
DA:82,15
DA:83,15
DA:84,15
DA:87,15
DA:93,1
LF:23
LH:23
BRDA:30,0,0,8
BRDA:34,1,0,7
BRDA:34,1,1,4
BRDA:50,2,0,3
BRDA:50,3,0,2
BRDA:54,4,0,1
BRDA:54,4,1,2
BRDA:60,5,0,1
BRDA:60,5,1,1
BRF:9
BRH:9
end_of_record
TN:
SF:server\plugins\available_plugins\logger_plugin.js
FN:12,(anonymous_0)
FN:26,(anonymous_1)
FN:30,(anonymous_2)
FN:45,(anonymous_3)
FN:66,(anonymous_4)
FN:71,(anonymous_5)
FN:78,(anonymous_6)
FN:85,(anonymous_7)
FN:89,(anonymous_8)
FN:93,(anonymous_9)
FN:97,(anonymous_10)
FN:101,(anonymous_11)
FN:105,(anonymous_12)
FN:109,(anonymous_13)
FN:119,(anonymous_14)
FN:124,(anonymous_15)
FN:127,(anonymous_16)
FNF:17
FNH:17
FNDA:72,(anonymous_0)
FNDA:4,(anonymous_1)
FNDA:2,(anonymous_2)
FNDA:7,(anonymous_3)
FNDA:3,(anonymous_4)
FNDA:4,(anonymous_5)
FNDA:4,(anonymous_6)
FNDA:2,(anonymous_7)
FNDA:2,(anonymous_8)
FNDA:2,(anonymous_9)
FNDA:2,(anonymous_10)
FNDA:2,(anonymous_11)
FNDA:2,(anonymous_12)
FNDA:2,(anonymous_13)
FNDA:3,(anonymous_14)
FNDA:3,(anonymous_15)
FNDA:2,(anonymous_16)
DA:3,1
DA:4,1
DA:5,1
DA:14,72
DA:16,72
DA:28,4
DA:30,3
DA:31,2
DA:34,3
DA:47,7
DA:49,4
DA:54,7
DA:68,3
DA:69,3
DA:71,3
DA:72,4
DA:73,2
DA:75,4
DA:78,3
DA:79,4
DA:80,2
DA:82,4
DA:85,3
DA:86,2
DA:89,3
DA:90,2
DA:93,3
DA:94,2
DA:97,3
DA:98,2
DA:101,3
DA:102,2
DA:105,3
DA:106,2
DA:109,3
DA:110,2
DA:121,3
DA:123,3
DA:125,3
DA:127,3
DA:128,2
DA:129,2
DA:132,3
DA:133,3
DA:135,3
DA:137,3
DA:139,3
DA:143,3
DA:147,1
LF:49
LH:49
BRDA:12,0,0,70
BRDA:28,1,0,3
BRDA:28,1,1,1
BRDA:47,2,0,4
BRDA:47,2,1,3
BRDA:47,3,0,7
BRDA:47,3,1,3
BRDA:49,4,0,3
BRDA:49,4,1,1
BRDA:72,5,0,2
BRDA:72,5,1,2
BRDA:79,6,0,2
BRDA:79,6,1,2
BRDA:128,7,0,1
BRDA:128,7,1,1
BRF:15
BRH:15
end_of_record
TN:
SF:server\plugins\available_plugins\rate_limits_plugin.js
FN:77,(anonymous_0)
FN:87,(anonymous_1)
FN:113,(anonymous_2)
FN:148,(anonymous_3)
FN:162,(anonymous_4)
FN:203,(anonymous_5)
FN:225,(anonymous_6)
FN:253,(anonymous_7)
FN:268,(anonymous_8)
FN:284,(anonymous_9)
FN:287,(anonymous_10)
FN:301,(anonymous_11)
FN:316,(anonymous_12)
FN:395,(anonymous_13)
FN:429,(anonymous_14)
FNF:15
FNH:15
FNDA:71,(anonymous_0)
FNDA:75,(anonymous_1)
FNDA:8,(anonymous_2)
FNDA:8,(anonymous_3)
FNDA:69,(anonymous_4)
FNDA:207,(anonymous_5)
FNDA:8,(anonymous_6)
FNDA:4,(anonymous_7)
FNDA:8,(anonymous_8)
FNDA:8,(anonymous_9)
FNDA:222,(anonymous_10)
FNDA:230,(anonymous_11)
FNDA:230,(anonymous_12)
FNDA:7,(anonymous_13)
FNDA:13,(anonymous_14)
DA:3,1
DA:4,1
DA:5,1
DA:6,1
DA:7,1
DA:8,1
DA:15,1
DA:24,1
DA:37,1
DA:48,1
DA:50,1
DA:52,1
DA:53,1
DA:54,1
DA:55,1
DA:57,1
DA:58,1
DA:59,1
DA:79,71
DA:81,71
DA:89,75
DA:91,75
DA:95,75
DA:99,75
DA:103,75
DA:115,8
DA:117,8
DA:119,1
DA:121,7
DA:123,0
DA:125,0
DA:126,0
DA:128,7
DA:130,3
DA:132,3
DA:134,3
DA:138,8
DA:150,8
DA:152,8
DA:164,69
DA:173,69
DA:175,69
DA:180,0
DA:183,69
DA:184,3
DA:186,69
DA:187,3
DA:191,0
DA:205,207
DA:206,207
DA:207,207
DA:209,207
DA:211,207
DA:213,207
DA:227,8
DA:229,8
DA:231,6
DA:233,1
DA:234,1
DA:237,5
DA:255,4
DA:257,0
DA:263,4
DA:264,4
DA:266,4
DA:268,4
DA:269,8
DA:270,8
DA:272,8
DA:273,8
DA:275,8
DA:286,8
DA:288,222
DA:303,230
DA:305,0
DA:308,230
DA:309,222
DA:311,230
DA:312,222
DA:314,8
DA:316,230
DA:317,230
DA:318,230
DA:321,230
DA:322,230
DA:323,230
DA:325,230
DA:326,230
DA:327,230
DA:329,230
DA:331,4200
DA:332,4200
DA:333,4200
DA:335,4200
DA:337,207
DA:338,207
DA:340,207
DA:341,207
DA:343,207
DA:345,2
DA:348,207
DA:349,207
DA:351,207
DA:353,22
DA:354,22
DA:355,22
DA:356,22
DA:358,22
DA:361,6
DA:364,4
DA:366,4
DA:367,4
DA:370,4
DA:373,12
DA:374,12
DA:377,10
DA:379,1
DA:385,218
DA:387,3
DA:388,3
DA:389,3
DA:390,3
DA:391,3
DA:393,3
DA:395,3
DA:396,7
DA:398,1
DA:399,1
DA:400,1
DA:403,6
DA:405,7
DA:407,7
DA:408,4
DA:411,2
DA:412,2
DA:415,3
DA:418,215
DA:431,13
DA:432,13
DA:436,1
LF:140
LH:133
BRDA:77,0,0,71
BRDA:91,1,0,3
BRDA:91,1,1,72
BRDA:95,2,0,1
BRDA:95,2,1,74
BRDA:99,3,0,3
BRDA:99,3,1,72
BRDA:103,4,0,2
BRDA:103,4,1,73
BRDA:117,5,0,1
BRDA:117,5,1,7
BRDA:121,6,0,0
BRDA:121,6,1,7
BRDA:121,7,0,7
BRDA:121,7,1,4
BRDA:128,8,0,3
BRDA:128,8,1,4
BRDA:134,9,0,3
BRDA:134,9,1,0
BRDA:148,10,0,0
BRDA:164,11,0,69
BRDA:164,11,1,0
BRDA:165,12,0,69
BRDA:165,12,1,69
BRDA:165,12,2,69
BRDA:165,12,3,69
BRDA:165,12,4,69
BRDA:165,12,5,69
BRDA:165,12,6,69
BRDA:175,13,0,0
BRDA:175,13,1,69
BRDA:176,14,0,69
BRDA:176,14,1,16
BRDA:176,14,2,0
BRDA:183,15,0,3
BRDA:183,15,1,66
BRDA:186,16,0,3
BRDA:186,16,1,66
BRDA:229,17,0,6
BRDA:229,17,1,2
BRDA:231,18,0,1
BRDA:231,18,1,5
BRDA:255,19,0,0
BRDA:255,19,1,4
BRDA:303,20,0,0
BRDA:303,20,1,230
BRDA:308,21,0,222
BRDA:308,21,1,8
BRDA:311,22,0,222
BRDA:311,22,1,8
BRDA:335,23,0,207
BRDA:335,23,1,3993
BRDA:335,24,0,4200
BRDA:335,24,1,3982
BRDA:343,25,0,2
BRDA:343,25,1,205
BRDA:351,26,0,22
BRDA:351,26,1,185
BRDA:358,27,0,6
BRDA:358,27,1,4
BRDA:358,27,2,12
BRDA:364,28,0,4
BRDA:364,28,1,0
BRDA:377,29,0,1
BRDA:377,29,1,9
BRDA:385,30,0,3
BRDA:385,30,1,215
BRDA:396,31,0,1
BRDA:396,31,1,6
BRDA:407,32,0,4
BRDA:407,32,1,3
BRF:71
BRH:62
end_of_record
TN:
SF:server\plugins\available_plugins\response_cache_plugin.js
FN:13,(anonymous_0)
FN:24,(anonymous_1)
FN:36,(anonymous_2)
FN:40,(anonymous_3)
FN:52,(anonymous_4)
FN:54,(anonymous_5)
FN:79,(anonymous_6)
FN:103,(anonymous_7)
FN:117,(anonymous_8)
FN:120,(anonymous_9)
FN:121,(anonymous_10)
FN:125,(anonymous_11)
FN:146,(anonymous_12)
FNF:13
FNH:13
FNDA:78,(anonymous_0)
FNDA:2,(anonymous_1)
FNDA:1,(anonymous_2)
FNDA:2,(anonymous_3)
FNDA:2,(anonymous_4)
FNDA:2,(anonymous_5)
FNDA:9,(anonymous_6)
FNDA:7,(anonymous_7)
FNDA:3,(anonymous_8)
FNDA:223,(anonymous_9)
FNDA:222,(anonymous_10)
FNDA:4,(anonymous_11)
FNDA:1,(anonymous_12)
DA:3,1
DA:6,1
DA:7,1
DA:15,78
DA:16,78
DA:26,2
DA:38,1
DA:40,1
DA:41,2
DA:54,2
DA:55,2
DA:56,0
DA:58,2
DA:60,2
DA:62,2
DA:63,2
DA:65,2
DA:81,9
DA:82,9
DA:84,9
DA:90,9
DA:91,1
DA:93,9
DA:105,7
DA:107,7
DA:119,3
DA:121,223
DA:122,222
DA:125,223
DA:126,4
DA:127,4
DA:128,4
DA:130,4
DA:132,2
DA:133,2
DA:137,2
DA:138,2
DA:140,2
DA:141,0
DA:143,2
DA:144,2
DA:146,2
DA:147,1
DA:149,1
DA:152,2
DA:153,2
DA:157,223
DA:161,3
DA:165,1
LF:49
LH:47
BRDA:13,0,0,78
BRDA:55,1,0,0
BRDA:55,1,1,2
BRDA:60,2,0,2
BRDA:60,2,1,0
BRDA:84,3,0,1
BRDA:84,3,1,8
BRDA:84,4,0,9
BRDA:84,4,1,7
BRDA:86,5,0,1
BRDA:86,5,1,7
BRDA:86,6,0,8
BRDA:86,6,1,8
BRDA:90,7,0,1
BRDA:90,7,1,8
BRDA:107,8,0,1
BRDA:107,8,1,6
BRDA:107,9,0,7
BRDA:107,9,1,5
BRDA:109,10,0,1
BRDA:109,10,1,5
BRDA:109,11,0,6
BRDA:109,11,1,6
BRDA:125,12,0,4
BRDA:130,13,0,2
BRDA:130,13,1,2
BRDA:140,14,0,0
BRDA:140,14,1,2
BRF:28
BRH:25
end_of_record
TN:
SF:server\plugins\available_plugins\security_plugin.js
FN:14,(anonymous_0)
FN:31,(anonymous_1)
FN:35,(anonymous_2)
FN:43,(anonymous_3)
FN:63,(anonymous_4)
FNF:5
FNH:5
FNDA:69,(anonymous_0)
FNDA:5,(anonymous_1)
FNDA:5,(anonymous_2)
FNDA:11,(anonymous_3)
FNDA:5,(anonymous_4)
DA:3,1
DA:4,1
DA:5,1
DA:6,1
DA:7,1
DA:16,69
DA:18,69
DA:23,69
DA:33,5
DA:35,5
DA:36,5
DA:43,5
DA:44,11
DA:46,55
DA:47,11
DA:49,44
DA:50,44
DA:51,44
DA:53,44
DA:54,33
DA:56,11
DA:60,5
DA:61,5
DA:63,5
DA:64,5
DA:67,5
DA:70,5
DA:74,1
LF:28
LH:28
BRDA:14,0,0,69
BRDA:16,1,0,69
BRDA:16,1,1,0
BRDA:37,2,0,4
BRDA:37,2,1,1
BRDA:38,3,0,1
BRDA:38,3,1,4
BRDA:39,4,0,1
BRDA:39,4,1,4
BRDA:40,5,0,1
BRDA:40,5,1,4
BRDA:46,6,0,11
BRDA:46,6,1,44
BRDA:53,7,0,33
BRDA:53,7,1,11
BRDA:60,8,0,5
BRDA:60,8,1,0
BRDA:60,9,0,1
BRDA:60,9,1,4
BRF:19
BRH:17
end_of_record
TN:
SF:server\plugins\available_plugins\session_plugin.js
FN:11,(anonymous_0)
FN:23,(anonymous_1)
FN:35,(anonymous_2)
FN:49,(anonymous_3)
FN:52,(anonymous_4)
FN:58,(anonymous_5)
FN:62,(anonymous_6)
FN:73,(anonymous_7)
FN:74,(anonymous_8)
FNF:9
FNH:9
FNDA:75,(anonymous_0)
FNDA:5,(anonymous_1)
FNDA:3,(anonymous_2)
FNDA:6,(anonymous_3)
FNDA:55,(anonymous_4)
FNDA:28,(anonymous_5)
FNDA:27,(anonymous_6)
FNDA:54,(anonymous_7)
FNDA:8,(anonymous_8)
DA:3,1
DA:4,1
DA:13,75
DA:15,75
DA:25,5
DA:37,3
DA:51,6
DA:54,55
DA:56,31
DA:58,31
DA:59,28
DA:62,31
DA:63,27
DA:64,6
DA:68,55
DA:72,6
DA:74,54
DA:75,8
DA:77,8
DA:78,5
DA:80,3
DA:83,54
DA:87,6
DA:91,1
LF:24
LH:24
BRDA:11,0,0,75
BRDA:54,1,0,31
BRDA:54,1,1,24
BRDA:54,2,0,55
BRDA:54,2,1,55
BRDA:63,3,0,6
BRDA:63,3,1,21
BRDA:77,4,0,5
BRDA:77,4,1,3
BRF:9
BRH:9
end_of_record
TN:
SF:server\plugins\available_plugins\static_resources_plugin.js
FN:24,(anonymous_0)
FN:34,(anonymous_1)
FN:39,(anonymous_2)
FNF:3
FNH:3
FNDA:76,(anonymous_0)
FNDA:76,(anonymous_1)
FNDA:10,(anonymous_2)
DA:3,1
DA:4,1
DA:5,1
DA:10,1
DA:11,1
DA:12,1
DA:26,76
DA:32,76
DA:34,76
DA:35,76
DA:37,76
DA:40,10
DA:42,10
DA:44,8
DA:45,8
DA:48,4
DA:49,4
DA:52,3
DA:53,3
DA:56,1
DA:59,8
DA:61,8
DA:65,2
DA:71,76
DA:75,1
LF:25
LH:25
BRDA:26,0,0,72
BRDA:26,0,1,4
BRDA:28,1,0,1
BRDA:28,1,1,3
BRDA:42,2,0,8
BRDA:42,2,1,2
BRDA:45,3,0,4
BRDA:45,3,1,3
BRDA:45,3,2,1
BRF:9
BRH:9
end_of_record
TN:
SF:server\plugins\available_plugins\templating_engine_plugin.js
FN:22,(anonymous_0)
FN:33,(anonymous_1)
FN:35,(anonymous_2)
FN:40,(anonymous_3)
FN:78,(anonymous_4)
FN:90,(anonymous_5)
FN:94,(anonymous_6)
FNF:7
FNH:7
FNDA:65,(anonymous_0)
FNDA:4,(anonymous_1)
FNDA:4,(anonymous_2)
FNDA:3,(anonymous_3)
FNDA:3,(anonymous_4)
FNDA:65,(anonymous_5)
FNDA:64,(anonymous_6)
DA:3,1
DA:4,1
DA:5,1
DA:6,1
DA:7,1
DA:8,1
DA:33,65
DA:35,4
DA:36,4
DA:40,4
DA:41,3
DA:43,3
DA:45,3
DA:47,3
DA:49,3
DA:50,3
DA:51,3
DA:55,0
DA:60,0
DA:65,4
DA:67,4
DA:80,3
DA:85,3
DA:89,3
DA:91,65
DA:92,65
DA:94,65
DA:95,64
DA:96,64
DA:99,65
DA:100,65
DA:104,3
DA:108,1
LF:33
LH:31
BRDA:33,0,0,3
BRDA:33,1,0,3
BRDA:36,2,0,4
BRDA:36,2,1,0
BRDA:36,3,0,4
BRDA:36,3,1,4
BRDA:41,4,0,3
BRDA:41,4,1,0
BRDA:41,5,0,3
BRDA:41,5,1,3
BRDA:41,5,2,3
BRDA:65,6,0,3
BRDA:65,6,1,1
BRDA:80,7,0,1
BRDA:80,7,1,2
BRDA:80,8,0,3
BRDA:80,8,1,1
BRDA:85,9,0,3
BRDA:85,9,1,0
BRF:19
BRH:16
end_of_record
TN:
SF:server\plugins\available_plugins\timeout_plugin.js
FN:10,(anonymous_0)
FN:23,(anonymous_1)
FN:33,(anonymous_2)
FN:46,(anonymous_3)
FN:48,(anonymous_4)
FN:63,(anonymous_5)
FN:65,(anonymous_6)
FN:84,(anonymous_7)
FN:86,(anonymous_8)
FN:91,(anonymous_9)
FN:95,(anonymous_10)
FN:108,(anonymous_11)
FN:111,(anonymous_12)
FNF:13
FNH:13
FNDA:85,(anonymous_0)
FNDA:87,(anonymous_1)
FNDA:3,(anonymous_2)
FNDA:221,(anonymous_3)
FNDA:5,(anonymous_4)
FNDA:220,(anonymous_5)
FNDA:439,(anonymous_6)
FNDA:220,(anonymous_7)
FNDA:217,(anonymous_8)
FNDA:9,(anonymous_9)
FNDA:1,(anonymous_10)
FNDA:7,(anonymous_11)
FNDA:220,(anonymous_12)
DA:3,1
DA:12,85
DA:14,85
DA:15,85
DA:17,85
DA:25,87
DA:27,87
DA:31,87
DA:34,3
DA:48,221
DA:49,5
DA:50,5
DA:65,220
DA:67,439
DA:69,220
DA:70,220
DA:73,439
DA:86,220
DA:88,217
DA:91,220
DA:92,9
DA:95,220
DA:96,1
DA:110,7
DA:112,220
DA:113,220
DA:114,220
DA:116,220
DA:120,7
DA:124,1
LF:30
LH:30
BRDA:10,0,0,69
BRDA:27,1,0,7
BRDA:27,1,1,80
BRDA:31,2,0,2
BRDA:31,2,1,85
BRDA:49,3,0,5
BRDA:49,3,1,0
BRDA:67,4,0,220
BRDA:67,4,1,219
BRDA:67,5,0,439
BRDA:67,5,1,439
BRF:11
BRH:10
end_of_record
TN:
SF:server\plugins\available_plugins\validation_plugin.js
FN:14,(anonymous_0)
FN:24,(anonymous_1)
FN:30,(anonymous_2)
FN:45,(anonymous_3)
FN:49,(anonymous_4)
FNF:5
FNH:5
FNDA:76,(anonymous_0)
FNDA:78,(anonymous_1)
FNDA:4,(anonymous_2)
FNDA:11,(anonymous_3)
FNDA:11,(anonymous_4)
DA:3,1
DA:16,76
DA:18,76
DA:26,78
DA:28,78
DA:31,4
DA:47,11
DA:49,11
DA:50,11
DA:52,14
DA:53,0
DA:55,14
DA:57,14
DA:58,9
DA:60,5
DA:63,2
DA:68,1
LF:17
LH:16
BRDA:14,0,0,75
BRDA:28,1,0,3
BRDA:28,1,1,75
BRDA:47,2,0,7
BRDA:47,2,1,4
BRDA:52,3,0,0
BRDA:52,3,1,14
BRDA:57,4,0,9
BRDA:57,4,1,5
BRF:9
BRH:8
end_of_record
