TN:
SF:server\event_request.js
FN:20,(anonymous_0)
FN:29,(anonymous_1)
FN:51,(anonymous_2)
FN:65,(anonymous_3)
FN:94,(anonymous_4)
FN:112,(anonymous_5)
FN:156,(anonymous_6)
FN:181,(anonymous_7)
FN:234,(anonymous_8)
FN:252,(anonymous_9)
FN:273,(anonymous_10)
FN:289,(anonymous_11)
FN:301,(anonymous_12)
FN:313,(anonymous_13)
FN:326,(anonymous_14)
FN:346,(anonymous_15)
FN:358,(anonymous_16)
FN:375,(anonymous_17)
FN:394,(anonymous_18)
FN:395,(anonymous_19)
FN:416,(anonymous_20)
FNF:21
FNH:2
FNDA:1,(anonymous_0)
FNDA:0,(anonymous_1)
FNDA:0,(anonymous_2)
FNDA:0,(anonymous_3)
FNDA:0,(anonymous_4)
FNDA:0,(anonymous_5)
FNDA:0,(anonymous_6)
FNDA:0,(anonymous_7)
FNDA:0,(anonymous_8)
FNDA:0,(anonymous_9)
FNDA:0,(anonymous_10)
FNDA:0,(anonymous_11)
FNDA:0,(anonymous_12)
FNDA:0,(anonymous_13)
FNDA:0,(anonymous_14)
FNDA:4,(anonymous_15)
FNDA:0,(anonymous_16)
FNDA:0,(anonymous_17)
FNDA:0,(anonymous_18)
FNDA:0,(anonymous_19)
FNDA:0,(anonymous_20)
DA:4,1
DA:5,1
DA:6,1
DA:7,1
DA:8,1
DA:9,1
DA:22,1
DA:23,1
DA:25,1
DA:26,1
DA:27,1
DA:29,1
DA:30,0
DA:31,0
DA:34,1
DA:35,1
DA:36,1
DA:37,1
DA:38,1
DA:39,1
DA:40,1
DA:41,1
DA:42,1
DA:43,1
DA:44,1
DA:45,1
DA:46,1
DA:47,1
DA:50,1
DA:51,1
DA:52,0
DA:67,0
DA:69,0
DA:70,0
DA:71,0
DA:72,0
DA:73,0
DA:74,0
DA:75,0
DA:76,0
DA:77,0
DA:78,0
DA:79,0
DA:80,0
DA:81,0
DA:83,0
DA:84,0
DA:96,0
DA:114,0
DA:115,0
DA:123,0
DA:124,0
DA:126,0
DA:128,0
DA:134,0
DA:135,0
DA:137,0
DA:140,0
DA:141,0
DA:145,0
DA:147,0
DA:148,0
DA:158,0
DA:160,0
DA:164,0
DA:183,0
DA:185,0
DA:186,0
DA:188,0
DA:194,0
DA:195,0
DA:199,0
DA:201,0
DA:203,0
DA:207,0
DA:211,0
DA:214,0
DA:216,0
DA:217,0
DA:219,0
DA:221,0
DA:236,0
DA:238,0
DA:239,0
DA:242,0
DA:254,0
DA:256,0
DA:257,0
DA:260,0
DA:275,0
DA:291,0
DA:303,0
DA:315,0
DA:328,0
DA:330,0
DA:332,0
DA:333,0
DA:337,0
DA:348,4
DA:360,0
DA:377,0
DA:378,0
DA:380,0
DA:382,0
DA:384,0
DA:385,0
DA:387,0
DA:389,0
DA:390,0
DA:392,0
DA:394,0
DA:395,0
DA:396,0
DA:397,0
DA:404,0
DA:418,0
DA:419,0
DA:421,0
DA:423,0
DA:428,1
LF:120
LH:30
BRDA:29,0,0,1
BRDA:29,0,1,0
BRDA:112,1,0,0
BRDA:123,2,0,0
BRDA:123,2,1,0
BRDA:134,3,0,0
BRDA:134,3,1,0
BRDA:134,4,0,0
BRDA:134,4,1,0
BRDA:141,5,0,0
BRDA:141,5,1,0
BRDA:156,6,0,0
BRDA:156,7,0,0
BRDA:156,8,0,0
BRDA:181,9,0,0
BRDA:181,10,0,0
BRDA:181,11,0,0
BRDA:185,12,0,0
BRDA:185,12,1,0
BRDA:185,13,0,0
BRDA:185,13,1,0
BRDA:188,14,0,0
BRDA:188,14,1,0
BRDA:189,15,0,0
BRDA:189,15,1,0
BRDA:189,15,2,0
BRDA:189,15,3,0
BRDA:199,16,0,0
BRDA:199,16,1,0
BRDA:203,17,0,0
BRDA:203,17,1,0
BRDA:216,18,0,0
BRDA:216,18,1,0
BRDA:216,19,0,0
BRDA:216,19,1,0
BRDA:238,20,0,0
BRDA:238,20,1,0
BRDA:256,21,0,0
BRDA:256,21,1,0
BRDA:273,22,0,0
BRDA:275,23,0,0
BRDA:275,23,1,0
BRDA:277,24,0,0
BRDA:277,24,1,0
BRDA:279,25,0,0
BRDA:279,25,1,0
BRDA:303,26,0,0
BRDA:303,26,1,0
BRDA:315,27,0,0
BRDA:315,27,1,0
BRDA:326,28,0,0
BRDA:330,29,0,0
BRDA:330,29,1,0
BRDA:348,30,0,4
BRDA:348,30,1,4
BRDA:377,31,0,0
BRDA:377,31,1,0
BRDA:378,32,0,0
BRDA:378,32,1,0
BRDA:382,33,0,0
BRDA:382,33,1,0
BRDA:384,34,0,0
BRDA:384,34,1,0
BRDA:392,35,0,0
BRDA:392,35,1,0
BRDA:396,36,0,0
BRDA:396,36,1,0
BRDA:418,37,0,0
BRDA:418,37,1,0
BRDA:418,38,0,0
BRDA:418,38,1,0
BRDA:418,38,2,0
BRF:72
BRH:3
end_of_record
TN:
SF:server\server.js
FN:41,(anonymous_0)
FN:61,(anonymous_1)
FN:73,(anonymous_2)
FN:122,(anonymous_3)
FN:132,(anonymous_4)
FN:148,(anonymous_5)
FN:177,(anonymous_6)
FN:182,(anonymous_7)
FN:193,(anonymous_8)
FN:209,(anonymous_9)
FN:227,(anonymous_10)
FN:239,(anonymous_11)
FN:241,(anonymous_12)
FN:244,(anonymous_13)
FN:252,(anonymous_14)
FN:266,(anonymous_15)
FN:289,(anonymous_16)
FNF:17
FNH:8
FNDA:1,(anonymous_0)
FNDA:0,(anonymous_1)
FNDA:1,(anonymous_2)
FNDA:0,(anonymous_3)
FNDA:1,(anonymous_4)
FNDA:2,(anonymous_5)
FNDA:2,(anonymous_6)
FNDA:0,(anonymous_7)
FNDA:1,(anonymous_8)
FNDA:0,(anonymous_9)
FNDA:0,(anonymous_10)
FNDA:1,(anonymous_11)
FNDA:0,(anonymous_12)
FNDA:0,(anonymous_13)
FNDA:0,(anonymous_14)
FNDA:0,(anonymous_15)
FNDA:1,(anonymous_16)
DA:4,1
DA:5,1
DA:6,1
DA:7,1
DA:8,1
DA:9,1
DA:10,1
DA:11,1
DA:13,1
DA:14,1
DA:15,1
DA:16,1
DA:17,1
DA:18,1
DA:19,1
DA:20,1
DA:21,1
DA:22,1
DA:23,1
DA:24,1
DA:25,1
DA:26,1
DA:28,1
DA:29,1
DA:30,1
DA:31,1
DA:43,1
DA:44,1
DA:46,1
DA:47,1
DA:48,1
DA:50,1
DA:51,1
DA:53,1
DA:63,0
DA:65,0
DA:76,1
DA:77,1
DA:78,1
DA:79,1
DA:80,1
DA:81,1
DA:82,1
DA:83,1
DA:84,1
DA:85,1
DA:86,1
DA:87,1
DA:88,1
DA:89,1
DA:90,1
DA:91,1
DA:92,1
DA:94,1
DA:95,1
DA:96,1
DA:97,1
DA:98,1
DA:99,1
DA:100,1
DA:101,1
DA:102,1
DA:103,1
DA:104,1
DA:105,1
DA:106,1
DA:107,1
DA:108,1
DA:109,1
DA:110,1
DA:112,1
DA:113,1
DA:114,1
DA:124,0
DA:134,1
DA:150,2
DA:153,0
DA:155,0
DA:159,0
DA:162,2
DA:163,1
DA:165,2
DA:167,2
DA:179,2
DA:180,2
DA:182,2
DA:184,0
DA:185,0
DA:189,2
DA:191,2
DA:193,2
DA:194,1
DA:197,2
DA:211,0
DA:213,0
DA:214,0
DA:217,0
DA:229,0
DA:231,0
DA:241,1
DA:242,0
DA:244,0
DA:245,0
DA:247,0
DA:248,0
DA:252,0
DA:253,0
DA:255,0
DA:256,0
DA:260,0
DA:262,0
DA:264,0
DA:266,0
DA:267,0
DA:268,0
DA:271,0
DA:272,0
DA:274,0
DA:278,0
DA:279,0
DA:291,1
DA:293,1
DA:297,1
LF:123
LH:89
BRDA:148,0,0,1
BRDA:150,1,0,2
BRDA:150,1,1,0
BRDA:153,2,0,0
BRDA:153,2,1,0
BRDA:162,3,0,1
BRDA:162,3,1,1
BRDA:162,4,0,2
BRDA:162,4,1,1
BRDA:184,5,0,0
BRDA:184,5,1,0
BRDA:211,6,0,0
BRDA:211,6,1,0
BRDA:213,7,0,0
BRDA:213,7,1,0
BRDA:229,8,0,0
BRDA:229,8,1,0
BRDA:245,9,0,0
BRDA:245,9,1,0
BRDA:245,10,0,0
BRDA:245,10,1,0
BRDA:253,11,0,0
BRDA:253,11,1,0
BRDA:253,12,0,0
BRDA:253,12,1,0
BRDA:267,13,0,0
BRDA:267,13,1,0
BRDA:267,14,0,0
BRDA:267,14,1,0
BRDA:278,15,0,0
BRDA:278,15,1,0
BRF:31
BRH:6
end_of_record
TN:
SF:server\components\body_parsers\body_parser_handler.js
FN:10,(anonymous_0)
FN:24,(anonymous_1)
FN:41,(anonymous_2)
FNF:3
FNH:0
FNDA:0,(anonymous_0)
FNDA:0,(anonymous_1)
FNDA:0,(anonymous_2)
DA:3,1
DA:12,0
DA:14,0
DA:26,0
DA:28,0
DA:31,0
DA:43,0
DA:45,0
DA:47,0
DA:48,0
DA:52,0
DA:56,1
LF:12
LH:2
BRDA:26,0,0,0
BRDA:26,0,1,0
BRDA:26,1,0,0
BRDA:26,1,1,0
BRDA:45,2,0,0
BRDA:45,2,1,0
BRF:6
BRH:0
end_of_record
TN:
SF:server\components\body_parsers\form_body_parser.js
FN:24,(anonymous_0)
FN:46,(anonymous_1)
FN:55,(anonymous_2)
FN:57,(anonymous_3)
FN:64,(anonymous_4)
FN:75,(anonymous_5)
FNF:6
FNH:0
FNDA:0,(anonymous_0)
FNDA:0,(anonymous_1)
FNDA:0,(anonymous_2)
FNDA:0,(anonymous_3)
FNDA:0,(anonymous_4)
FNDA:0,(anonymous_5)
DA:4,1
DA:9,1
DA:10,1
DA:11,1
DA:26,0
DA:27,0
DA:30,0
DA:34,0
DA:48,0
DA:49,0
DA:57,0
DA:58,0
DA:59,0
DA:61,0
DA:62,0
DA:64,0
DA:66,0
DA:68,0
DA:70,0
DA:71,0
DA:75,0
DA:76,0
DA:78,0
DA:80,0
DA:81,0
DA:83,0
DA:85,0
DA:92,0
DA:95,0
DA:96,0
DA:97,0
DA:98,0
DA:100,0
DA:102,0
DA:104,0
DA:105,0
DA:107,0
DA:110,0
DA:117,1
LF:39
LH:5
BRDA:24,0,0,0
BRDA:30,1,0,0
BRDA:30,1,1,0
BRDA:34,2,0,0
BRDA:34,2,1,0
BRDA:49,3,0,0
BRDA:49,3,1,0
BRDA:61,4,0,0
BRDA:61,4,1,0
BRDA:66,5,0,0
BRDA:66,5,1,0
BRDA:70,6,0,0
BRDA:70,6,1,0
BRDA:76,7,0,0
BRDA:76,7,1,0
BRDA:80,8,0,0
BRDA:80,8,1,0
BRDA:80,9,0,0
BRDA:80,9,1,0
BRDA:85,10,0,0
BRDA:85,10,1,0
BRDA:86,11,0,0
BRDA:86,11,1,0
BRDA:86,11,2,0
BRDA:104,12,0,0
BRDA:104,12,1,0
BRF:26
BRH:0
end_of_record
TN:
SF:server\components\body_parsers\json_body_parser.js
FN:24,(anonymous_0)
FN:46,(anonymous_1)
FN:59,(anonymous_2)
FN:61,(anonymous_3)
FN:68,(anonymous_4)
FN:79,(anonymous_5)
FNF:6
FNH:0
FNDA:0,(anonymous_0)
FNDA:0,(anonymous_1)
FNDA:0,(anonymous_2)
FNDA:0,(anonymous_3)
FNDA:0,(anonymous_4)
FNDA:0,(anonymous_5)
DA:4,1
DA:9,1
DA:10,1
DA:11,1
DA:26,0
DA:27,0
DA:30,0
DA:34,0
DA:48,0
DA:49,0
DA:61,0
DA:62,0
DA:63,0
DA:65,0
DA:66,0
DA:68,0
DA:70,0
DA:72,0
DA:74,0
DA:75,0
DA:79,0
DA:80,0
DA:82,0
DA:84,0
DA:85,0
DA:87,0
DA:95,0
DA:98,0
DA:100,0
DA:101,0
DA:102,0
DA:103,0
DA:105,0
DA:109,0
DA:117,1
LF:35
LH:5
BRDA:24,0,0,0
BRDA:30,1,0,0
BRDA:30,1,1,0
BRDA:34,2,0,0
BRDA:34,2,1,0
BRDA:49,3,0,0
BRDA:49,3,1,0
BRDA:65,4,0,0
BRDA:65,4,1,0
BRDA:70,5,0,0
BRDA:70,5,1,0
BRDA:74,6,0,0
BRDA:74,6,1,0
BRDA:80,7,0,0
BRDA:80,7,1,0
BRDA:84,8,0,0
BRDA:84,8,1,0
BRDA:84,9,0,0
BRDA:84,9,1,0
BRDA:87,10,0,0
BRDA:87,10,1,0
BRDA:88,11,0,0
BRDA:88,11,1,0
BRDA:88,11,2,0
BRDA:88,11,3,0
BRF:25
BRH:0
end_of_record
TN:
SF:server\components\body_parsers\multipart_data_parser.js
FN:57,(anonymous_0)
FN:85,(anonymous_1)
FN:102,(anonymous_2)
FN:115,(anonymous_3)
FN:133,(anonymous_4)
FN:147,(anonymous_5)
FN:158,(anonymous_6)
FN:188,(anonymous_7)
FN:209,(anonymous_8)
FN:236,(anonymous_9)
FN:256,(anonymous_10)
FN:281,(anonymous_11)
FN:490,(anonymous_12)
FN:502,(anonymous_13)
FN:514,(anonymous_14)
FN:529,(anonymous_15)
FN:562,(anonymous_16)
FN:564,(anonymous_17)
FN:567,(anonymous_18)
FN:573,(anonymous_19)
FN:578,(anonymous_20)
FN:586,(anonymous_21)
FN:610,(anonymous_22)
FN:633,(anonymous_23)
FN:635,(anonymous_24)
FN:638,(anonymous_25)
FN:641,(anonymous_26)
FN:649,(anonymous_27)
FN:655,(anonymous_28)
FN:656,(anonymous_29)
FN:673,(anonymous_30)
FN:679,(anonymous_31)
FN:703,(anonymous_32)
FN:705,(anonymous_33)
FN:712,(anonymous_34)
FN:725,(anonymous_35)
FNF:36
FNH:19
FNDA:1,(anonymous_0)
FNDA:0,(anonymous_1)
FNDA:0,(anonymous_2)
FNDA:2,(anonymous_3)
FNDA:0,(anonymous_4)
FNDA:1,(anonymous_5)
FNDA:0,(anonymous_6)
FNDA:2,(anonymous_7)
FNDA:1,(anonymous_8)
FNDA:2,(anonymous_9)
FNDA:1,(anonymous_10)
FNDA:2,(anonymous_11)
FNDA:4,(anonymous_12)
FNDA:1,(anonymous_13)
FNDA:0,(anonymous_14)
FNDA:1,(anonymous_15)
FNDA:1,(anonymous_16)
FNDA:1,(anonymous_17)
FNDA:1,(anonymous_18)
FNDA:1,(anonymous_19)
FNDA:0,(anonymous_20)
FNDA:0,(anonymous_21)
FNDA:1,(anonymous_22)
FNDA:0,(anonymous_23)
FNDA:0,(anonymous_24)
FNDA:0,(anonymous_25)
FNDA:0,(anonymous_26)
FNDA:0,(anonymous_27)
FNDA:0,(anonymous_28)
FNDA:0,(anonymous_29)
FNDA:0,(anonymous_30)
FNDA:0,(anonymous_31)
FNDA:1,(anonymous_32)
FNDA:2,(anonymous_33)
FNDA:1,(anonymous_34)
FNDA:0,(anonymous_35)
DA:4,1
DA:5,1
DA:6,1
DA:7,1
DA:8,1
DA:9,1
DA:10,1
DA:11,1
DA:16,1
DA:17,1
DA:18,1
DA:19,1
DA:20,1
DA:21,1
DA:22,1
DA:23,1
DA:24,1
DA:25,1
DA:26,1
DA:27,1
DA:28,1
DA:29,1
DA:31,1
DA:32,1
DA:33,1
DA:34,1
DA:35,1
DA:36,1
DA:37,1
DA:39,1
DA:40,1
DA:41,1
DA:42,1
DA:43,1
DA:59,1
DA:60,1
DA:62,1
DA:63,1
DA:64,1
DA:66,1
DA:67,1
DA:69,1
DA:70,1
DA:71,1
DA:73,1
DA:74,1
DA:75,1
DA:77,1
DA:87,0
DA:88,0
DA:89,0
DA:90,0
DA:92,0
DA:93,0
DA:94,0
DA:104,0
DA:106,0
DA:117,2
DA:135,0
DA:136,0
DA:137,0
DA:149,1
DA:150,1
DA:160,0
DA:162,0
DA:168,0
DA:169,0
DA:170,0
DA:172,0
DA:174,0
DA:177,0
DA:178,0
DA:179,0
DA:190,2
DA:191,2
DA:193,1
DA:197,1
DA:198,1
DA:211,1
DA:212,1
DA:213,1
DA:215,1
DA:217,1
DA:219,1
DA:220,1
DA:221,1
DA:225,0
DA:226,0
DA:238,2
DA:240,2
DA:244,1
DA:258,1
DA:260,1
DA:262,0
DA:264,0
DA:268,0
DA:271,1
DA:283,2
DA:284,2
DA:285,2
DA:287,2
DA:289,11
DA:292,2
DA:293,2
DA:297,3
DA:298,3
DA:300,1
DA:301,0
DA:303,1
DA:306,2
DA:307,1
DA:310,2
DA:311,2
DA:313,2
DA:315,2
DA:316,2
DA:317,2
DA:318,2
DA:319,2
DA:323,2
DA:325,6
DA:327,6
DA:329,0
DA:330,0
DA:333,6
DA:335,2
DA:337,4
DA:339,2
DA:343,2
DA:346,4
DA:347,4
DA:351,2
DA:353,0
DA:354,0
DA:355,0
DA:359,2
DA:360,2
DA:362,2
DA:363,0
DA:365,2
DA:366,1
DA:368,1
DA:371,1
DA:373,1
DA:374,1
DA:376,0
DA:379,0
DA:383,0
DA:386,1
DA:389,0
DA:390,0
DA:391,0
DA:393,1
DA:396,1
DA:397,1
DA:401,0
DA:402,0
DA:405,1
DA:406,1
DA:409,1
DA:411,0
DA:413,0
DA:417,0
DA:418,0
DA:422,1
DA:423,1
DA:426,1
DA:427,1
DA:429,0
DA:431,0
DA:436,0
DA:437,0
DA:438,0
DA:439,0
DA:442,0
DA:446,1
DA:447,1
DA:449,0
DA:452,1
DA:453,1
DA:455,1
DA:457,1
DA:458,1
DA:460,0
DA:462,0
DA:465,0
DA:468,1
DA:469,1
DA:470,1
DA:472,1
DA:473,1
DA:474,1
DA:476,1
DA:477,1
DA:480,0
DA:492,4
DA:504,1
DA:516,0
DA:517,0
DA:531,1
DA:535,1
DA:539,1
DA:541,0
DA:544,1
DA:546,1
DA:547,0
DA:549,1
DA:564,1
DA:565,1
DA:567,1
DA:568,1
DA:570,1
DA:571,1
DA:573,1
DA:574,1
DA:575,1
DA:578,1
DA:579,0
DA:580,0
DA:581,0
DA:583,0
DA:586,1
DA:587,0
DA:590,1
DA:594,0
DA:595,0
DA:612,1
DA:613,1
DA:615,0
DA:616,0
DA:619,1
DA:621,0
DA:622,0
DA:625,1
DA:635,0
DA:636,0
DA:638,0
DA:639,0
DA:641,0
DA:642,0
DA:649,0
DA:650,0
DA:652,0
DA:653,0
DA:655,0
DA:656,0
DA:657,0
DA:664,0
DA:675,0
DA:679,0
DA:680,0
DA:681,0
DA:683,0
DA:685,0
DA:686,0
DA:690,0
DA:692,0
DA:695,0
DA:705,1
DA:707,2
DA:708,2
DA:712,1
DA:714,1
DA:715,0
DA:727,0
DA:729,0
DA:730,0
DA:735,1
LF:268
LH:167
BRDA:57,0,0,0
BRDA:62,1,0,1
BRDA:62,1,1,1
BRDA:63,2,0,1
BRDA:63,2,1,0
BRDA:64,3,0,1
BRDA:64,3,1,1
BRDA:104,4,0,0
BRDA:104,4,1,0
BRDA:172,5,0,0
BRDA:172,5,1,0
BRDA:172,6,0,0
BRDA:172,6,1,0
BRDA:191,7,0,1
BRDA:191,7,1,1
BRDA:217,8,0,1
BRDA:217,8,1,0
BRDA:258,9,0,1
BRDA:258,9,1,0
BRDA:262,10,0,0
BRDA:262,10,1,0
BRDA:262,11,0,0
BRDA:262,11,1,0
BRDA:289,12,0,2
BRDA:289,12,1,3
BRDA:289,12,2,2
BRDA:289,12,3,1
BRDA:289,12,4,1
BRDA:289,12,5,1
BRDA:289,12,6,1
BRDA:289,12,7,0
BRDA:298,13,0,1
BRDA:298,13,1,2
BRDA:298,14,0,3
BRDA:298,14,1,3
BRDA:300,15,0,0
BRDA:300,15,1,1
BRDA:306,16,0,1
BRDA:306,16,1,1
BRDA:327,17,0,0
BRDA:327,17,1,6
BRDA:327,18,0,6
BRDA:327,18,1,2
BRDA:333,19,0,2
BRDA:333,19,1,4
BRDA:337,20,0,2
BRDA:337,20,1,2
BRDA:351,21,0,0
BRDA:351,21,1,2
BRDA:351,22,0,2
BRDA:351,22,1,2
BRDA:351,22,2,2
BRDA:353,23,0,0
BRDA:353,23,1,0
BRDA:362,24,0,0
BRDA:362,24,1,2
BRDA:365,25,0,1
BRDA:365,25,1,1
BRDA:374,26,0,0
BRDA:374,26,1,1
BRDA:376,27,0,0
BRDA:376,27,1,0
BRDA:386,28,0,0
BRDA:386,28,1,1
BRDA:386,29,0,1
BRDA:386,29,1,0
BRDA:393,30,0,1
BRDA:393,30,1,0
BRDA:409,31,0,0
BRDA:409,31,1,1
BRDA:411,32,0,0
BRDA:411,32,1,0
BRDA:427,33,0,0
BRDA:427,33,1,1
BRDA:429,34,0,0
BRDA:429,34,1,0
BRDA:447,35,0,0
BRDA:447,35,1,1
BRDA:458,36,0,0
BRDA:458,36,1,1
BRDA:460,37,0,0
BRDA:460,37,1,0
BRDA:492,38,0,4
BRDA:492,38,1,4
BRDA:492,38,2,4
BRDA:492,38,3,3
BRDA:517,39,0,0
BRDA:517,39,1,0
BRDA:531,40,0,1
BRDA:531,40,1,0
BRDA:535,41,0,1
BRDA:535,41,1,0
BRDA:539,42,0,0
BRDA:539,42,1,1
BRDA:539,43,0,1
BRDA:539,43,1,1
BRDA:546,44,0,0
BRDA:546,44,1,1
BRDA:568,45,0,1
BRDA:568,45,1,0
BRDA:568,46,0,1
BRDA:568,46,1,1
BRDA:613,47,0,0
BRDA:613,47,1,1
BRDA:619,48,0,0
BRDA:619,48,1,1
BRDA:619,49,0,1
BRDA:619,49,1,0
BRDA:636,50,0,0
BRDA:636,50,1,0
BRDA:639,51,0,0
BRDA:639,51,1,0
BRDA:639,52,0,0
BRDA:639,52,1,0
BRDA:639,52,2,0
BRDA:650,53,0,0
BRDA:650,53,1,0
BRDA:650,54,0,0
BRDA:650,54,1,0
BRDA:650,54,2,0
BRDA:652,55,0,0
BRDA:652,55,1,0
BRDA:652,56,0,0
BRDA:652,56,1,0
BRDA:680,57,0,0
BRDA:680,57,1,0
BRDA:683,58,0,0
BRDA:683,58,1,0
BRDA:685,59,0,0
BRDA:685,59,1,0
BRDA:690,60,0,0
BRDA:690,60,1,0
BRDA:707,61,0,2
BRDA:707,61,1,0
BRDA:714,62,0,0
BRDA:714,62,1,1
BRDA:729,63,0,0
BRDA:729,63,1,0
BRF:138
BRH:63
end_of_record
TN:
SF:server\components\body_parsers\raw_body_parser.js
FN:16,(anonymous_0)
FN:34,(anonymous_1)
FN:46,(anonymous_2)
FN:48,(anonymous_3)
FN:52,(anonymous_4)
FN:63,(anonymous_5)
FNF:6
FNH:0
FNDA:0,(anonymous_0)
FNDA:0,(anonymous_1)
FNDA:0,(anonymous_2)
FNDA:0,(anonymous_3)
FNDA:0,(anonymous_4)
FNDA:0,(anonymous_5)
DA:4,1
DA:18,0
DA:19,0
DA:22,0
DA:36,0
DA:48,0
DA:49,0
DA:50,0
DA:52,0
DA:54,0
DA:56,0
DA:58,0
DA:59,0
DA:63,0
DA:64,0
DA:66,0
DA:68,0
DA:69,0
DA:71,0
DA:73,0
DA:80,1
LF:21
LH:2
BRDA:16,0,0,0
BRDA:22,1,0,0
BRDA:22,1,1,0
BRDA:54,2,0,0
BRDA:54,2,1,0
BRDA:58,3,0,0
BRDA:58,3,1,0
BRDA:64,4,0,0
BRDA:64,4,1,0
BRDA:68,5,0,0
BRDA:68,5,1,0
BRDA:68,6,0,0
BRDA:68,6,1,0
BRF:13
BRH:0
end_of_record
TN:
SF:server\components\caching\data_server.js
FN:31,(anonymous_0)
FN:51,(anonymous_1)
FN:83,(anonymous_2)
FN:91,(anonymous_3)
FN:103,(anonymous_4)
FN:119,(anonymous_5)
FN:137,(anonymous_6)
FN:153,(anonymous_7)
FN:166,(anonymous_8)
FN:186,(anonymous_9)
FN:188,(anonymous_10)
FN:208,(anonymous_11)
FN:235,(anonymous_12)
FN:237,(anonymous_13)
FN:256,(anonymous_14)
FN:280,(anonymous_15)
FN:282,(anonymous_16)
FN:309,(anonymous_17)
FN:333,(anonymous_18)
FN:335,(anonymous_19)
FN:361,(anonymous_20)
FN:377,(anonymous_21)
FN:379,(anonymous_22)
FN:400,(anonymous_23)
FN:416,(anonymous_24)
FN:418,(anonymous_25)
FN:438,(anonymous_26)
FN:455,(anonymous_27)
FN:474,(anonymous_28)
FN:476,(anonymous_29)
FN:496,(anonymous_30)
FN:498,(anonymous_31)
FN:528,(anonymous_32)
FN:544,(anonymous_33)
FN:546,(anonymous_34)
FN:575,(anonymous_35)
FN:591,(anonymous_36)
FN:614,(anonymous_37)
FN:629,(anonymous_38)
FN:645,(anonymous_39)
FN:671,(anonymous_40)
FN:686,(anonymous_41)
FNF:42
FNH:2
FNDA:1,(anonymous_0)
FNDA:1,(anonymous_1)
FNDA:0,(anonymous_2)
FNDA:0,(anonymous_3)
FNDA:0,(anonymous_4)
FNDA:0,(anonymous_5)
FNDA:0,(anonymous_6)
FNDA:0,(anonymous_7)
FNDA:0,(anonymous_8)
FNDA:0,(anonymous_9)
FNDA:0,(anonymous_10)
FNDA:0,(anonymous_11)
FNDA:0,(anonymous_12)
FNDA:0,(anonymous_13)
FNDA:0,(anonymous_14)
FNDA:0,(anonymous_15)
FNDA:0,(anonymous_16)
FNDA:0,(anonymous_17)
FNDA:0,(anonymous_18)
FNDA:0,(anonymous_19)
FNDA:0,(anonymous_20)
FNDA:0,(anonymous_21)
FNDA:0,(anonymous_22)
FNDA:0,(anonymous_23)
FNDA:0,(anonymous_24)
FNDA:0,(anonymous_25)
FNDA:0,(anonymous_26)
FNDA:0,(anonymous_27)
FNDA:0,(anonymous_28)
FNDA:0,(anonymous_29)
FNDA:0,(anonymous_30)
FNDA:0,(anonymous_31)
FNDA:0,(anonymous_32)
FNDA:0,(anonymous_33)
FNDA:0,(anonymous_34)
FNDA:0,(anonymous_35)
FNDA:0,(anonymous_36)
FNDA:0,(anonymous_37)
FNDA:0,(anonymous_38)
FNDA:0,(anonymous_39)
FNDA:0,(anonymous_40)
FNDA:0,(anonymous_41)
DA:3,1
DA:4,1
DA:5,1
DA:6,1
DA:7,1
DA:9,1
DA:14,1
DA:16,1
DA:17,1
DA:18,1
DA:19,1
DA:20,1
DA:33,1
DA:34,1
DA:36,1
DA:37,1
DA:39,1
DA:53,1
DA:55,1
DA:58,1
DA:60,1
DA:64,1
DA:67,1
DA:69,1
DA:73,1
DA:75,1
DA:79,1
DA:81,0
DA:83,0
DA:84,0
DA:85,0
DA:88,0
DA:91,1
DA:92,0
DA:95,1
DA:105,0
DA:107,0
DA:108,0
DA:110,0
DA:111,0
DA:121,0
DA:123,0
DA:124,0
DA:128,0
DA:139,0
DA:140,0
DA:142,0
DA:155,0
DA:156,0
DA:158,0
DA:168,0
DA:170,0
DA:171,0
DA:173,0
DA:188,0
DA:189,0
DA:191,0
DA:192,0
DA:194,0
DA:210,0
DA:217,0
DA:220,0
DA:237,0
DA:238,0
DA:242,0
DA:243,0
DA:258,0
DA:263,0
DA:266,0
DA:282,0
DA:283,0
DA:285,0
DA:286,0
DA:288,0
DA:289,0
DA:291,0
DA:292,0
DA:294,0
DA:296,0
DA:311,0
DA:316,0
DA:319,0
DA:335,0
DA:336,0
DA:338,0
DA:339,0
DA:341,0
DA:342,0
DA:344,0
DA:345,0
DA:347,0
DA:349,0
DA:363,0
DA:364,0
DA:366,0
DA:379,0
DA:380,0
DA:381,0
DA:383,0
DA:385,0
DA:386,0
DA:388,0
DA:402,0
DA:403,0
DA:405,0
DA:418,0
DA:419,0
DA:421,0
DA:422,0
DA:424,0
DA:440,0
DA:441,0
DA:457,0
DA:459,0
DA:462,0
DA:476,0
DA:477,0
DA:479,0
DA:480,0
DA:482,0
DA:483,0
DA:484,0
DA:498,0
DA:499,0
DA:500,0
DA:504,0
DA:505,0
DA:507,0
DA:509,0
DA:511,0
DA:514,0
DA:530,0
DA:531,0
DA:533,0
DA:546,0
DA:547,0
DA:548,0
DA:550,0
DA:551,0
DA:553,0
DA:577,0
DA:579,0
DA:580,0
DA:582,0
DA:593,0
DA:594,0
DA:600,0
DA:602,0
DA:603,0
DA:606,0
DA:608,0
DA:609,0
DA:611,0
DA:612,0
DA:614,0
DA:615,0
DA:616,0
DA:617,0
DA:629,0
DA:630,0
DA:647,0
DA:648,0
DA:650,0
DA:651,0
DA:659,0
DA:661,0
DA:673,0
DA:674,0
DA:676,0
DA:688,0
DA:692,1
DA:694,1
LF:172
LH:31
BRDA:31,0,0,0
BRDA:55,1,0,0
BRDA:55,1,1,1
BRDA:58,2,0,0
BRDA:58,2,1,1
BRDA:60,3,0,1
BRDA:60,3,1,0
BRDA:64,4,0,0
BRDA:64,4,1,1
BRDA:69,5,0,0
BRDA:69,5,1,1
BRDA:75,6,0,1
BRDA:75,6,1,0
BRDA:79,7,0,0
BRDA:79,7,1,1
BRDA:121,8,0,0
BRDA:121,8,1,0
BRDA:139,9,0,0
BRDA:139,9,1,0
BRDA:153,10,0,0
BRDA:155,11,0,0
BRDA:155,11,1,0
BRDA:155,12,0,0
BRDA:155,12,1,0
BRDA:166,13,0,0
BRDA:186,14,0,0
BRDA:191,15,0,0
BRDA:191,15,1,0
BRDA:208,16,0,0
BRDA:208,17,0,0
BRDA:210,18,0,0
BRDA:210,18,1,0
BRDA:211,19,0,0
BRDA:211,19,1,0
BRDA:211,19,2,0
BRDA:211,19,3,0
BRDA:211,19,4,0
BRDA:238,20,0,0
BRDA:238,20,1,0
BRDA:256,21,0,0
BRDA:256,22,0,0
BRDA:258,23,0,0
BRDA:258,23,1,0
BRDA:259,24,0,0
BRDA:259,24,1,0
BRDA:259,24,2,0
BRDA:285,25,0,0
BRDA:285,25,1,0
BRDA:288,26,0,0
BRDA:288,26,1,0
BRDA:309,27,0,0
BRDA:309,28,0,0
BRDA:311,29,0,0
BRDA:311,29,1,0
BRDA:312,30,0,0
BRDA:312,30,1,0
BRDA:312,30,2,0
BRDA:338,31,0,0
BRDA:338,31,1,0
BRDA:341,32,0,0
BRDA:341,32,1,0
BRDA:361,33,0,0
BRDA:363,34,0,0
BRDA:363,34,1,0
BRDA:363,35,0,0
BRDA:363,35,1,0
BRDA:385,36,0,0
BRDA:385,36,1,0
BRDA:400,37,0,0
BRDA:402,38,0,0
BRDA:402,38,1,0
BRDA:402,39,0,0
BRDA:402,39,1,0
BRDA:421,40,0,0
BRDA:421,40,1,0
BRDA:455,41,0,0
BRDA:455,42,0,0
BRDA:457,43,0,0
BRDA:457,43,1,0
BRDA:457,44,0,0
BRDA:457,44,1,0
BRDA:457,44,2,0
BRDA:479,45,0,0
BRDA:479,45,1,0
BRDA:482,46,0,0
BRDA:482,46,1,0
BRDA:500,47,0,0
BRDA:500,47,1,0
BRDA:500,48,0,0
BRDA:500,48,1,0
BRDA:504,49,0,0
BRDA:504,49,1,0
BRDA:504,50,0,0
BRDA:504,50,1,0
BRDA:507,51,0,0
BRDA:507,51,1,0
BRDA:507,52,0,0
BRDA:507,52,1,0
BRDA:528,53,0,0
BRDA:530,54,0,0
BRDA:530,54,1,0
BRDA:530,55,0,0
BRDA:530,55,1,0
BRDA:547,56,0,0
BRDA:547,56,1,0
BRDA:579,57,0,0
BRDA:579,57,1,0
BRDA:602,58,0,0
BRDA:602,58,1,0
BRDA:671,59,0,0
BRDA:673,60,0,0
BRDA:673,60,1,0
BRDA:676,61,0,0
BRDA:676,61,1,0
BRDA:686,62,0,0
BRF:115
BRH:7
end_of_record
TN:
SF:server\components\error\error_handler.js
FN:17,(anonymous_0)
FN:31,(anonymous_1)
FN:46,(anonymous_2)
FN:63,(anonymous_3)
FNF:4
FNH:0
FNDA:0,(anonymous_0)
FNDA:0,(anonymous_1)
FNDA:0,(anonymous_2)
FNDA:0,(anonymous_3)
DA:19,0
DA:21,0
DA:33,0
DA:34,0
DA:36,0
DA:48,0
DA:49,0
DA:51,0
DA:65,0
DA:66,0
DA:70,1
LF:11
LH:1
BRDA:17,0,0,0
BRDA:33,1,0,0
BRDA:33,1,1,0
BRDA:48,2,0,0
BRDA:48,2,1,0
BRDA:65,3,0,0
BRDA:65,3,1,0
BRF:7
BRH:0
end_of_record
TN:
SF:server\components\file_streams\abstract_file_stream.js
FN:12,(anonymous_0)
FN:25,(anonymous_1)
FN:36,(anonymous_2)
FNF:3
FNH:0
FNDA:0,(anonymous_0)
FNDA:0,(anonymous_1)
FNDA:0,(anonymous_2)
DA:4,1
DA:14,0
DA:15,0
DA:27,0
DA:28,0
DA:38,0
DA:42,1
LF:7
LH:2
BRDA:12,0,0,0
BRDA:12,1,0,0
BRF:2
BRH:0
end_of_record
TN:
SF:server\components\file_streams\audio_file_stream.js
FN:13,(anonymous_0)
FN:27,(anonymous_1)
FNF:2
FNH:0
FNDA:0,(anonymous_0)
FNDA:0,(anonymous_1)
DA:4,1
DA:5,1
DA:6,1
DA:15,0
DA:29,0
DA:30,0
DA:31,0
DA:32,0
DA:34,0
DA:35,0
DA:37,0
DA:38,0
DA:39,0
DA:41,0
DA:42,0
DA:43,0
DA:44,0
DA:46,0
DA:50,0
DA:51,0
DA:53,0
DA:56,0
DA:58,0
DA:62,1
LF:24
LH:4
BRDA:27,0,0,0
BRDA:35,1,0,0
BRDA:35,1,1,0
BRDA:39,2,0,0
BRDA:39,2,1,0
BRF:5
BRH:0
end_of_record
TN:
SF:server\components\file_streams\file_stream_handler.js
FN:20,(anonymous_0)
FNF:1
FNH:0
FNDA:0,(anonymous_0)
DA:4,1
DA:5,1
DA:6,1
DA:7,1
DA:8,1
DA:10,1
DA:21,0
DA:28,0
DA:29,0
DA:31,0
DA:37,0
DA:38,0
DA:40,0
DA:44,0
LF:14
LH:6
BRDA:28,0,0,0
BRDA:28,0,1,0
BRDA:28,1,0,0
BRDA:28,1,1,0
BRDA:38,2,0,0
BRDA:38,2,1,0
BRF:6
BRH:0
end_of_record
TN:
SF:server\components\file_streams\image_file_stream.js
FN:12,(anonymous_0)
FN:31,(anonymous_1)
FNF:2
FNH:0
FNDA:0,(anonymous_0)
FNDA:0,(anonymous_1)
DA:4,1
DA:5,1
DA:14,0
DA:33,0
DA:35,0
DA:37,0
DA:41,1
LF:7
LH:3
BRDA:31,0,0,0
BRF:1
BRH:0
end_of_record
TN:
SF:server\components\file_streams\text_file_stream.js
FN:12,(anonymous_0)
FN:35,(anonymous_1)
FNF:2
FNH:0
FNDA:0,(anonymous_0)
FNDA:0,(anonymous_1)
DA:4,1
DA:5,1
DA:14,0
DA:37,0
DA:39,0
DA:41,0
DA:45,1
LF:7
LH:3
BRDA:35,0,0,0
BRF:1
BRH:0
end_of_record
TN:
SF:server\components\file_streams\video_file_stream.js
FN:13,(anonymous_0)
FN:27,(anonymous_1)
FNF:2
FNH:0
FNDA:0,(anonymous_0)
FNDA:0,(anonymous_1)
DA:4,1
DA:5,1
DA:6,1
DA:15,0
DA:29,0
DA:30,0
DA:31,0
DA:32,0
DA:34,0
DA:35,0
DA:37,0
DA:38,0
DA:39,0
DA:41,0
DA:42,0
DA:43,0
DA:44,0
DA:46,0
DA:50,0
DA:51,0
DA:53,0
DA:56,0
DA:58,0
DA:62,1
LF:24
LH:4
BRDA:27,0,0,0
BRDA:35,1,0,0
BRDA:35,1,1,0
BRDA:39,2,0,0
BRDA:39,2,1,0
BRF:5
BRH:0
end_of_record
TN:
SF:server\components\helpers\unique_id.js
FN:11,(anonymous_0)
FNF:1
FNH:0
FNDA:0,(anonymous_0)
DA:3,1
DA:12,0
DA:13,0
DA:14,0
DA:16,0
DA:17,0
DA:19,0
LF:7
LH:1
BRDA:14,0,0,0
BRDA:14,0,1,0
BRF:2
BRH:0
end_of_record
TN:
SF:server\components\logger\loggur.js
FN:16,(anonymous_0)
FN:38,(anonymous_1)
FN:48,(anonymous_2)
FN:63,(anonymous_3)
FN:86,(anonymous_4)
FN:102,(anonymous_5)
FN:112,(anonymous_6)
FN:130,(anonymous_7)
FN:161,(anonymous_8)
FNF:9
FNH:3
FNDA:1,(anonymous_0)
FNDA:0,(anonymous_1)
FNDA:1,(anonymous_2)
FNDA:0,(anonymous_3)
FNDA:0,(anonymous_4)
FNDA:1,(anonymous_5)
FNDA:0,(anonymous_6)
FNDA:0,(anonymous_7)
FNDA:0,(anonymous_8)
DA:4,1
DA:5,1
DA:6,1
DA:7,1
DA:8,1
DA:9,1
DA:18,1
DA:19,1
DA:20,1
DA:21,1
DA:22,1
DA:27,1
DA:40,0
DA:50,1
DA:65,0
DA:66,0
DA:68,0
DA:70,0
DA:71,0
DA:74,0
DA:88,0
DA:89,0
DA:90,0
DA:92,0
DA:104,1
DA:114,0
DA:116,0
DA:122,0
DA:132,0
DA:134,0
DA:136,0
DA:138,0
DA:139,0
DA:144,0
DA:146,0
DA:147,0
DA:151,0
DA:163,0
DA:165,0
DA:166,0
DA:170,0
DA:171,0
DA:176,1
LF:43
LH:15
BRDA:22,0,0,1
BRDA:63,1,0,0
BRDA:65,2,0,0
BRDA:65,2,1,0
BRDA:65,3,0,0
BRDA:65,3,1,0
BRDA:68,4,0,0
BRDA:68,4,1,0
BRDA:68,5,0,0
BRDA:68,5,1,0
BRDA:89,6,0,0
BRDA:89,6,1,0
BRDA:102,7,0,0
BRDA:114,8,0,0
BRDA:114,8,1,0
BRDA:134,9,0,0
BRDA:134,9,1,0
BRDA:144,10,0,0
BRDA:144,10,1,0
BRDA:163,11,0,0
BRDA:163,11,1,0
BRDA:170,12,0,0
BRDA:170,12,1,0
BRF:23
BRH:1
end_of_record
TN:
SF:server\components\logger\components\log.js
FN:29,(anonymous_0)
FN:51,(anonymous_1)
FN:70,(anonymous_2)
FN:97,(anonymous_3)
FN:132,(anonymous_4)
FN:142,(anonymous_5)
FN:152,(anonymous_6)
FN:162,(anonymous_7)
FN:172,(anonymous_8)
FN:182,(anonymous_9)
FN:192,(anonymous_10)
FN:202,(anonymous_11)
FN:216,(anonymous_12)
FN:234,(anonymous_13)
FNF:14
FNH:10
FNDA:8,(anonymous_0)
FNDA:0,(anonymous_1)
FNDA:0,(anonymous_2)
FNDA:8,(anonymous_3)
FNDA:32,(anonymous_4)
FNDA:8,(anonymous_5)
FNDA:0,(anonymous_6)
FNDA:8,(anonymous_7)
FNDA:8,(anonymous_8)
FNDA:8,(anonymous_9)
FNDA:8,(anonymous_10)
FNDA:0,(anonymous_11)
FNDA:16,(anonymous_12)
FNDA:8,(anonymous_13)
DA:3,1
DA:8,1
DA:16,1
DA:17,1
DA:31,8
DA:32,8
DA:33,8
DA:34,8
DA:35,8
DA:36,8
DA:38,8
DA:40,8
DA:41,0
DA:53,0
DA:54,0
DA:55,0
DA:56,0
DA:58,0
DA:59,0
DA:61,0
DA:62,0
DA:63,0
DA:64,0
DA:65,0
DA:68,0
DA:70,0
DA:71,0
DA:72,0
DA:75,0
DA:77,0
DA:78,0
DA:79,0
DA:80,0
DA:82,0
DA:85,0
DA:99,8
DA:100,8
DA:102,8
DA:105,0
DA:106,0
DA:109,8
DA:110,8
DA:113,0
DA:114,0
DA:117,0
DA:118,0
DA:121,8
DA:122,8
DA:124,8
DA:134,32
DA:144,8
DA:154,0
DA:164,8
DA:174,8
DA:184,8
DA:194,8
DA:204,0
DA:218,16
DA:220,8
DA:221,0
DA:223,8
DA:226,8
DA:236,8
DA:240,1
LF:64
LH:32
BRDA:40,0,0,0
BRDA:40,0,1,8
BRDA:71,1,0,0
BRDA:71,1,1,0
BRDA:71,2,0,0
BRDA:71,2,1,0
BRDA:97,3,0,0
BRDA:97,4,0,0
BRDA:97,5,0,0
BRDA:100,6,0,8
BRDA:100,6,1,0
BRDA:102,7,0,0
BRDA:102,7,1,8
BRDA:102,7,2,0
BRDA:102,7,3,0
BRDA:218,8,0,8
BRDA:218,8,1,8
BRDA:220,9,0,0
BRDA:220,9,1,8
BRF:19
BRH:6
end_of_record
TN:
SF:server\components\logger\components\logger.js
FN:22,(anonymous_0)
FN:53,(anonymous_1)
FN:84,(anonymous_2)
FN:105,(anonymous_3)
FN:154,(anonymous_4)
FN:167,(anonymous_5)
FN:183,(anonymous_6)
FN:201,(anonymous_7)
FN:214,(anonymous_8)
FN:230,(anonymous_9)
FN:239,(anonymous_10)
FN:240,(anonymous_11)
FN:241,(anonymous_12)
FN:244,(anonymous_13)
FN:257,(anonymous_14)
FNF:15
FNH:13
FNDA:1,(anonymous_0)
FNDA:1,(anonymous_1)
FNDA:1,(anonymous_2)
FNDA:0,(anonymous_3)
FNDA:1,(anonymous_4)
FNDA:8,(anonymous_5)
FNDA:1,(anonymous_6)
FNDA:8,(anonymous_7)
FNDA:8,(anonymous_8)
FNDA:8,(anonymous_9)
FNDA:8,(anonymous_10)
FNDA:8,(anonymous_11)
FNDA:8,(anonymous_12)
FNDA:8,(anonymous_13)
FNDA:0,(anonymous_14)
DA:4,1
DA:5,1
DA:6,1
DA:11,1
DA:24,1
DA:29,1
DA:30,0
DA:32,1
DA:55,1
DA:59,1
DA:63,1
DA:67,1
DA:71,1
DA:75,1
DA:79,1
DA:80,1
DA:84,1
DA:86,1
DA:88,0
DA:94,1
DA:95,1
DA:107,0
DA:156,1
DA:162,4
DA:163,4
DA:165,4
DA:167,4
DA:168,8
DA:170,8
DA:185,1
DA:187,1
DA:188,1
DA:191,0
DA:203,8
DA:204,0
DA:206,8
DA:216,8
DA:232,8
DA:233,8
DA:235,8
DA:237,8
DA:239,8
DA:240,8
DA:241,8
DA:242,8
DA:244,8
DA:245,8
DA:250,8
DA:254,8
DA:257,0
DA:258,0
DA:262,8
DA:266,1
LF:53
LH:46
BRDA:22,0,0,0
BRDA:22,1,0,0
BRDA:26,2,0,1
BRDA:26,2,1,0
BRDA:29,3,0,0
BRDA:29,3,1,1
BRDA:55,4,0,1
BRDA:55,4,1,0
BRDA:59,5,0,1
BRDA:59,5,1,0
BRDA:63,6,0,1
BRDA:63,6,1,0
BRDA:67,7,0,0
BRDA:67,7,1,1
BRDA:71,8,0,0
BRDA:71,8,1,1
BRDA:75,9,0,0
BRDA:75,9,1,1
BRDA:80,10,0,1
BRDA:80,10,1,0
BRDA:80,11,0,1
BRDA:80,11,1,1
BRDA:86,12,0,0
BRDA:86,12,1,1
BRDA:165,13,0,4
BRDA:165,13,1,0
BRDA:167,14,0,8
BRDA:185,15,0,1
BRDA:185,15,1,0
BRDA:203,16,0,0
BRDA:203,16,1,8
BRDA:216,17,0,8
BRDA:216,17,1,0
BRDA:230,18,0,8
BRDA:230,19,0,8
BRDA:235,20,0,8
BRDA:235,20,1,0
BRDA:254,21,0,0
BRDA:254,21,1,8
BRF:39
BRH:21
end_of_record
TN:
SF:server\components\logger\components\transport_types\console.js
FN:27,(anonymous_0)
FN:43,(anonymous_1)
FN:63,(anonymous_2)
FN:107,(anonymous_3)
FNF:4
FNH:4
FNDA:1,(anonymous_0)
FNDA:1,(anonymous_1)
FNDA:8,(anonymous_2)
FNDA:8,(anonymous_3)
DA:4,1
DA:5,1
DA:6,1
DA:11,1
DA:12,1
DA:13,1
DA:29,1
DA:45,1
DA:47,1
DA:51,1
DA:65,8
DA:66,8
DA:67,8
DA:68,8
DA:69,8
DA:71,8
DA:73,8
DA:77,8
DA:81,8
DA:83,8
DA:86,8
DA:87,8
DA:90,8
DA:92,0
DA:95,8
DA:109,8
DA:111,8
DA:115,1
LF:28
LH:27
BRDA:27,0,0,0
BRDA:47,1,0,1
BRDA:47,1,1,0
BRDA:51,2,0,1
BRDA:51,2,1,0
BRDA:67,3,0,0
BRDA:67,3,1,8
BRDA:71,4,0,8
BRDA:71,4,1,0
BRDA:73,5,0,0
BRDA:73,5,1,8
BRDA:77,6,0,8
BRDA:77,6,1,0
BRDA:81,7,0,8
BRDA:81,7,1,0
BRDA:90,8,0,0
BRDA:90,8,1,8
BRF:17
BRH:8
end_of_record
TN:
SF:server\components\logger\components\transport_types\file.js
FN:20,(anonymous_0)
FN:35,(anonymous_1)
FN:56,(anonymous_2)
FN:81,(anonymous_3)
FN:92,(anonymous_4)
FN:106,(anonymous_5)
FN:123,(anonymous_6)
FN:130,(anonymous_7)
FNF:8
FNH:0
FNDA:0,(anonymous_0)
FNDA:0,(anonymous_1)
FNDA:0,(anonymous_2)
FNDA:0,(anonymous_3)
FNDA:0,(anonymous_4)
FNDA:0,(anonymous_5)
FNDA:0,(anonymous_6)
FNDA:0,(anonymous_7)
DA:4,1
DA:5,1
DA:6,1
DA:7,1
DA:8,1
DA:13,1
DA:22,0
DA:37,0
DA:39,0
DA:43,0
DA:45,0
DA:47,0
DA:58,0
DA:60,0
DA:62,0
DA:65,0
DA:67,0
DA:73,0
DA:83,0
DA:84,0
DA:94,0
DA:95,0
DA:96,0
DA:108,0
DA:109,0
DA:111,0
DA:125,0
DA:127,0
DA:128,0
DA:130,0
DA:131,0
DA:132,0
DA:134,0
DA:139,1
LF:34
LH:7
BRDA:20,0,0,0
BRDA:39,1,0,0
BRDA:39,1,1,0
BRDA:45,2,0,0
BRDA:45,2,1,0
BRDA:60,3,0,0
BRDA:60,3,1,0
BRDA:65,4,0,0
BRDA:65,4,1,0
BRDA:65,5,0,0
BRDA:65,5,1,0
BRDA:127,6,0,0
BRDA:127,6,1,0
BRDA:131,7,0,0
BRDA:131,7,1,0
BRF:15
BRH:0
end_of_record
TN:
SF:server\components\logger\components\transport_types\transport.js
FN:16,(anonymous_0)
FN:28,(anonymous_1)
FN:48,(anonymous_2)
FN:60,(anonymous_3)
FN:78,(anonymous_4)
FN:90,(anonymous_5)
FN:120,(anonymous_6)
FN:132,(anonymous_7)
FN:134,(anonymous_8)
FNF:9
FNH:6
FNDA:1,(anonymous_0)
FNDA:1,(anonymous_1)
FNDA:0,(anonymous_2)
FNDA:8,(anonymous_3)
FNDA:0,(anonymous_4)
FNDA:8,(anonymous_5)
FNDA:0,(anonymous_6)
FNDA:8,(anonymous_7)
FNDA:8,(anonymous_8)
DA:4,1
DA:9,1
DA:18,1
DA:30,1
DA:34,1
DA:38,1
DA:50,0
DA:62,8
DA:63,0
DA:65,8
DA:66,0
DA:68,8
DA:80,0
DA:92,8
DA:94,8
DA:95,8
DA:97,8
DA:98,8
DA:122,0
DA:134,8
DA:135,8
DA:137,0
DA:138,0
DA:141,8
DA:146,1
LF:25
LH:18
BRDA:16,0,0,0
BRDA:30,1,0,1
BRDA:30,1,1,0
BRDA:34,2,0,1
BRDA:34,2,1,0
BRDA:48,3,0,0
BRDA:62,4,0,0
BRDA:62,4,1,8
BRDA:65,5,0,0
BRDA:65,5,1,8
BRDA:94,6,0,8
BRDA:94,6,1,0
BRDA:135,7,0,0
BRDA:135,7,1,8
BRF:14
BRH:6
end_of_record
TN:
SF:server\components\logger\components\transport_types\formatters\colorize.js
FN:22,(anonymous_0)
FN:23,(anonymous_1)
FN:24,(anonymous_2)
FN:25,(anonymous_3)
FN:26,(anonymous_4)
FN:27,(anonymous_5)
FN:28,(anonymous_6)
FN:29,(anonymous_7)
FN:30,(anonymous_8)
FNF:9
FNH:5
FNDA:3,(anonymous_0)
FNDA:0,(anonymous_1)
FNDA:2,(anonymous_2)
FNDA:0,(anonymous_3)
FNDA:8,(anonymous_4)
FNDA:3,(anonymous_5)
FNDA:0,(anonymous_6)
FNDA:0,(anonymous_7)
FNDA:16,(anonymous_8)
DA:3,1
DA:5,1
DA:6,1
DA:7,1
DA:8,1
DA:9,1
DA:10,1
DA:11,1
DA:12,1
DA:13,1
DA:22,3
DA:23,1
DA:24,2
DA:25,1
DA:26,8
DA:27,3
DA:28,1
DA:29,1
DA:30,16
DA:32,1
LF:20
LH:20
BRF:0
BRH:0
end_of_record
TN:
SF:server\components\rate_limiter\bucket.js
FN:28,(anonymous_0)
FN:64,(anonymous_1)
FN:84,(anonymous_2)
FN:86,(anonymous_3)
FN:96,(anonymous_4)
FN:115,(anonymous_5)
FN:134,(anonymous_6)
FN:144,(anonymous_7)
FN:164,(anonymous_8)
FN:174,(anonymous_9)
FN:185,(anonymous_10)
FN:198,(anonymous_11)
FN:200,(anonymous_12)
FN:214,(anonymous_13)
FN:223,(anonymous_14)
FN:238,(anonymous_15)
FN:252,(anonymous_16)
FN:270,(anonymous_17)
FN:303,(anonymous_18)
FN:313,(anonymous_19)
FN:323,(anonymous_20)
FNF:21
FNH:0
FNDA:0,(anonymous_0)
FNDA:0,(anonymous_1)
FNDA:0,(anonymous_2)
FNDA:0,(anonymous_3)
FNDA:0,(anonymous_4)
FNDA:0,(anonymous_5)
FNDA:0,(anonymous_6)
FNDA:0,(anonymous_7)
FNDA:0,(anonymous_8)
FNDA:0,(anonymous_9)
FNDA:0,(anonymous_10)
FNDA:0,(anonymous_11)
FNDA:0,(anonymous_12)
FNDA:0,(anonymous_13)
FNDA:0,(anonymous_14)
FNDA:0,(anonymous_15)
FNDA:0,(anonymous_16)
FNDA:0,(anonymous_17)
FNDA:0,(anonymous_18)
FNDA:0,(anonymous_19)
FNDA:0,(anonymous_20)
DA:3,1
DA:4,1
DA:37,0
DA:38,0
DA:39,0
DA:40,0
DA:41,0
DA:42,0
DA:44,0
DA:46,0
DA:53,0
DA:56,0
DA:66,0
DA:68,0
DA:69,0
DA:70,0
DA:73,0
DA:74,0
DA:86,0
DA:87,0
DA:98,0
DA:99,0
DA:101,0
DA:103,0
DA:104,0
DA:107,0
DA:117,0
DA:119,0
DA:120,0
DA:122,0
DA:124,0
DA:136,0
DA:146,0
DA:148,0
DA:149,0
DA:151,0
DA:152,0
DA:154,0
DA:166,0
DA:176,0
DA:177,0
DA:187,0
DA:188,0
DA:190,0
DA:200,0
DA:201,0
DA:216,0
DA:218,0
DA:220,0
DA:223,0
DA:224,0
DA:226,0
DA:227,0
DA:229,0
DA:240,0
DA:254,0
DA:255,0
DA:257,0
DA:258,0
DA:272,0
DA:274,0
DA:275,0
DA:277,0
DA:278,0
DA:279,0
DA:281,0
DA:283,0
DA:284,0
DA:287,0
DA:289,0
DA:290,0
DA:291,0
DA:293,0
DA:305,0
DA:315,0
DA:325,0
DA:329,1
DA:331,1
LF:78
LH:4
BRDA:29,0,0,0
BRDA:30,1,0,0
BRDA:31,2,0,0
BRDA:32,3,0,0
BRDA:33,4,0,0
BRDA:34,5,0,0
BRDA:35,6,0,0
BRDA:44,7,0,0
BRDA:44,7,1,0
BRDA:44,8,0,0
BRDA:44,8,1,0
BRDA:66,9,0,0
BRDA:66,9,1,0
BRDA:119,10,0,0
BRDA:119,10,1,0
BRDA:148,11,0,0
BRDA:148,11,1,0
BRDA:214,12,0,0
BRDA:218,13,0,0
BRDA:218,13,1,0
BRDA:218,14,0,0
BRDA:218,14,1,0
BRDA:226,15,0,0
BRDA:226,15,1,0
BRDA:252,16,0,0
BRDA:254,17,0,0
BRDA:254,17,1,0
BRDA:270,18,0,0
BRDA:274,19,0,0
BRDA:274,19,1,0
BRDA:281,20,0,0
BRDA:281,20,1,0
BRF:32
BRH:0
end_of_record
TN:
SF:server\components\routing\route.js
FN:9,(anonymous_0)
FN:20,(anonymous_1)
FN:34,(anonymous_2)
FN:49,(anonymous_3)
FN:61,(anonymous_4)
FN:83,(anonymous_5)
FN:106,(anonymous_6)
FN:116,(anonymous_7)
FN:126,(anonymous_8)
FN:136,(anonymous_9)
FN:148,(anonymous_10)
FN:167,(anonymous_11)
FN:197,(anonymous_12)
FNF:13
FNH:3
FNDA:0,(anonymous_0)
FNDA:2,(anonymous_1)
FNDA:0,(anonymous_2)
FNDA:2,(anonymous_3)
FNDA:0,(anonymous_4)
FNDA:2,(anonymous_5)
FNDA:0,(anonymous_6)
FNDA:0,(anonymous_7)
FNDA:0,(anonymous_8)
FNDA:0,(anonymous_9)
FNDA:0,(anonymous_10)
FNDA:0,(anonymous_11)
FNDA:0,(anonymous_12)
DA:4,1
DA:9,1
DA:10,0
DA:12,0
DA:22,2
DA:23,2
DA:24,2
DA:25,2
DA:26,2
DA:36,0
DA:51,2
DA:52,0
DA:54,2
DA:58,2
DA:61,0
DA:64,2
DA:68,2
DA:85,2
DA:88,0
DA:91,0
DA:94,0
DA:97,2
DA:108,0
DA:118,0
DA:128,0
DA:138,0
DA:150,0
DA:152,0
DA:169,0
DA:170,0
DA:172,0
DA:173,0
DA:175,0
DA:176,0
DA:178,0
DA:180,0
DA:182,0
DA:184,0
DA:185,0
DA:187,0
DA:190,0
DA:191,0
DA:192,0
DA:193,0
DA:195,0
DA:197,0
DA:198,0
DA:199,0
DA:201,0
DA:202,0
DA:204,0
DA:208,0
DA:209,0
DA:213,0
DA:216,0
DA:220,1
LF:56
LH:15
BRDA:51,0,0,0
BRDA:51,0,1,2
BRDA:51,1,0,2
BRDA:51,1,1,2
BRDA:54,2,0,2
BRDA:54,2,1,0
BRDA:54,3,0,2
BRDA:54,3,1,1
BRDA:58,4,0,1
BRDA:58,4,1,1
BRDA:60,5,0,0
BRDA:60,5,1,1
BRDA:64,6,0,2
BRDA:64,6,1,0
BRDA:85,7,0,0
BRDA:85,7,1,0
BRDA:85,7,2,0
BRDA:85,7,3,2
BRDA:152,8,0,0
BRDA:152,8,1,0
BRDA:152,8,2,0
BRDA:152,8,3,0
BRDA:152,8,4,0
BRDA:167,9,0,0
BRDA:169,10,0,0
BRDA:169,10,1,0
BRDA:172,11,0,0
BRDA:172,11,1,0
BRDA:175,12,0,0
BRDA:175,12,1,0
BRDA:178,13,0,0
BRDA:178,13,1,0
BRDA:184,14,0,0
BRDA:184,14,1,0
BRDA:195,15,0,0
BRDA:195,15,1,0
BRDA:198,16,0,0
BRDA:198,16,1,0
BRDA:202,17,0,0
BRDA:202,17,1,0
BRDA:208,18,0,0
BRDA:208,18,1,0
BRF:42
BRH:11
end_of_record
TN:
SF:server\components\routing\router.js
FN:15,(anonymous_0)
FN:37,(anonymous_1)
FN:49,(anonymous_2)
FN:62,(anonymous_3)
FN:84,(anonymous_4)
FN:93,(anonymous_5)
FN:107,(anonymous_6)
FN:111,(anonymous_7)
FN:115,(anonymous_8)
FN:116,(anonymous_9)
FN:180,(anonymous_10)
FN:259,(anonymous_11)
FN:337,(anonymous_12)
FN:347,(anonymous_13)
FN:362,(anonymous_14)
FN:395,(anonymous_15)
FN:418,(anonymous_16)
FN:450,(anonymous_17)
FNF:18
FNH:6
FNDA:1,(anonymous_0)
FNDA:0,(anonymous_1)
FNDA:0,(anonymous_2)
FNDA:0,(anonymous_3)
FNDA:1,(anonymous_4)
FNDA:2,(anonymous_5)
FNDA:2,(anonymous_6)
FNDA:0,(anonymous_7)
FNDA:14,(anonymous_8)
FNDA:0,(anonymous_9)
FNDA:2,(anonymous_10)
FNDA:0,(anonymous_11)
FNDA:0,(anonymous_12)
FNDA:0,(anonymous_13)
FNDA:0,(anonymous_14)
FNDA:0,(anonymous_15)
FNDA:0,(anonymous_16)
FNDA:0,(anonymous_17)
DA:3,1
DA:4,1
DA:5,1
DA:17,1
DA:19,1
DA:20,1
DA:22,1
DA:23,1
DA:24,1
DA:25,1
DA:27,1
DA:39,0
DA:51,0
DA:64,0
DA:69,0
DA:72,0
DA:74,0
DA:86,1
DA:93,1
DA:94,2
DA:96,2
DA:109,2
DA:111,2
DA:112,0
DA:115,2
DA:116,14
DA:117,0
DA:118,0
DA:119,0
DA:120,0
DA:122,0
DA:125,0
DA:126,0
DA:127,0
DA:128,0
DA:131,0
DA:132,0
DA:133,0
DA:134,0
DA:137,0
DA:138,0
DA:139,0
DA:140,0
DA:143,0
DA:144,0
DA:145,0
DA:146,0
DA:149,0
DA:152,0
DA:159,0
DA:182,2
DA:184,2
DA:186,2
DA:188,0
DA:189,0
DA:191,0
DA:192,0
DA:194,0
DA:197,2
DA:198,0
DA:200,2
DA:201,2
DA:203,2
DA:205,0
DA:207,0
DA:208,0
DA:210,0
DA:212,0
DA:214,0
DA:216,0
DA:217,0
DA:219,0
DA:221,0
DA:223,0
DA:224,0
DA:226,0
DA:227,0
DA:230,0
DA:233,0
DA:234,0
DA:236,0
DA:237,0
DA:241,0
DA:246,0
DA:249,2
DA:261,0
DA:262,0
DA:264,0
DA:265,0
DA:267,0
DA:269,0
DA:271,0
DA:273,0
DA:274,0
DA:276,0
DA:280,0
DA:286,0
DA:287,0
DA:289,0
DA:291,0
DA:293,0
DA:295,0
DA:297,0
DA:300,0
DA:301,0
DA:303,0
DA:304,0
DA:307,0
DA:308,0
DA:311,0
DA:315,0
DA:320,0
DA:322,0
DA:323,0
DA:324,0
DA:326,0
DA:329,0
DA:339,0
DA:349,0
DA:366,0
DA:370,0
DA:371,0
DA:374,0
DA:375,0
DA:378,0
DA:379,0
DA:381,0
DA:397,0
DA:399,0
DA:402,0
DA:403,0
DA:405,0
DA:420,0
DA:421,0
DA:423,0
DA:425,0
DA:427,0
DA:433,0
DA:435,0
DA:436,0
DA:452,0
DA:453,0
DA:455,0
DA:460,1
LF:144
LH:28
BRDA:37,0,0,0
BRDA:49,1,0,0
BRDA:64,2,0,0
BRDA:64,2,1,0
BRDA:65,3,0,0
BRDA:65,3,1,0
BRDA:65,3,2,0
BRDA:112,4,0,0
BRDA:112,4,1,0
BRDA:112,4,2,0
BRDA:122,5,0,0
BRDA:122,5,1,0
BRDA:122,5,2,0
BRDA:122,5,3,0
BRDA:122,5,4,0
BRDA:130,6,0,0
BRDA:130,6,1,0
BRDA:130,6,2,0
BRDA:130,6,3,0
BRDA:136,7,0,0
BRDA:136,7,1,0
BRDA:136,7,2,0
BRDA:142,8,0,0
BRDA:142,8,1,0
BRDA:182,9,0,2
BRDA:182,9,1,0
BRDA:186,10,0,0
BRDA:186,10,1,2
BRDA:197,11,0,0
BRDA:197,11,1,2
BRDA:200,12,0,2
BRDA:200,12,1,0
BRDA:205,13,0,0
BRDA:205,13,1,0
BRDA:210,14,0,0
BRDA:210,14,1,0
BRDA:210,15,0,0
BRDA:210,15,1,0
BRDA:216,16,0,0
BRDA:216,16,1,0
BRDA:219,17,0,0
BRDA:219,17,1,0
BRDA:223,18,0,0
BRDA:223,18,1,0
BRDA:261,19,0,0
BRDA:261,19,1,0
BRDA:267,20,0,0
BRDA:267,20,1,0
BRDA:271,21,0,0
BRDA:271,21,1,0
BRDA:289,22,0,0
BRDA:289,22,1,0
BRDA:291,23,0,0
BRDA:291,23,1,0
BRDA:297,24,0,0
BRDA:297,24,1,0
BRDA:297,24,2,0
BRDA:300,25,0,0
BRDA:300,25,1,0
BRDA:320,26,0,0
BRDA:320,26,1,0
BRDA:320,27,0,0
BRDA:320,27,1,0
BRDA:366,28,0,0
BRDA:366,28,1,0
BRDA:366,28,2,0
BRDA:378,29,0,0
BRDA:378,29,1,0
BRDA:395,30,0,0
BRDA:397,31,0,0
BRDA:397,31,1,0
BRDA:397,32,0,0
BRDA:397,32,1,0
BRDA:402,33,0,0
BRDA:402,33,1,0
BRDA:418,34,0,0
BRDA:418,35,0,0
BRDA:420,36,0,0
BRDA:420,36,1,0
BRDA:425,37,0,0
BRDA:425,37,1,0
BRDA:435,38,0,0
BRDA:435,38,1,0
BRDA:452,39,0,0
BRDA:452,39,1,0
BRF:85
BRH:4
end_of_record
TN:
SF:server\components\security\content_security_policy.js
FN:47,(anonymous_0)
FN:62,(anonymous_1)
FN:76,(anonymous_2)
FN:105,(anonymous_3)
FN:127,(anonymous_4)
FN:140,(anonymous_5)
FN:150,(anonymous_6)
FN:162,(anonymous_7)
FN:181,(anonymous_8)
FN:194,(anonymous_9)
FN:202,(anonymous_10)
FN:212,(anonymous_11)
FN:222,(anonymous_12)
FN:232,(anonymous_13)
FN:242,(anonymous_14)
FN:252,(anonymous_15)
FN:262,(anonymous_16)
FN:272,(anonymous_17)
FN:282,(anonymous_18)
FN:292,(anonymous_19)
FN:302,(anonymous_20)
FN:312,(anonymous_21)
FN:322,(anonymous_22)
FN:332,(anonymous_23)
FN:342,(anonymous_24)
FN:352,(anonymous_25)
FN:362,(anonymous_26)
FN:372,(anonymous_27)
FN:414,(anonymous_28)
FN:430,(anonymous_29)
FNF:30
FNH:0
FNDA:0,(anonymous_0)
FNDA:0,(anonymous_1)
FNDA:0,(anonymous_2)
FNDA:0,(anonymous_3)
FNDA:0,(anonymous_4)
FNDA:0,(anonymous_5)
FNDA:0,(anonymous_6)
FNDA:0,(anonymous_7)
FNDA:0,(anonymous_8)
FNDA:0,(anonymous_9)
FNDA:0,(anonymous_10)
FNDA:0,(anonymous_11)
FNDA:0,(anonymous_12)
FNDA:0,(anonymous_13)
FNDA:0,(anonymous_14)
FNDA:0,(anonymous_15)
FNDA:0,(anonymous_16)
FNDA:0,(anonymous_17)
FNDA:0,(anonymous_18)
FNDA:0,(anonymous_19)
FNDA:0,(anonymous_20)
FNDA:0,(anonymous_21)
FNDA:0,(anonymous_22)
FNDA:0,(anonymous_23)
FNDA:0,(anonymous_24)
FNDA:0,(anonymous_25)
FNDA:0,(anonymous_26)
FNDA:0,(anonymous_27)
FNDA:0,(anonymous_28)
FNDA:0,(anonymous_29)
DA:4,1
DA:5,1
DA:6,1
DA:7,1
DA:8,1
DA:9,1
DA:12,1
DA:13,1
DA:14,1
DA:15,1
DA:16,1
DA:17,1
DA:18,1
DA:19,1
DA:20,1
DA:21,1
DA:22,1
DA:23,1
DA:24,1
DA:25,1
DA:26,1
DA:27,1
DA:28,1
DA:29,1
DA:30,1
DA:33,1
DA:34,1
DA:37,1
DA:40,1
DA:49,0
DA:50,0
DA:52,0
DA:64,0
DA:66,0
DA:70,0
DA:76,0
DA:79,0
DA:83,0
DA:85,0
DA:86,0
DA:87,0
DA:88,0
DA:90,0
DA:91,0
DA:93,0
DA:94,0
DA:96,0
DA:97,0
DA:107,0
DA:108,0
DA:109,0
DA:110,0
DA:111,0
DA:112,0
DA:113,0
DA:114,0
DA:115,0
DA:116,0
DA:117,0
DA:118,0
DA:119,0
DA:129,0
DA:130,0
DA:142,0
DA:152,0
DA:164,0
DA:165,0
DA:167,0
DA:169,0
DA:183,0
DA:184,0
DA:186,0
DA:188,0
DA:196,0
DA:204,0
DA:214,0
DA:224,0
DA:234,0
DA:244,0
DA:254,0
DA:264,0
DA:274,0
DA:284,0
DA:294,0
DA:304,0
DA:314,0
DA:324,0
DA:334,0
DA:344,0
DA:354,0
DA:364,0
DA:374,0
DA:375,0
DA:377,0
DA:379,0
DA:386,0
DA:387,0
DA:390,0
DA:391,0
DA:393,0
DA:394,0
DA:396,0
DA:400,0
DA:416,0
DA:417,0
DA:419,0
DA:432,0
DA:433,0
DA:435,0
DA:436,0
DA:440,1
LF:111
LH:30
BRDA:47,0,0,0
BRDA:66,1,0,0
BRDA:66,1,1,0
BRDA:79,2,0,0
BRDA:79,2,1,0
BRDA:85,3,0,0
BRDA:85,3,1,0
BRDA:85,4,0,0
BRDA:85,4,1,0
BRDA:87,5,0,0
BRDA:87,5,1,0
BRDA:90,6,0,0
BRDA:90,6,1,0
BRDA:90,7,0,0
BRDA:90,7,1,0
BRDA:93,8,0,0
BRDA:93,8,1,0
BRDA:96,9,0,0
BRDA:96,9,1,0
BRDA:129,10,0,0
BRDA:129,10,1,0
BRDA:140,11,0,0
BRDA:142,12,0,0
BRDA:142,12,1,0
BRDA:152,13,0,0
BRDA:152,13,1,0
BRDA:164,14,0,0
BRDA:164,14,1,0
BRDA:164,15,0,0
BRDA:164,15,1,0
BRDA:183,16,0,0
BRDA:183,16,1,0
BRDA:183,17,0,0
BRDA:183,17,1,0
BRDA:374,18,0,0
BRDA:374,18,1,0
BRDA:390,19,0,0
BRDA:390,19,1,0
BRDA:393,20,0,0
BRDA:393,20,1,0
BRDA:416,21,0,0
BRDA:416,21,1,0
BRDA:430,22,0,0
BRDA:432,23,0,0
BRDA:432,23,1,0
BRDA:435,24,0,0
BRDA:435,24,1,0
BRF:47
BRH:0
end_of_record
TN:
SF:server\components\security\content_type_options.js
FN:15,(anonymous_0)
FN:27,(anonymous_1)
FN:39,(anonymous_2)
FN:49,(anonymous_3)
FN:59,(anonymous_4)
FNF:5
FNH:0
FNDA:0,(anonymous_0)
FNDA:0,(anonymous_1)
FNDA:0,(anonymous_2)
FNDA:0,(anonymous_3)
FNDA:0,(anonymous_4)
DA:8,1
DA:17,0
DA:29,0
DA:41,0
DA:51,0
DA:61,0
DA:62,0
DA:64,0
DA:68,1
LF:9
LH:2
BRDA:15,0,0,0
BRDA:27,1,0,0
BRDA:39,2,0,0
BRDA:41,3,0,0
BRDA:41,3,1,0
BRDA:61,4,0,0
BRDA:61,4,1,0
BRF:7
BRH:0
end_of_record
TN:
SF:server\components\security\expect_ct.js
FN:37,(anonymous_0)
FN:49,(anonymous_1)
FN:73,(anonymous_2)
FN:85,(anonymous_3)
FN:97,(anonymous_4)
FN:109,(anonymous_5)
FN:119,(anonymous_6)
FN:129,(anonymous_7)
FNF:8
FNH:0
FNDA:0,(anonymous_0)
FNDA:0,(anonymous_1)
FNDA:0,(anonymous_2)
FNDA:0,(anonymous_3)
FNDA:0,(anonymous_4)
FNDA:0,(anonymous_5)
FNDA:0,(anonymous_6)
FNDA:0,(anonymous_7)
DA:11,1
DA:12,1
DA:13,1
DA:20,1
DA:23,1
DA:24,1
DA:25,1
DA:28,1
DA:29,1
DA:30,1
DA:39,0
DA:51,0
DA:53,0
DA:57,0
DA:61,0
DA:75,0
DA:87,0
DA:99,0
DA:111,0
DA:121,0
DA:131,0
DA:132,0
DA:134,0
DA:136,0
DA:137,0
DA:139,0
DA:140,0
DA:142,0
DA:146,1
LF:29
LH:11
BRDA:37,0,0,0
BRDA:49,1,0,0
BRDA:53,2,0,0
BRDA:53,2,1,0
BRDA:57,3,0,0
BRDA:57,3,1,0
BRDA:61,4,0,0
BRDA:61,4,1,0
BRDA:73,5,0,0
BRDA:75,6,0,0
BRDA:75,6,1,0
BRDA:85,7,0,0
BRDA:87,8,0,0
BRDA:87,8,1,0
BRDA:99,9,0,0
BRDA:99,9,1,0
BRDA:111,10,0,0
BRDA:111,10,1,0
BRDA:131,11,0,0
BRDA:131,11,1,0
BRDA:136,12,0,0
BRDA:136,12,1,0
BRDA:139,13,0,0
BRDA:139,13,1,0
BRF:24
BRH:0
end_of_record
TN:
SF:server\components\security\http_strict_transport_security.js
FN:36,(anonymous_0)
FN:48,(anonymous_1)
FN:72,(anonymous_2)
FN:84,(anonymous_3)
FN:96,(anonymous_4)
FN:108,(anonymous_5)
FN:118,(anonymous_6)
FN:128,(anonymous_7)
FNF:8
FNH:0
FNDA:0,(anonymous_0)
FNDA:0,(anonymous_1)
FNDA:0,(anonymous_2)
FNDA:0,(anonymous_3)
FNDA:0,(anonymous_4)
FNDA:0,(anonymous_5)
FNDA:0,(anonymous_6)
FNDA:0,(anonymous_7)
DA:10,1
DA:11,1
DA:12,1
DA:19,1
DA:22,1
DA:23,1
DA:24,1
DA:27,1
DA:28,1
DA:29,1
DA:38,0
DA:50,0
DA:52,0
DA:56,0
DA:60,0
DA:74,0
DA:86,0
DA:98,0
DA:110,0
DA:120,0
DA:130,0
DA:131,0
DA:133,0
DA:135,0
DA:136,0
DA:138,0
DA:139,0
DA:141,0
DA:145,1
LF:29
LH:11
BRDA:36,0,0,0
BRDA:48,1,0,0
BRDA:52,2,0,0
BRDA:52,2,1,0
BRDA:56,3,0,0
BRDA:56,3,1,0
BRDA:60,4,0,0
BRDA:60,4,1,0
BRDA:72,5,0,0
BRDA:74,6,0,0
BRDA:74,6,1,0
BRDA:84,7,0,0
BRDA:86,8,0,0
BRDA:86,8,1,0
BRDA:98,9,0,0
BRDA:98,9,1,0
BRDA:108,10,0,0
BRDA:110,11,0,0
BRDA:110,11,1,0
BRDA:130,12,0,0
BRDA:130,12,1,0
BRDA:135,13,0,0
BRDA:135,13,1,0
BRDA:138,14,0,0
BRDA:138,14,1,0
BRF:25
BRH:0
end_of_record
TN:
SF:server\components\session\session.js
FN:17,(anonymous_0)
FN:59,(anonymous_1)
FN:69,(anonymous_2)
FN:82,(anonymous_3)
FN:97,(anonymous_4)
FN:129,(anonymous_5)
FN:141,(anonymous_6)
FN:153,(anonymous_7)
FN:165,(anonymous_8)
FN:182,(anonymous_9)
FN:197,(anonymous_10)
FN:212,(anonymous_11)
FNF:12
FNH:0
FNDA:0,(anonymous_0)
FNDA:0,(anonymous_1)
FNDA:0,(anonymous_2)
FNDA:0,(anonymous_3)
FNDA:0,(anonymous_4)
FNDA:0,(anonymous_5)
FNDA:0,(anonymous_6)
FNDA:0,(anonymous_7)
FNDA:0,(anonymous_8)
FNDA:0,(anonymous_9)
FNDA:0,(anonymous_10)
FNDA:0,(anonymous_11)
DA:3,1
DA:10,1
DA:19,0
DA:20,0
DA:22,0
DA:26,0
DA:30,0
DA:34,0
DA:38,0
DA:46,0
DA:48,0
DA:49,0
DA:51,0
DA:61,0
DA:71,0
DA:72,0
DA:74,0
DA:84,0
DA:86,0
DA:88,0
DA:89,0
DA:99,0
DA:100,0
DA:104,0
DA:106,0
DA:110,0
DA:112,0
DA:113,0
DA:115,0
DA:117,0
DA:131,0
DA:143,0
DA:155,0
DA:167,0
DA:168,0
DA:170,0
DA:184,0
DA:185,0
DA:187,0
DA:199,0
DA:200,0
DA:202,0
DA:204,0
DA:214,0
DA:218,1
LF:45
LH:3
BRDA:17,0,0,0
BRDA:22,1,0,0
BRDA:22,1,1,0
BRDA:26,2,0,0
BRDA:26,2,1,0
BRDA:30,3,0,0
BRDA:30,3,1,0
BRDA:34,4,0,0
BRDA:34,4,1,0
BRDA:38,5,0,0
BRDA:38,5,1,0
BRDA:39,6,0,0
BRDA:39,6,1,0
BRDA:42,7,0,0
BRDA:42,7,1,0
BRDA:48,8,0,0
BRDA:48,8,1,0
BRDA:71,9,0,0
BRDA:71,9,1,0
BRDA:88,10,0,0
BRDA:88,10,1,0
BRDA:104,11,0,0
BRDA:104,11,1,0
BRDA:112,12,0,0
BRDA:112,12,1,0
BRDA:167,13,0,0
BRDA:167,13,1,0
BRDA:182,14,0,0
BRDA:184,15,0,0
BRDA:184,15,1,0
BRDA:199,16,0,0
BRDA:199,16,1,0
BRF:32
BRH:0
end_of_record
TN:
SF:server\components\templating_engine\default_templating_engine.js
FN:16,(anonymous_0)
FNF:1
FNH:0
FNDA:0,(anonymous_0)
DA:18,0
DA:22,1
LF:2
LH:1
BRF:0
BRH:0
end_of_record
TN:
SF:server\components\validation\validation_attribute.js
FN:43,(anonymous_0)
FN:57,(anonymous_1)
FN:98,(anonymous_2)
FN:254,(anonymous_3)
FNF:4
FNH:0
FNDA:0,(anonymous_0)
FNDA:0,(anonymous_1)
FNDA:0,(anonymous_2)
FNDA:0,(anonymous_3)
DA:4,1
DA:9,1
DA:45,0
DA:46,0
DA:47,0
DA:48,0
DA:49,0
DA:59,0
DA:61,0
DA:62,0
DA:65,0
DA:66,0
DA:68,0
DA:69,0
DA:71,0
DA:73,0
DA:74,0
DA:76,0
DA:77,0
DA:79,0
DA:81,0
DA:82,0
DA:85,0
DA:102,0
DA:105,0
DA:108,0
DA:109,0
DA:111,0
DA:114,0
DA:117,0
DA:120,0
DA:123,0
DA:126,0
DA:129,0
DA:132,0
DA:134,0
DA:135,0
DA:137,0
DA:140,0
DA:143,0
DA:146,0
DA:149,0
DA:152,0
DA:153,0
DA:155,0
DA:156,0
DA:158,0
DA:163,0
DA:164,0
DA:166,0
DA:167,0
DA:169,0
DA:172,0
DA:173,0
DA:175,0
DA:176,0
DA:178,0
DA:181,0
DA:184,0
DA:186,0
DA:187,0
DA:189,0
DA:192,0
DA:194,0
DA:195,0
DA:197,0
DA:200,0
DA:201,0
DA:203,0
DA:204,0
DA:206,0
DA:207,0
DA:209,0
DA:212,0
DA:215,0
DA:217,0
DA:218,0
DA:220,0
DA:222,0
DA:225,0
DA:227,0
DA:228,0
DA:230,0
DA:232,0
DA:235,0
DA:237,0
DA:238,0
DA:240,0
DA:243,0
DA:256,0
DA:258,0
DA:265,1
DA:267,1
LF:93
LH:4
BRDA:59,0,0,0
BRDA:59,0,1,0
BRDA:59,1,0,0
BRDA:59,1,1,0
BRDA:59,1,2,0
BRDA:65,2,0,0
BRDA:65,2,1,0
BRDA:65,3,0,0
BRDA:65,3,1,0
BRDA:76,4,0,0
BRDA:76,4,1,0
BRDA:76,5,0,0
BRDA:76,5,1,0
BRDA:81,6,0,0
BRDA:81,6,1,0
BRDA:85,7,0,0
BRDA:85,7,1,0
BRDA:102,8,0,0
BRDA:102,8,1,0
BRDA:102,8,2,0
BRDA:102,8,3,0
BRDA:102,8,4,0
BRDA:102,8,5,0
BRDA:102,8,6,0
BRDA:102,8,7,0
BRDA:102,8,8,0
BRDA:102,8,9,0
BRDA:102,8,10,0
BRDA:102,8,11,0
BRDA:102,8,12,0
BRDA:102,8,13,0
BRDA:102,8,14,0
BRDA:102,8,15,0
BRDA:102,8,16,0
BRDA:102,8,17,0
BRDA:102,8,18,0
BRDA:102,8,19,0
BRDA:102,8,20,0
BRDA:102,8,21,0
BRDA:102,8,22,0
BRDA:102,8,23,0
BRDA:102,8,24,0
BRDA:108,9,0,0
BRDA:108,9,1,0
BRDA:111,10,0,0
BRDA:111,10,1,0
BRDA:114,11,0,0
BRDA:114,11,1,0
BRDA:117,12,0,0
BRDA:117,12,1,0
BRDA:120,13,0,0
BRDA:120,13,1,0
BRDA:123,14,0,0
BRDA:123,14,1,0
BRDA:126,15,0,0
BRDA:126,15,1,0
BRDA:129,16,0,0
BRDA:129,16,1,0
BRDA:132,17,0,0
BRDA:132,17,1,0
BRDA:134,18,0,0
BRDA:134,18,1,0
BRDA:140,19,0,0
BRDA:140,19,1,0
BRDA:143,20,0,0
BRDA:143,20,1,0
BRDA:146,21,0,0
BRDA:146,21,1,0
BRDA:149,22,0,0
BRDA:149,22,1,0
BRDA:155,23,0,0
BRDA:155,23,1,0
BRDA:155,24,0,0
BRDA:155,24,1,0
BRDA:155,24,2,0
BRDA:158,25,0,0
BRDA:158,25,1,0
BRDA:158,26,0,0
BRDA:158,26,1,0
BRDA:166,27,0,0
BRDA:166,27,1,0
BRDA:166,28,0,0
BRDA:166,28,1,0
BRDA:169,29,0,0
BRDA:169,29,1,0
BRDA:175,30,0,0
BRDA:175,30,1,0
BRDA:175,31,0,0
BRDA:175,31,1,0
BRDA:178,32,0,0
BRDA:178,32,1,0
BRDA:181,33,0,0
BRDA:181,33,1,0
BRDA:186,34,0,0
BRDA:186,34,1,0
BRDA:189,35,0,0
BRDA:189,35,1,0
BRDA:194,36,0,0
BRDA:194,36,1,0
BRDA:197,37,0,0
BRDA:197,37,1,0
BRDA:203,38,0,0
BRDA:203,38,1,0
BRDA:206,39,0,0
BRDA:206,39,1,0
BRDA:209,40,0,0
BRDA:209,40,1,0
BRDA:209,41,0,0
BRDA:209,41,1,0
BRDA:212,42,0,0
BRDA:212,42,1,0
BRDA:217,43,0,0
BRDA:217,43,1,0
BRDA:222,44,0,0
BRDA:222,44,1,0
BRDA:227,45,0,0
BRDA:227,45,1,0
BRDA:232,46,0,0
BRDA:232,46,1,0
BRDA:237,47,0,0
BRDA:237,47,1,0
BRDA:240,48,0,0
BRDA:240,48,1,0
BRF:123
BRH:0
end_of_record
TN:
SF:server\components\validation\validation_handler.js
FN:15,(anonymous_0)
FNF:1
FNH:0
FNDA:0,(anonymous_0)
DA:4,1
DA:6,1
DA:16,0
DA:17,0
DA:19,0
DA:20,0
DA:22,0
LF:7
LH:2
BRDA:16,0,0,0
BRDA:16,0,1,0
BRDA:19,1,0,0
BRDA:19,1,1,0
BRF:4
BRH:0
end_of_record
TN:
SF:server\components\validation\validation_result.js
FN:14,(anonymous_0)
FN:29,(anonymous_1)
FN:59,(anonymous_2)
FN:112,(anonymous_3)
FN:138,(anonymous_4)
FN:151,(anonymous_5)
FNF:6
FNH:0
FNDA:0,(anonymous_0)
FNDA:0,(anonymous_1)
FNDA:0,(anonymous_2)
FNDA:0,(anonymous_3)
FNDA:0,(anonymous_4)
FNDA:0,(anonymous_5)
DA:3,1
DA:16,0
DA:17,0
DA:18,0
DA:19,0
DA:31,0
DA:32,0
DA:34,0
DA:35,0
DA:37,0
DA:39,0
DA:41,0
DA:43,0
DA:63,0
DA:69,0
DA:70,0
DA:72,0
DA:74,0
DA:75,0
DA:77,0
DA:78,0
DA:80,0
DA:81,0
DA:84,0
DA:85,0
DA:87,0
DA:89,0
DA:91,0
DA:95,0
DA:114,0
DA:116,0
DA:118,0
DA:120,0
DA:124,0
DA:126,0
DA:127,0
DA:140,0
DA:142,0
DA:153,0
DA:155,0
DA:159,1
LF:41
LH:2
BRDA:31,0,0,0
BRDA:31,0,1,0
BRDA:39,1,0,0
BRDA:39,1,1,0
BRDA:72,2,0,0
BRDA:72,2,1,0
BRDA:72,3,0,0
BRDA:72,3,1,0
BRDA:72,3,2,0
BRDA:74,4,0,0
BRDA:74,4,1,0
BRDA:87,5,0,0
BRDA:87,5,1,0
BRDA:95,6,0,0
BRDA:95,6,1,0
BRDA:95,7,0,0
BRDA:95,7,1,0
BRDA:116,8,0,0
BRDA:116,8,1,0
BRDA:118,9,0,0
BRDA:118,9,1,0
BRDA:126,10,0,0
BRDA:126,10,1,0
BRF:23
BRH:0
end_of_record
TN:
SF:server\components\validation\validation_rules.js
FN:13,getType
FN:25,getLength
FN:58,(anonymous_2)
FN:70,(anonymous_3)
FN:82,(anonymous_4)
FN:94,(anonymous_5)
FN:105,(anonymous_6)
FN:116,(anonymous_7)
FN:127,(anonymous_8)
FN:140,(anonymous_9)
FN:151,(anonymous_10)
FN:162,(anonymous_11)
FN:175,(anonymous_12)
FN:192,(anonymous_13)
FN:212,(anonymous_14)
FN:223,(anonymous_15)
FN:234,(anonymous_16)
FN:245,(anonymous_17)
FN:257,(anonymous_18)
FN:269,(anonymous_19)
FN:280,(anonymous_20)
FN:291,(anonymous_21)
FN:303,(anonymous_22)
FN:315,(anonymous_23)
FN:327,(anonymous_24)
FN:339,(anonymous_25)
FN:350,(anonymous_26)
FN:363,(anonymous_27)
FN:374,(anonymous_28)
FN:394,(anonymous_29)
FNF:30
FNH:0
FNDA:0,getType
FNDA:0,getLength
FNDA:0,(anonymous_2)
FNDA:0,(anonymous_3)
FNDA:0,(anonymous_4)
FNDA:0,(anonymous_5)
FNDA:0,(anonymous_6)
FNDA:0,(anonymous_7)
FNDA:0,(anonymous_8)
FNDA:0,(anonymous_9)
FNDA:0,(anonymous_10)
FNDA:0,(anonymous_11)
FNDA:0,(anonymous_12)
FNDA:0,(anonymous_13)
FNDA:0,(anonymous_14)
FNDA:0,(anonymous_15)
FNDA:0,(anonymous_16)
FNDA:0,(anonymous_17)
FNDA:0,(anonymous_18)
FNDA:0,(anonymous_19)
FNDA:0,(anonymous_20)
FNDA:0,(anonymous_21)
FNDA:0,(anonymous_22)
FNDA:0,(anonymous_23)
FNDA:0,(anonymous_24)
FNDA:0,(anonymous_25)
FNDA:0,(anonymous_26)
FNDA:0,(anonymous_27)
FNDA:0,(anonymous_28)
FNDA:0,(anonymous_29)
DA:4,1
DA:15,0
DA:27,0
DA:28,0
DA:30,0
DA:31,0
DA:33,0
DA:34,0
DA:36,0
DA:37,0
DA:39,0
DA:40,0
DA:42,0
DA:48,1
DA:58,1
DA:59,0
DA:70,1
DA:71,0
DA:82,1
DA:83,0
DA:94,1
DA:95,0
DA:105,1
DA:106,0
DA:116,1
DA:117,0
DA:127,1
DA:128,0
DA:130,0
DA:140,1
DA:141,0
DA:151,1
DA:152,0
DA:162,1
DA:163,0
DA:175,1
DA:176,0
DA:192,1
DA:193,0
DA:194,0
DA:196,0
DA:197,0
DA:199,0
DA:200,0
DA:202,0
DA:212,1
DA:213,0
DA:223,1
DA:224,0
DA:234,1
DA:235,0
DA:245,1
DA:246,0
DA:257,1
DA:258,0
DA:269,1
DA:270,0
DA:280,1
DA:281,0
DA:291,1
DA:292,0
DA:303,1
DA:304,0
DA:315,1
DA:316,0
DA:327,1
DA:328,0
DA:339,1
DA:340,0
DA:350,1
DA:351,0
DA:363,1
DA:364,0
DA:374,1
DA:375,0
DA:376,0
DA:378,0
DA:379,0
DA:381,0
DA:382,0
DA:384,0
DA:394,1
DA:395,0
DA:396,0
DA:398,0
DA:399,0
DA:401,0
DA:402,0
DA:404,0
DA:407,1
DA:409,1
LF:91
LH:32
BRDA:27,0,0,0
BRDA:27,0,1,0
BRDA:30,1,0,0
BRDA:30,1,1,0
BRDA:33,2,0,0
BRDA:33,2,1,0
BRDA:36,3,0,0
BRDA:36,3,1,0
BRDA:39,4,0,0
BRDA:39,4,1,0
BRDA:130,5,0,0
BRDA:130,5,1,0
BRDA:176,6,0,0
BRDA:176,6,1,0
BRDA:176,6,2,0
BRDA:176,6,3,0
BRDA:176,6,4,0
BRDA:176,6,5,0
BRDA:176,6,6,0
BRDA:193,7,0,0
BRDA:193,7,1,0
BRDA:193,8,0,0
BRDA:193,8,1,0
BRDA:196,9,0,0
BRDA:196,9,1,0
BRDA:199,10,0,0
BRDA:199,10,1,0
BRDA:351,11,0,0
BRDA:351,11,1,0
BRDA:353,12,0,0
BRDA:353,12,1,0
BRDA:375,13,0,0
BRDA:375,13,1,0
BRDA:378,14,0,0
BRDA:378,14,1,0
BRDA:381,15,0,0
BRDA:381,15,1,0
BRDA:382,16,0,0
BRDA:382,16,1,0
BRDA:395,17,0,0
BRDA:395,17,1,0
BRDA:398,18,0,0
BRDA:398,18,1,0
BRDA:401,19,0,0
BRDA:401,19,1,0
BRDA:402,20,0,0
BRDA:402,20,1,0
BRF:47
BRH:0
end_of_record
TN:
SF:server\plugins\plugin_interface.js
FN:14,(anonymous_0)
FN:25,(anonymous_1)
FN:37,(anonymous_2)
FN:51,(anonymous_3)
FN:62,(anonymous_4)
FN:75,(anonymous_5)
FNF:6
FNH:6
FNDA:18,(anonymous_0)
FNDA:19,(anonymous_1)
FNDA:2,(anonymous_2)
FNDA:1,(anonymous_3)
FNDA:9,(anonymous_4)
FNDA:1,(anonymous_5)
DA:16,18
DA:17,18
DA:27,19
DA:39,2
DA:64,9
DA:77,1
DA:81,1
LF:7
LH:7
BRDA:14,0,0,5
BRF:1
BRH:1
end_of_record
TN:
SF:server\plugins\plugin_manager.js
FN:10,(anonymous_0)
FN:22,(anonymous_1)
FN:37,(anonymous_2)
FN:49,(anonymous_3)
FN:59,(anonymous_4)
FN:71,(anonymous_5)
FNF:6
FNH:2
FNDA:1,(anonymous_0)
FNDA:17,(anonymous_1)
FNDA:0,(anonymous_2)
FNDA:0,(anonymous_3)
FNDA:0,(anonymous_4)
FNDA:0,(anonymous_5)
DA:3,1
DA:12,1
DA:24,17
DA:25,17
DA:27,0
DA:39,0
DA:51,0
DA:61,0
DA:73,0
DA:74,0
DA:76,0
DA:80,1
LF:12
LH:5
BRDA:24,0,0,17
BRDA:24,0,1,0
BRDA:73,1,0,0
BRDA:73,1,1,0
BRF:4
BRH:1
end_of_record
TN:
SF:server\plugins\available_plugins\body_parser_plugin.js
FN:13,(anonymous_0)
FN:31,(anonymous_1)
FN:45,(anonymous_2)
FN:69,(anonymous_3)
FN:72,(anonymous_4)
FN:82,(anonymous_5)
FN:100,(anonymous_6)
FNF:7
FNH:2
FNDA:4,(anonymous_0)
FNDA:4,(anonymous_1)
FNDA:0,(anonymous_2)
FNDA:0,(anonymous_3)
FNDA:0,(anonymous_4)
FNDA:0,(anonymous_5)
FNDA:0,(anonymous_6)
DA:3,1
DA:4,1
DA:15,4
DA:17,4
DA:18,4
DA:19,4
DA:21,4
DA:33,4
DA:35,4
DA:47,0
DA:49,0
DA:51,0
DA:52,0
DA:55,0
DA:71,0
DA:74,0
DA:76,0
DA:77,0
DA:80,0
DA:82,0
DA:83,0
DA:86,0
DA:88,0
DA:94,0
DA:95,0
DA:97,0
DA:100,0
DA:101,0
DA:102,0
DA:104,0
DA:109,0
DA:113,1
LF:32
LH:10
BRDA:13,0,0,4
BRDA:31,1,0,0
BRDA:49,2,0,0
BRDA:49,2,1,0
BRDA:74,3,0,0
BRDA:74,3,1,0
BRDA:74,4,0,0
BRDA:74,4,1,0
BRDA:101,5,0,0
BRDA:101,5,1,0
BRDA:102,6,0,0
BRDA:102,6,1,0
BRDA:109,7,0,0
BRDA:109,7,1,0
BRF:14
BRH:1
end_of_record
TN:
SF:server\plugins\available_plugins\cors_plugin.js
FN:17,(anonymous_0)
FN:74,(anonymous_1)
FNF:2
FNH:0
FNDA:0,(anonymous_0)
FNDA:0,(anonymous_1)
DA:3,1
DA:19,0
DA:23,0
DA:27,0
DA:31,0
DA:35,0
DA:39,0
DA:43,0
DA:47,0
DA:48,0
DA:50,0
DA:51,0
DA:53,0
DA:54,0
DA:56,0
DA:57,0
DA:59,0
DA:61,0
DA:62,0
DA:63,0
DA:66,0
DA:76,0
DA:80,1
LF:23
LH:2
BRDA:19,0,0,0
BRDA:19,0,1,0
BRDA:23,1,0,0
BRDA:23,1,1,0
BRDA:27,2,0,0
BRDA:27,2,1,0
BRDA:31,3,0,0
BRDA:31,3,1,0
BRDA:35,4,0,0
BRDA:35,4,1,0
BRDA:39,5,0,0
BRDA:39,5,1,0
BRDA:43,6,0,0
BRDA:43,6,1,0
BRDA:50,7,0,0
BRDA:50,7,1,0
BRDA:53,8,0,0
BRDA:53,8,1,0
BRDA:56,9,0,0
BRDA:56,9,1,0
BRDA:59,10,0,0
BRDA:59,10,1,0
BRF:22
BRH:0
end_of_record
TN:
SF:server\plugins\available_plugins\data_server_plugin.js
FN:11,(anonymous_0)
FN:21,(anonymous_1)
FN:42,(anonymous_2)
FN:45,(anonymous_3)
FN:48,(anonymous_4)
FNF:5
FNH:1
FNDA:1,(anonymous_0)
FNDA:0,(anonymous_1)
FNDA:0,(anonymous_2)
FNDA:0,(anonymous_3)
FNDA:0,(anonymous_4)
DA:3,1
DA:4,1
DA:13,1
DA:23,0
DA:24,0
DA:26,0
DA:30,0
DA:44,0
DA:46,0
DA:48,0
DA:49,0
DA:52,0
DA:56,0
DA:60,1
LF:14
LH:4
BRDA:11,0,0,1
BRDA:23,1,0,0
BRDA:23,1,1,0
BRDA:26,2,0,0
BRDA:26,2,1,0
BRDA:30,3,0,0
BRDA:30,3,1,0
BRF:7
BRH:1
end_of_record
TN:
SF:server\plugins\available_plugins\env_plugin.js
FN:16,(anonymous_0)
FN:29,(anonymous_1)
FN:31,(anonymous_2)
FN:41,(anonymous_3)
FN:71,(anonymous_4)
FN:82,(anonymous_5)
FN:94,(anonymous_6)
FN:98,(anonymous_7)
FNF:8
FNH:1
FNDA:1,(anonymous_0)
FNDA:0,(anonymous_1)
FNDA:0,(anonymous_2)
FNDA:0,(anonymous_3)
FNDA:0,(anonymous_4)
FNDA:0,(anonymous_5)
FNDA:0,(anonymous_6)
FNDA:0,(anonymous_7)
DA:3,1
DA:4,1
DA:5,1
DA:7,1
DA:8,1
DA:9,1
DA:18,1
DA:20,1
DA:21,1
DA:31,0
DA:32,0
DA:43,0
DA:44,0
DA:45,0
DA:47,0
DA:49,0
DA:50,0
DA:52,0
DA:54,0
DA:55,0
DA:57,0
DA:59,0
DA:73,0
DA:74,0
DA:84,0
DA:96,0
DA:98,0
DA:99,0
DA:104,1
LF:29
LH:10
BRDA:45,0,0,0
BRDA:45,0,1,0
BRDA:84,1,0,0
BRDA:84,1,1,0
BRF:4
BRH:0
end_of_record
TN:
SF:server\plugins\available_plugins\file_stream_handler_plugin.js
FN:18,(anonymous_0)
FN:30,(anonymous_1)
FN:50,(anonymous_2)
FN:73,(anonymous_3)
FN:76,(anonymous_4)
FN:81,(anonymous_5)
FNF:6
FNH:0
FNDA:0,(anonymous_0)
FNDA:0,(anonymous_1)
FNDA:0,(anonymous_2)
FNDA:0,(anonymous_3)
FNDA:0,(anonymous_4)
FNDA:0,(anonymous_5)
DA:3,1
DA:4,1
DA:30,0
DA:32,0
DA:34,0
DA:35,0
DA:37,0
DA:50,0
DA:52,0
DA:54,0
DA:56,0
DA:60,0
DA:61,0
DA:63,0
DA:75,0
DA:77,0
DA:79,0
DA:81,0
DA:82,0
DA:83,0
DA:84,0
DA:87,0
DA:93,1
LF:23
LH:3
BRDA:30,0,0,0
BRDA:34,1,0,0
BRDA:34,1,1,0
BRDA:50,2,0,0
BRDA:50,3,0,0
BRDA:54,4,0,0
BRDA:54,4,1,0
BRDA:60,5,0,0
BRDA:60,5,1,0
BRF:9
BRH:0
end_of_record
TN:
SF:server\plugins\available_plugins\logger_plugin.js
FN:12,(anonymous_0)
FN:26,(anonymous_1)
FN:30,(anonymous_2)
FN:45,(anonymous_3)
FN:66,(anonymous_4)
FN:71,(anonymous_5)
FN:78,(anonymous_6)
FN:85,(anonymous_7)
FN:89,(anonymous_8)
FN:93,(anonymous_9)
FN:97,(anonymous_10)
FN:101,(anonymous_11)
FN:105,(anonymous_12)
FN:109,(anonymous_13)
FN:119,(anonymous_14)
FN:124,(anonymous_15)
FN:127,(anonymous_16)
FNF:17
FNH:1
FNDA:1,(anonymous_0)
FNDA:0,(anonymous_1)
FNDA:0,(anonymous_2)
FNDA:0,(anonymous_3)
FNDA:0,(anonymous_4)
FNDA:0,(anonymous_5)
FNDA:0,(anonymous_6)
FNDA:0,(anonymous_7)
FNDA:0,(anonymous_8)
FNDA:0,(anonymous_9)
FNDA:0,(anonymous_10)
FNDA:0,(anonymous_11)
FNDA:0,(anonymous_12)
FNDA:0,(anonymous_13)
FNDA:0,(anonymous_14)
FNDA:0,(anonymous_15)
FNDA:0,(anonymous_16)
DA:3,1
DA:4,1
DA:5,1
DA:14,1
DA:16,1
DA:28,0
DA:30,0
DA:31,0
DA:34,0
DA:47,0
DA:49,0
DA:54,0
DA:68,0
DA:69,0
DA:71,0
DA:72,0
DA:73,0
DA:75,0
DA:78,0
DA:79,0
DA:80,0
DA:82,0
DA:85,0
DA:86,0
DA:89,0
DA:90,0
DA:93,0
DA:94,0
DA:97,0
DA:98,0
DA:101,0
DA:102,0
DA:105,0
DA:106,0
DA:109,0
DA:110,0
DA:121,0
DA:123,0
DA:125,0
DA:127,0
DA:128,0
DA:129,0
DA:132,0
DA:133,0
DA:135,0
DA:137,0
DA:139,0
DA:143,0
DA:147,1
LF:49
LH:6
BRDA:12,0,0,1
BRDA:28,1,0,0
BRDA:28,1,1,0
BRDA:47,2,0,0
BRDA:47,2,1,0
BRDA:47,3,0,0
BRDA:47,3,1,0
BRDA:49,4,0,0
BRDA:49,4,1,0
BRDA:72,5,0,0
BRDA:72,5,1,0
BRDA:79,6,0,0
BRDA:79,6,1,0
BRDA:128,7,0,0
BRDA:128,7,1,0
BRF:15
BRH:1
end_of_record
TN:
SF:server\plugins\available_plugins\rate_limits_plugin.js
FN:77,(anonymous_0)
FN:87,(anonymous_1)
FN:113,(anonymous_2)
FN:148,(anonymous_3)
FN:162,(anonymous_4)
FN:203,(anonymous_5)
FN:225,(anonymous_6)
FN:253,(anonymous_7)
FN:268,(anonymous_8)
FN:284,(anonymous_9)
FN:287,(anonymous_10)
FN:301,(anonymous_11)
FN:316,(anonymous_12)
FN:395,(anonymous_13)
FN:429,(anonymous_14)
FNF:15
FNH:2
FNDA:1,(anonymous_0)
FNDA:1,(anonymous_1)
FNDA:0,(anonymous_2)
FNDA:0,(anonymous_3)
FNDA:0,(anonymous_4)
FNDA:0,(anonymous_5)
FNDA:0,(anonymous_6)
FNDA:0,(anonymous_7)
FNDA:0,(anonymous_8)
FNDA:0,(anonymous_9)
FNDA:0,(anonymous_10)
FNDA:0,(anonymous_11)
FNDA:0,(anonymous_12)
FNDA:0,(anonymous_13)
FNDA:0,(anonymous_14)
DA:3,1
DA:4,1
DA:5,1
DA:6,1
DA:7,1
DA:8,1
DA:15,1
DA:24,1
DA:37,1
DA:48,1
DA:50,1
DA:52,1
DA:53,1
DA:54,1
DA:55,1
DA:57,1
DA:58,1
DA:59,1
DA:79,1
DA:81,1
DA:89,1
DA:91,1
DA:95,1
DA:99,1
DA:103,1
DA:115,0
DA:117,0
DA:119,0
DA:121,0
DA:123,0
DA:125,0
DA:126,0
DA:128,0
DA:130,0
DA:132,0
DA:134,0
DA:138,0
DA:150,0
DA:152,0
DA:164,0
DA:173,0
DA:175,0
DA:180,0
DA:183,0
DA:184,0
DA:186,0
DA:187,0
DA:191,0
DA:205,0
DA:206,0
DA:207,0
DA:209,0
DA:211,0
DA:213,0
DA:227,0
DA:229,0
DA:231,0
DA:233,0
DA:234,0
DA:237,0
DA:255,0
DA:257,0
DA:263,0
DA:264,0
DA:266,0
DA:268,0
DA:269,0
DA:270,0
DA:272,0
DA:273,0
DA:275,0
DA:286,0
DA:288,0
DA:303,0
DA:305,0
DA:308,0
DA:309,0
DA:311,0
DA:312,0
DA:314,0
DA:316,0
DA:317,0
DA:318,0
DA:321,0
DA:322,0
DA:323,0
DA:325,0
DA:326,0
DA:327,0
DA:329,0
DA:331,0
DA:332,0
DA:333,0
DA:335,0
DA:337,0
DA:338,0
DA:340,0
DA:341,0
DA:343,0
DA:345,0
DA:348,0
DA:349,0
DA:351,0
DA:353,0
DA:354,0
DA:355,0
DA:356,0
DA:358,0
DA:361,0
DA:364,0
DA:366,0
DA:367,0
DA:370,0
DA:373,0
DA:374,0
DA:377,0
DA:379,0
DA:385,0
DA:387,0
DA:388,0
DA:389,0
DA:390,0
DA:391,0
DA:393,0
DA:395,0
DA:396,0
DA:398,0
DA:399,0
DA:400,0
DA:403,0
DA:405,0
DA:407,0
DA:408,0
DA:411,0
DA:412,0
DA:415,0
DA:418,0
DA:431,0
DA:432,0
DA:436,1
LF:140
LH:26
BRDA:77,0,0,1
BRDA:91,1,0,0
BRDA:91,1,1,1
BRDA:95,2,0,0
BRDA:95,2,1,1
BRDA:99,3,0,0
BRDA:99,3,1,1
BRDA:103,4,0,0
BRDA:103,4,1,1
BRDA:117,5,0,0
BRDA:117,5,1,0
BRDA:121,6,0,0
BRDA:121,6,1,0
BRDA:121,7,0,0
BRDA:121,7,1,0
BRDA:128,8,0,0
BRDA:128,8,1,0
BRDA:134,9,0,0
BRDA:134,9,1,0
BRDA:148,10,0,0
BRDA:164,11,0,0
BRDA:164,11,1,0
BRDA:165,12,0,0
BRDA:165,12,1,0
BRDA:165,12,2,0
BRDA:165,12,3,0
BRDA:165,12,4,0
BRDA:165,12,5,0
BRDA:165,12,6,0
BRDA:175,13,0,0
BRDA:175,13,1,0
BRDA:176,14,0,0
BRDA:176,14,1,0
BRDA:176,14,2,0
BRDA:183,15,0,0
BRDA:183,15,1,0
BRDA:186,16,0,0
BRDA:186,16,1,0
BRDA:229,17,0,0
BRDA:229,17,1,0
BRDA:231,18,0,0
BRDA:231,18,1,0
BRDA:255,19,0,0
BRDA:255,19,1,0
BRDA:303,20,0,0
BRDA:303,20,1,0
BRDA:308,21,0,0
BRDA:308,21,1,0
BRDA:311,22,0,0
BRDA:311,22,1,0
BRDA:335,23,0,0
BRDA:335,23,1,0
BRDA:335,24,0,0
BRDA:335,24,1,0
BRDA:343,25,0,0
BRDA:343,25,1,0
BRDA:351,26,0,0
BRDA:351,26,1,0
BRDA:358,27,0,0
BRDA:358,27,1,0
BRDA:358,27,2,0
BRDA:364,28,0,0
BRDA:364,28,1,0
BRDA:377,29,0,0
BRDA:377,29,1,0
BRDA:385,30,0,0
BRDA:385,30,1,0
BRDA:396,31,0,0
BRDA:396,31,1,0
BRDA:407,32,0,0
BRDA:407,32,1,0
BRF:71
BRH:5
end_of_record
TN:
SF:server\plugins\available_plugins\response_cache_plugin.js
FN:13,(anonymous_0)
FN:24,(anonymous_1)
FN:36,(anonymous_2)
FN:40,(anonymous_3)
FN:52,(anonymous_4)
FN:54,(anonymous_5)
FN:79,(anonymous_6)
FN:103,(anonymous_7)
FN:117,(anonymous_8)
FN:120,(anonymous_9)
FN:121,(anonymous_10)
FN:125,(anonymous_11)
FN:146,(anonymous_12)
FNF:13
FNH:1
FNDA:1,(anonymous_0)
FNDA:0,(anonymous_1)
FNDA:0,(anonymous_2)
FNDA:0,(anonymous_3)
FNDA:0,(anonymous_4)
FNDA:0,(anonymous_5)
FNDA:0,(anonymous_6)
FNDA:0,(anonymous_7)
FNDA:0,(anonymous_8)
FNDA:0,(anonymous_9)
FNDA:0,(anonymous_10)
FNDA:0,(anonymous_11)
FNDA:0,(anonymous_12)
DA:3,1
DA:6,1
DA:7,1
DA:15,1
DA:16,1
DA:26,0
DA:38,0
DA:40,0
DA:41,0
DA:54,0
DA:55,0
DA:56,0
DA:58,0
DA:60,0
DA:62,0
DA:63,0
DA:65,0
DA:81,0
DA:82,0
DA:84,0
DA:90,0
DA:91,0
DA:93,0
DA:105,0
DA:107,0
DA:119,0
DA:121,0
DA:122,0
DA:125,0
DA:126,0
DA:127,0
DA:128,0
DA:130,0
DA:132,0
DA:133,0
DA:137,0
DA:138,0
DA:140,0
DA:141,0
DA:143,0
DA:144,0
DA:146,0
DA:147,0
DA:149,0
DA:152,0
DA:153,0
DA:157,0
DA:161,0
DA:165,1
LF:49
LH:6
BRDA:13,0,0,1
BRDA:55,1,0,0
BRDA:55,1,1,0
BRDA:60,2,0,0
BRDA:60,2,1,0
BRDA:84,3,0,0
BRDA:84,3,1,0
BRDA:84,4,0,0
BRDA:84,4,1,0
BRDA:86,5,0,0
BRDA:86,5,1,0
BRDA:86,6,0,0
BRDA:86,6,1,0
BRDA:90,7,0,0
BRDA:90,7,1,0
BRDA:107,8,0,0
BRDA:107,8,1,0
BRDA:107,9,0,0
BRDA:107,9,1,0
BRDA:109,10,0,0
BRDA:109,10,1,0
BRDA:109,11,0,0
BRDA:109,11,1,0
BRDA:125,12,0,0
BRDA:130,13,0,0
BRDA:130,13,1,0
BRDA:140,14,0,0
BRDA:140,14,1,0
BRF:28
BRH:1
end_of_record
TN:
SF:server\plugins\available_plugins\security_plugin.js
FN:14,(anonymous_0)
FN:31,(anonymous_1)
FN:35,(anonymous_2)
FN:43,(anonymous_3)
FN:63,(anonymous_4)
FNF:5
FNH:1
FNDA:1,(anonymous_0)
FNDA:0,(anonymous_1)
FNDA:0,(anonymous_2)
FNDA:0,(anonymous_3)
FNDA:0,(anonymous_4)
DA:3,1
DA:4,1
DA:5,1
DA:6,1
DA:7,1
DA:16,1
DA:18,1
DA:23,1
DA:33,0
DA:35,0
DA:36,0
DA:43,0
DA:44,0
DA:46,0
DA:47,0
DA:49,0
DA:50,0
DA:51,0
DA:53,0
DA:54,0
DA:56,0
DA:60,0
DA:61,0
DA:63,0
DA:64,0
DA:67,0
DA:70,0
DA:74,1
LF:28
LH:9
BRDA:14,0,0,1
BRDA:16,1,0,1
BRDA:16,1,1,0
BRDA:37,2,0,0
BRDA:37,2,1,0
BRDA:38,3,0,0
BRDA:38,3,1,0
BRDA:39,4,0,0
BRDA:39,4,1,0
BRDA:40,5,0,0
BRDA:40,5,1,0
BRDA:46,6,0,0
BRDA:46,6,1,0
BRDA:53,7,0,0
BRDA:53,7,1,0
BRDA:60,8,0,0
BRDA:60,8,1,0
BRDA:60,9,0,0
BRDA:60,9,1,0
BRF:19
BRH:2
end_of_record
TN:
SF:server\plugins\available_plugins\session_plugin.js
FN:11,(anonymous_0)
FN:23,(anonymous_1)
FN:35,(anonymous_2)
FN:49,(anonymous_3)
FN:52,(anonymous_4)
FN:58,(anonymous_5)
FN:62,(anonymous_6)
FN:73,(anonymous_7)
FN:74,(anonymous_8)
FNF:9
FNH:1
FNDA:1,(anonymous_0)
FNDA:0,(anonymous_1)
FNDA:0,(anonymous_2)
FNDA:0,(anonymous_3)
FNDA:0,(anonymous_4)
FNDA:0,(anonymous_5)
FNDA:0,(anonymous_6)
FNDA:0,(anonymous_7)
FNDA:0,(anonymous_8)
DA:3,1
DA:4,1
DA:13,1
DA:15,1
DA:25,0
DA:37,0
DA:51,0
DA:54,0
DA:56,0
DA:58,0
DA:59,0
DA:62,0
DA:63,0
DA:64,0
DA:68,0
DA:72,0
DA:74,0
DA:75,0
DA:77,0
DA:78,0
DA:80,0
DA:83,0
DA:87,0
DA:91,1
LF:24
LH:5
BRDA:11,0,0,1
BRDA:54,1,0,0
BRDA:54,1,1,0
BRDA:54,2,0,0
BRDA:54,2,1,0
BRDA:63,3,0,0
BRDA:63,3,1,0
BRDA:77,4,0,0
BRDA:77,4,1,0
BRF:9
BRH:1
end_of_record
TN:
SF:server\plugins\available_plugins\static_resources_plugin.js
FN:24,(anonymous_0)
FN:34,(anonymous_1)
FN:39,(anonymous_2)
FNF:3
FNH:2
FNDA:1,(anonymous_0)
FNDA:1,(anonymous_1)
FNDA:0,(anonymous_2)
DA:3,1
DA:4,1
DA:5,1
DA:10,1
DA:11,1
DA:12,1
DA:26,1
DA:32,1
DA:34,1
DA:35,1
DA:37,1
DA:40,0
DA:42,0
DA:44,0
DA:45,0
DA:48,0
DA:49,0
DA:52,0
DA:53,0
DA:56,0
DA:59,0
DA:61,0
DA:65,0
DA:71,1
DA:75,1
LF:25
LH:13
BRDA:26,0,0,1
BRDA:26,0,1,0
BRDA:28,1,0,0
BRDA:28,1,1,0
BRDA:42,2,0,0
BRDA:42,2,1,0
BRDA:45,3,0,0
BRDA:45,3,1,0
BRDA:45,3,2,0
BRF:9
BRH:1
end_of_record
TN:
SF:server\plugins\available_plugins\templating_engine_plugin.js
FN:22,(anonymous_0)
FN:33,(anonymous_1)
FN:35,(anonymous_2)
FN:40,(anonymous_3)
FN:78,(anonymous_4)
FN:90,(anonymous_5)
FN:94,(anonymous_6)
FNF:7
FNH:0
FNDA:0,(anonymous_0)
FNDA:0,(anonymous_1)
FNDA:0,(anonymous_2)
FNDA:0,(anonymous_3)
FNDA:0,(anonymous_4)
FNDA:0,(anonymous_5)
FNDA:0,(anonymous_6)
DA:3,1
DA:4,1
DA:5,1
DA:6,1
DA:7,1
DA:8,1
DA:33,0
DA:35,0
DA:36,0
DA:40,0
DA:41,0
DA:43,0
DA:45,0
DA:47,0
DA:49,0
DA:50,0
DA:51,0
DA:55,0
DA:60,0
DA:65,0
DA:67,0
DA:80,0
DA:85,0
DA:89,0
DA:91,0
DA:92,0
DA:94,0
DA:95,0
DA:96,0
DA:99,0
DA:100,0
DA:104,0
DA:108,1
LF:33
LH:7
BRDA:33,0,0,0
BRDA:33,1,0,0
BRDA:36,2,0,0
BRDA:36,2,1,0
BRDA:36,3,0,0
BRDA:36,3,1,0
BRDA:41,4,0,0
BRDA:41,4,1,0
BRDA:41,5,0,0
BRDA:41,5,1,0
BRDA:41,5,2,0
BRDA:65,6,0,0
BRDA:65,6,1,0
BRDA:80,7,0,0
BRDA:80,7,1,0
BRDA:80,8,0,0
BRDA:80,8,1,0
BRDA:85,9,0,0
BRDA:85,9,1,0
BRF:19
BRH:0
end_of_record
TN:
SF:server\plugins\available_plugins\timeout_plugin.js
FN:10,(anonymous_0)
FN:23,(anonymous_1)
FN:33,(anonymous_2)
FN:46,(anonymous_3)
FN:48,(anonymous_4)
FN:63,(anonymous_5)
FN:65,(anonymous_6)
FN:84,(anonymous_7)
FN:86,(anonymous_8)
FN:91,(anonymous_9)
FN:95,(anonymous_10)
FN:108,(anonymous_11)
FN:111,(anonymous_12)
FNF:13
FNH:2
FNDA:1,(anonymous_0)
FNDA:1,(anonymous_1)
FNDA:0,(anonymous_2)
FNDA:0,(anonymous_3)
FNDA:0,(anonymous_4)
FNDA:0,(anonymous_5)
FNDA:0,(anonymous_6)
FNDA:0,(anonymous_7)
FNDA:0,(anonymous_8)
FNDA:0,(anonymous_9)
FNDA:0,(anonymous_10)
FNDA:0,(anonymous_11)
FNDA:0,(anonymous_12)
DA:3,1
DA:12,1
DA:14,1
DA:15,1
DA:17,1
DA:25,1
DA:27,1
DA:31,1
DA:34,0
DA:48,0
DA:49,0
DA:50,0
DA:65,0
DA:67,0
DA:69,0
DA:70,0
DA:73,0
DA:86,0
DA:88,0
DA:91,0
DA:92,0
DA:95,0
DA:96,0
DA:110,0
DA:112,0
DA:113,0
DA:114,0
DA:116,0
DA:120,0
DA:124,1
LF:30
LH:9
BRDA:10,0,0,1
BRDA:27,1,0,0
BRDA:27,1,1,1
BRDA:31,2,0,0
BRDA:31,2,1,1
BRDA:49,3,0,0
BRDA:49,3,1,0
BRDA:67,4,0,0
BRDA:67,4,1,0
BRDA:67,5,0,0
BRDA:67,5,1,0
BRF:11
BRH:3
end_of_record
TN:
SF:server\plugins\available_plugins\validation_plugin.js
FN:14,(anonymous_0)
FN:24,(anonymous_1)
FN:30,(anonymous_2)
FN:45,(anonymous_3)
FN:49,(anonymous_4)
FNF:5
FNH:2
FNDA:1,(anonymous_0)
FNDA:1,(anonymous_1)
FNDA:0,(anonymous_2)
FNDA:0,(anonymous_3)
FNDA:0,(anonymous_4)
DA:3,1
DA:16,1
DA:18,1
DA:26,1
DA:28,1
DA:31,0
DA:47,0
DA:49,0
DA:50,0
DA:52,0
DA:53,0
DA:55,0
DA:57,0
DA:58,0
DA:60,0
DA:63,0
DA:68,1
LF:17
LH:6
BRDA:14,0,0,1
BRDA:28,1,0,0
BRDA:28,1,1,1
BRDA:47,2,0,0
BRDA:47,2,1,0
BRDA:52,3,0,0
BRDA:52,3,1,0
BRDA:57,4,0,0
BRDA:57,4,1,0
BRF:9
BRH:2
end_of_record
